[0.014s] Invoking command in '/home/lin/auto-aim/build/rm_robot_description': CMAKE_PREFIX_PATH=/opt/ros/humble /usr/bin/cmake --build /home/lin/auto-aim/build/rm_robot_description -- -j8 -l8
[0.045s] Invoked command in '/home/lin/auto-aim/build/rm_robot_description' returned '0': CMAKE_PREFIX_PATH=/opt/ros/humble /usr/bin/cmake --build /home/lin/auto-aim/build/rm_robot_description -- -j8 -l8
[0.056s] Invoking command in '/home/lin/auto-aim/build/rm_robot_description': CMAKE_PREFIX_PATH=/opt/ros/humble /usr/bin/cmake --install /home/lin/auto-aim/build/rm_robot_description
[0.060s] -- Install configuration: ""
[0.061s] -- Execute custom install script
[0.061s] -- Up-to-date symlink: /home/lin/auto-aim/install/rm_robot_description/share/rm_robot_description/urdf/rm_gimbal.urdf.xacro
[0.061s] -- Up-to-date symlink: /home/lin/auto-aim/install/rm_robot_description/share/ament_index/resource_index/package_run_dependencies/rm_robot_description
[0.062s] -- Up-to-date symlink: /home/lin/auto-aim/install/rm_robot_description/share/ament_index/resource_index/parent_prefix_path/rm_robot_description
[0.062s] -- Up-to-date symlink: /home/lin/auto-aim/install/rm_robot_description/share/rm_robot_description/environment/ament_prefix_path.sh
[0.062s] -- Up-to-date symlink: /home/lin/auto-aim/install/rm_robot_description/share/rm_robot_description/environment/ament_prefix_path.dsv
[0.062s] -- Up-to-date symlink: /home/lin/auto-aim/install/rm_robot_description/share/rm_robot_description/environment/path.sh
[0.062s] -- Up-to-date symlink: /home/lin/auto-aim/install/rm_robot_description/share/rm_robot_description/environment/path.dsv
[0.062s] -- Up-to-date symlink: /home/lin/auto-aim/install/rm_robot_description/share/rm_robot_description/local_setup.bash
[0.062s] -- Up-to-date symlink: /home/lin/auto-aim/install/rm_robot_description/share/rm_robot_description/local_setup.sh
[0.062s] -- Up-to-date symlink: /home/lin/auto-aim/install/rm_robot_description/share/rm_robot_description/local_setup.zsh
[0.062s] -- Up-to-date symlink: /home/lin/auto-aim/install/rm_robot_description/share/rm_robot_description/local_setup.dsv
[0.062s] -- Symlinking: /home/lin/auto-aim/install/rm_robot_description/share/rm_robot_description/package.dsv
[0.073s] -- Up-to-date symlink: /home/lin/auto-aim/install/rm_robot_description/share/ament_index/resource_index/packages/rm_robot_description
[0.073s] -- Up-to-date symlink: /home/lin/auto-aim/install/rm_robot_description/share/rm_robot_description/cmake/rm_robot_descriptionConfig.cmake
[0.073s] -- Up-to-date symlink: /home/lin/auto-aim/install/rm_robot_description/share/rm_robot_description/cmake/rm_robot_descriptionConfig-version.cmake
[0.073s] -- Up-to-date symlink: /home/lin/auto-aim/install/rm_robot_description/share/rm_robot_description/package.xml
[0.075s] Invoked command in '/home/lin/auto-aim/build/rm_robot_description' returned '0': CMAKE_PREFIX_PATH=/opt/ros/humble /usr/bin/cmake --install /home/lin/auto-aim/build/rm_robot_description
