[35m[1mConsolidate compiler generated dependencies of target rm_interfaces__rosidl_generator_c[0m
[  1%] Built target rm_interfaces__cpp
[ 12%] Built target rm_interfaces__rosidl_generator_c
[ 12%] Built target ament_cmake_python_symlink_rm_interfaces
[35m[1mConsolidate compiler generated dependencies of target rm_interfaces__rosidl_typesupport_cpp[0m
[35m[1mConsolidate compiler generated dependencies of target rm_interfaces__rosidl_typesupport_fastrtps_cpp[0m
[35m[1mConsolidate compiler generated dependencies of target rm_interfaces__rosidl_typesupport_fastrtps_c[0m
[35m[1mConsolidate compiler generated dependencies of target rm_interfaces__rosidl_typesupport_c[0m
[35m[1mConsolidate compiler generated dependencies of target rm_interfaces__rosidl_typesupport_introspection_cpp[0m
[35m[1mConsolidate compiler generated dependencies of target rm_interfaces__rosidl_typesupport_introspection_c[0m
[ 24%] Built target rm_interfaces__rosidl_typesupport_cpp
[ 35%] Built target rm_interfaces__rosidl_typesupport_fastrtps_cpp
[ 46%] Built target rm_interfaces__rosidl_typesupport_fastrtps_c
[ 58%] Built target rm_interfaces__rosidl_typesupport_c
[ 69%] Built target rm_interfaces__rosidl_typesupport_introspection_cpp
[ 81%] Built target rm_interfaces__rosidl_typesupport_introspection_c
[ 81%] Built target rm_interfaces
[ 82%] Built target rm_interfaces__py
[35m[1mConsolidate compiler generated dependencies of target rm_interfaces__rosidl_generator_py[0m
[ 92%] Built target rm_interfaces__rosidl_generator_py
[35m[1mConsolidate compiler generated dependencies of target rm_interfaces__rosidl_typesupport_fastrtps_c__pyext[0m
[35m[1mConsolidate compiler generated dependencies of target rm_interfaces__rosidl_typesupport_introspection_c__pyext[0m
[35m[1mConsolidate compiler generated dependencies of target rm_interfaces__rosidl_typesupport_c__pyext[0m
[ 94%] Built target rm_interfaces__rosidl_typesupport_introspection_c__pyext
[ 97%] Built target rm_interfaces__rosidl_typesupport_c__pyext
[100%] Built target rm_interfaces__rosidl_typesupport_fastrtps_c__pyext
running egg_info
writing rm_interfaces.egg-info/PKG-INFO
writing dependency_links to rm_interfaces.egg-info/dependency_links.txt
writing top-level names to rm_interfaces.egg-info/top_level.txt
reading manifest file 'rm_interfaces.egg-info/SOURCES.txt'
writing manifest file 'rm_interfaces.egg-info/SOURCES.txt'
[100%] Built target ament_cmake_python_build_rm_interfaces_egg
-- Install configuration: ""
-- Execute custom install script
-- Up-to-date symlink: /home/lin/auto-aim/install/rm_interfaces/share/ament_index/resource_index/rosidl_interfaces/rm_interfaces
-- Up-to-date symlink: /home/lin/auto-aim/install/rm_interfaces/include/rm_interfaces/rm_interfaces/msg/armor.h
-- Up-to-date symlink: /home/lin/auto-aim/install/rm_interfaces/include/rm_interfaces/rm_interfaces/msg/armors.h
-- Up-to-date symlink: /home/lin/auto-aim/install/rm_interfaces/include/rm_interfaces/rm_interfaces/msg/detail/armor__functions.h
-- Up-to-date symlink: /home/lin/auto-aim/install/rm_interfaces/include/rm_interfaces/rm_interfaces/msg/detail/armor__struct.h
-- Up-to-date symlink: /home/lin/auto-aim/install/rm_interfaces/include/rm_interfaces/rm_interfaces/msg/detail/armor__type_support.h
-- Up-to-date symlink: /home/lin/auto-aim/install/rm_interfaces/include/rm_interfaces/rm_interfaces/msg/detail/armors__functions.h
-- Up-to-date symlink: /home/lin/auto-aim/install/rm_interfaces/include/rm_interfaces/rm_interfaces/msg/detail/armors__struct.h
-- Up-to-date symlink: /home/lin/auto-aim/install/rm_interfaces/include/rm_interfaces/rm_interfaces/msg/detail/armors__type_support.h
-- Up-to-date symlink: /home/lin/auto-aim/install/rm_interfaces/include/rm_interfaces/rm_interfaces/msg/detail/gimbal_cmd__functions.h
-- Up-to-date symlink: /home/lin/auto-aim/install/rm_interfaces/include/rm_interfaces/rm_interfaces/msg/detail/gimbal_cmd__struct.h
-- Up-to-date symlink: /home/lin/auto-aim/install/rm_interfaces/include/rm_interfaces/rm_interfaces/msg/detail/gimbal_cmd__type_support.h
-- Up-to-date symlink: /home/lin/auto-aim/install/rm_interfaces/include/rm_interfaces/rm_interfaces/msg/detail/measurement__functions.h
-- Up-to-date symlink: /home/lin/auto-aim/install/rm_interfaces/include/rm_interfaces/rm_interfaces/msg/detail/measurement__struct.h
-- Up-to-date symlink: /home/lin/auto-aim/install/rm_interfaces/include/rm_interfaces/rm_interfaces/msg/detail/measurement__type_support.h
-- Up-to-date symlink: /home/lin/auto-aim/install/rm_interfaces/include/rm_interfaces/rm_interfaces/msg/detail/serial_receive_data__functions.h
-- Up-to-date symlink: /home/lin/auto-aim/install/rm_interfaces/include/rm_interfaces/rm_interfaces/msg/detail/serial_receive_data__struct.h
-- Up-to-date symlink: /home/lin/auto-aim/install/rm_interfaces/include/rm_interfaces/rm_interfaces/msg/detail/serial_receive_data__type_support.h
-- Up-to-date symlink: /home/lin/auto-aim/install/rm_interfaces/include/rm_interfaces/rm_interfaces/msg/detail/target__functions.h
-- Up-to-date symlink: /home/lin/auto-aim/install/rm_interfaces/include/rm_interfaces/rm_interfaces/msg/detail/target__struct.h
-- Up-to-date symlink: /home/lin/auto-aim/install/rm_interfaces/include/rm_interfaces/rm_interfaces/msg/detail/target__type_support.h
-- Up-to-date symlink: /home/lin/auto-aim/install/rm_interfaces/include/rm_interfaces/rm_interfaces/msg/gimbal_cmd.h
-- Up-to-date symlink: /home/lin/auto-aim/install/rm_interfaces/include/rm_interfaces/rm_interfaces/msg/measurement.h
-- Up-to-date symlink: /home/lin/auto-aim/install/rm_interfaces/include/rm_interfaces/rm_interfaces/msg/rosidl_generator_c__visibility_control.h
-- Up-to-date symlink: /home/lin/auto-aim/install/rm_interfaces/include/rm_interfaces/rm_interfaces/msg/serial_receive_data.h
-- Up-to-date symlink: /home/lin/auto-aim/install/rm_interfaces/include/rm_interfaces/rm_interfaces/msg/target.h
-- Up-to-date symlink: /home/lin/auto-aim/install/rm_interfaces/include/rm_interfaces/rm_interfaces/srv/detail/set_mode__functions.h
-- Up-to-date symlink: /home/lin/auto-aim/install/rm_interfaces/include/rm_interfaces/rm_interfaces/srv/detail/set_mode__struct.h
-- Up-to-date symlink: /home/lin/auto-aim/install/rm_interfaces/include/rm_interfaces/rm_interfaces/srv/detail/set_mode__type_support.h
-- Up-to-date symlink: /home/lin/auto-aim/install/rm_interfaces/include/rm_interfaces/rm_interfaces/srv/set_mode.h
-- Up-to-date symlink: /home/lin/auto-aim/install/rm_interfaces/share/rm_interfaces/environment/library_path.sh
-- Up-to-date symlink: /home/lin/auto-aim/install/rm_interfaces/share/rm_interfaces/environment/library_path.dsv
-- Up-to-date symlink: /home/lin/auto-aim/install/rm_interfaces/include/rm_interfaces/rm_interfaces/msg/detail/armor__rosidl_typesupport_fastrtps_c.h
-- Up-to-date symlink: /home/lin/auto-aim/install/rm_interfaces/include/rm_interfaces/rm_interfaces/msg/detail/armors__rosidl_typesupport_fastrtps_c.h
-- Up-to-date symlink: /home/lin/auto-aim/install/rm_interfaces/include/rm_interfaces/rm_interfaces/msg/detail/gimbal_cmd__rosidl_typesupport_fastrtps_c.h
-- Up-to-date symlink: /home/lin/auto-aim/install/rm_interfaces/include/rm_interfaces/rm_interfaces/msg/detail/measurement__rosidl_typesupport_fastrtps_c.h
-- Up-to-date symlink: /home/lin/auto-aim/install/rm_interfaces/include/rm_interfaces/rm_interfaces/msg/detail/serial_receive_data__rosidl_typesupport_fastrtps_c.h
-- Up-to-date symlink: /home/lin/auto-aim/install/rm_interfaces/include/rm_interfaces/rm_interfaces/msg/detail/target__rosidl_typesupport_fastrtps_c.h
-- Up-to-date symlink: /home/lin/auto-aim/install/rm_interfaces/include/rm_interfaces/rm_interfaces/msg/rosidl_typesupport_fastrtps_c__visibility_control.h
-- Up-to-date symlink: /home/lin/auto-aim/install/rm_interfaces/include/rm_interfaces/rm_interfaces/srv/detail/set_mode__rosidl_typesupport_fastrtps_c.h
-- Up-to-date symlink: /home/lin/auto-aim/install/rm_interfaces/include/rm_interfaces/rm_interfaces/msg/detail/armor__rosidl_typesupport_introspection_c.h
-- Up-to-date symlink: /home/lin/auto-aim/install/rm_interfaces/include/rm_interfaces/rm_interfaces/msg/detail/armors__rosidl_typesupport_introspection_c.h
-- Up-to-date symlink: /home/lin/auto-aim/install/rm_interfaces/include/rm_interfaces/rm_interfaces/msg/detail/gimbal_cmd__rosidl_typesupport_introspection_c.h
-- Up-to-date symlink: /home/lin/auto-aim/install/rm_interfaces/include/rm_interfaces/rm_interfaces/msg/detail/measurement__rosidl_typesupport_introspection_c.h
-- Up-to-date symlink: /home/lin/auto-aim/install/rm_interfaces/include/rm_interfaces/rm_interfaces/msg/detail/serial_receive_data__rosidl_typesupport_introspection_c.h
-- Up-to-date symlink: /home/lin/auto-aim/install/rm_interfaces/include/rm_interfaces/rm_interfaces/msg/detail/target__rosidl_typesupport_introspection_c.h
-- Up-to-date symlink: /home/lin/auto-aim/install/rm_interfaces/include/rm_interfaces/rm_interfaces/msg/rosidl_typesupport_introspection_c__visibility_control.h
-- Up-to-date symlink: /home/lin/auto-aim/install/rm_interfaces/include/rm_interfaces/rm_interfaces/srv/detail/set_mode__rosidl_typesupport_introspection_c.h
-- Up-to-date symlink: /home/lin/auto-aim/install/rm_interfaces/include/rm_interfaces/rm_interfaces/msg/armor.hpp
-- Up-to-date symlink: /home/lin/auto-aim/install/rm_interfaces/include/rm_interfaces/rm_interfaces/msg/armors.hpp
-- Up-to-date symlink: /home/lin/auto-aim/install/rm_interfaces/include/rm_interfaces/rm_interfaces/msg/detail/armor__builder.hpp
-- Up-to-date symlink: /home/lin/auto-aim/install/rm_interfaces/include/rm_interfaces/rm_interfaces/msg/detail/armor__struct.hpp
-- Up-to-date symlink: /home/lin/auto-aim/install/rm_interfaces/include/rm_interfaces/rm_interfaces/msg/detail/armor__traits.hpp
-- Up-to-date symlink: /home/lin/auto-aim/install/rm_interfaces/include/rm_interfaces/rm_interfaces/msg/detail/armor__type_support.hpp
-- Up-to-date symlink: /home/lin/auto-aim/install/rm_interfaces/include/rm_interfaces/rm_interfaces/msg/detail/armors__builder.hpp
-- Up-to-date symlink: /home/lin/auto-aim/install/rm_interfaces/include/rm_interfaces/rm_interfaces/msg/detail/armors__struct.hpp
-- Up-to-date symlink: /home/lin/auto-aim/install/rm_interfaces/include/rm_interfaces/rm_interfaces/msg/detail/armors__traits.hpp
-- Up-to-date symlink: /home/lin/auto-aim/install/rm_interfaces/include/rm_interfaces/rm_interfaces/msg/detail/armors__type_support.hpp
-- Up-to-date symlink: /home/lin/auto-aim/install/rm_interfaces/include/rm_interfaces/rm_interfaces/msg/detail/gimbal_cmd__builder.hpp
-- Up-to-date symlink: /home/lin/auto-aim/install/rm_interfaces/include/rm_interfaces/rm_interfaces/msg/detail/gimbal_cmd__struct.hpp
-- Up-to-date symlink: /home/lin/auto-aim/install/rm_interfaces/include/rm_interfaces/rm_interfaces/msg/detail/gimbal_cmd__traits.hpp
-- Up-to-date symlink: /home/lin/auto-aim/install/rm_interfaces/include/rm_interfaces/rm_interfaces/msg/detail/gimbal_cmd__type_support.hpp
-- Up-to-date symlink: /home/lin/auto-aim/install/rm_interfaces/include/rm_interfaces/rm_interfaces/msg/detail/measurement__builder.hpp
-- Up-to-date symlink: /home/lin/auto-aim/install/rm_interfaces/include/rm_interfaces/rm_interfaces/msg/detail/measurement__struct.hpp
-- Up-to-date symlink: /home/lin/auto-aim/install/rm_interfaces/include/rm_interfaces/rm_interfaces/msg/detail/measurement__traits.hpp
-- Up-to-date symlink: /home/lin/auto-aim/install/rm_interfaces/include/rm_interfaces/rm_interfaces/msg/detail/measurement__type_support.hpp
-- Up-to-date symlink: /home/lin/auto-aim/install/rm_interfaces/include/rm_interfaces/rm_interfaces/msg/detail/serial_receive_data__builder.hpp
-- Up-to-date symlink: /home/lin/auto-aim/install/rm_interfaces/include/rm_interfaces/rm_interfaces/msg/detail/serial_receive_data__struct.hpp
-- Up-to-date symlink: /home/lin/auto-aim/install/rm_interfaces/include/rm_interfaces/rm_interfaces/msg/detail/serial_receive_data__traits.hpp
-- Up-to-date symlink: /home/lin/auto-aim/install/rm_interfaces/include/rm_interfaces/rm_interfaces/msg/detail/serial_receive_data__type_support.hpp
-- Up-to-date symlink: /home/lin/auto-aim/install/rm_interfaces/include/rm_interfaces/rm_interfaces/msg/detail/target__builder.hpp
-- Up-to-date symlink: /home/lin/auto-aim/install/rm_interfaces/include/rm_interfaces/rm_interfaces/msg/detail/target__struct.hpp
-- Up-to-date symlink: /home/lin/auto-aim/install/rm_interfaces/include/rm_interfaces/rm_interfaces/msg/detail/target__traits.hpp
-- Up-to-date symlink: /home/lin/auto-aim/install/rm_interfaces/include/rm_interfaces/rm_interfaces/msg/detail/target__type_support.hpp
-- Up-to-date symlink: /home/lin/auto-aim/install/rm_interfaces/include/rm_interfaces/rm_interfaces/msg/gimbal_cmd.hpp
-- Up-to-date symlink: /home/lin/auto-aim/install/rm_interfaces/include/rm_interfaces/rm_interfaces/msg/measurement.hpp
-- Up-to-date symlink: /home/lin/auto-aim/install/rm_interfaces/include/rm_interfaces/rm_interfaces/msg/rosidl_generator_cpp__visibility_control.hpp
-- Up-to-date symlink: /home/lin/auto-aim/install/rm_interfaces/include/rm_interfaces/rm_interfaces/msg/serial_receive_data.hpp
-- Up-to-date symlink: /home/lin/auto-aim/install/rm_interfaces/include/rm_interfaces/rm_interfaces/msg/target.hpp
-- Up-to-date symlink: /home/lin/auto-aim/install/rm_interfaces/include/rm_interfaces/rm_interfaces/srv/detail/set_mode__builder.hpp
-- Up-to-date symlink: /home/lin/auto-aim/install/rm_interfaces/include/rm_interfaces/rm_interfaces/srv/detail/set_mode__struct.hpp
-- Up-to-date symlink: /home/lin/auto-aim/install/rm_interfaces/include/rm_interfaces/rm_interfaces/srv/detail/set_mode__traits.hpp
-- Up-to-date symlink: /home/lin/auto-aim/install/rm_interfaces/include/rm_interfaces/rm_interfaces/srv/detail/set_mode__type_support.hpp
-- Up-to-date symlink: /home/lin/auto-aim/install/rm_interfaces/include/rm_interfaces/rm_interfaces/srv/set_mode.hpp
-- Up-to-date symlink: /home/lin/auto-aim/install/rm_interfaces/include/rm_interfaces/rm_interfaces/msg/detail/armor__rosidl_typesupport_fastrtps_cpp.hpp
-- Up-to-date symlink: /home/lin/auto-aim/install/rm_interfaces/include/rm_interfaces/rm_interfaces/msg/detail/armors__rosidl_typesupport_fastrtps_cpp.hpp
-- Up-to-date symlink: /home/lin/auto-aim/install/rm_interfaces/include/rm_interfaces/rm_interfaces/msg/detail/gimbal_cmd__rosidl_typesupport_fastrtps_cpp.hpp
-- Up-to-date symlink: /home/lin/auto-aim/install/rm_interfaces/include/rm_interfaces/rm_interfaces/msg/detail/measurement__rosidl_typesupport_fastrtps_cpp.hpp
-- Up-to-date symlink: /home/lin/auto-aim/install/rm_interfaces/include/rm_interfaces/rm_interfaces/msg/detail/serial_receive_data__rosidl_typesupport_fastrtps_cpp.hpp
-- Up-to-date symlink: /home/lin/auto-aim/install/rm_interfaces/include/rm_interfaces/rm_interfaces/msg/detail/target__rosidl_typesupport_fastrtps_cpp.hpp
-- Up-to-date symlink: /home/lin/auto-aim/install/rm_interfaces/include/rm_interfaces/rm_interfaces/msg/rosidl_typesupport_fastrtps_cpp__visibility_control.h
-- Up-to-date symlink: /home/lin/auto-aim/install/rm_interfaces/include/rm_interfaces/rm_interfaces/srv/detail/set_mode__rosidl_typesupport_fastrtps_cpp.hpp
-- Up-to-date symlink: /home/lin/auto-aim/install/rm_interfaces/include/rm_interfaces/rm_interfaces/msg/detail/armor__rosidl_typesupport_introspection_cpp.hpp
-- Up-to-date symlink: /home/lin/auto-aim/install/rm_interfaces/include/rm_interfaces/rm_interfaces/msg/detail/armors__rosidl_typesupport_introspection_cpp.hpp
-- Up-to-date symlink: /home/lin/auto-aim/install/rm_interfaces/include/rm_interfaces/rm_interfaces/msg/detail/gimbal_cmd__rosidl_typesupport_introspection_cpp.hpp
-- Up-to-date symlink: /home/lin/auto-aim/install/rm_interfaces/include/rm_interfaces/rm_interfaces/msg/detail/measurement__rosidl_typesupport_introspection_cpp.hpp
-- Up-to-date symlink: /home/lin/auto-aim/install/rm_interfaces/include/rm_interfaces/rm_interfaces/msg/detail/serial_receive_data__rosidl_typesupport_introspection_cpp.hpp
-- Up-to-date symlink: /home/lin/auto-aim/install/rm_interfaces/include/rm_interfaces/rm_interfaces/msg/detail/target__rosidl_typesupport_introspection_cpp.hpp
-- Up-to-date symlink: /home/lin/auto-aim/install/rm_interfaces/include/rm_interfaces/rm_interfaces/srv/detail/set_mode__rosidl_typesupport_introspection_cpp.hpp
-- Up-to-date symlink: /home/lin/auto-aim/install/rm_interfaces/share/rm_interfaces/environment/pythonpath.sh
-- Up-to-date symlink: /home/lin/auto-aim/install/rm_interfaces/share/rm_interfaces/environment/pythonpath.dsv
-- Up-to-date symlink: /home/lin/auto-aim/install/rm_interfaces/local/lib/python3.10/dist-packages/rm_interfaces-1.0.0-py3.10.egg-info/PKG-INFO
-- Up-to-date symlink: /home/lin/auto-aim/install/rm_interfaces/local/lib/python3.10/dist-packages/rm_interfaces-1.0.0-py3.10.egg-info/SOURCES.txt
-- Up-to-date symlink: /home/lin/auto-aim/install/rm_interfaces/local/lib/python3.10/dist-packages/rm_interfaces-1.0.0-py3.10.egg-info/dependency_links.txt
-- Up-to-date symlink: /home/lin/auto-aim/install/rm_interfaces/local/lib/python3.10/dist-packages/rm_interfaces-1.0.0-py3.10.egg-info/top_level.txt
-- Up-to-date symlink: /home/lin/auto-aim/install/rm_interfaces/local/lib/python3.10/dist-packages/rm_interfaces/__init__.py
-- Up-to-date symlink: /home/lin/auto-aim/install/rm_interfaces/local/lib/python3.10/dist-packages/rm_interfaces/_rm_interfaces_s.ep.rosidl_typesupport_c.c
-- Up-to-date symlink: /home/lin/auto-aim/install/rm_interfaces/local/lib/python3.10/dist-packages/rm_interfaces/_rm_interfaces_s.ep.rosidl_typesupport_fastrtps_c.c
-- Up-to-date symlink: /home/lin/auto-aim/install/rm_interfaces/local/lib/python3.10/dist-packages/rm_interfaces/_rm_interfaces_s.ep.rosidl_typesupport_introspection_c.c
-- Up-to-date symlink: /home/lin/auto-aim/install/rm_interfaces/local/lib/python3.10/dist-packages/rm_interfaces/librm_interfaces__rosidl_generator_py.so
-- Up-to-date symlink: /home/lin/auto-aim/install/rm_interfaces/local/lib/python3.10/dist-packages/rm_interfaces/msg/__init__.py
-- Up-to-date symlink: /home/lin/auto-aim/install/rm_interfaces/local/lib/python3.10/dist-packages/rm_interfaces/msg/_armor.py
-- Up-to-date symlink: /home/lin/auto-aim/install/rm_interfaces/local/lib/python3.10/dist-packages/rm_interfaces/msg/_armor_s.c
-- Up-to-date symlink: /home/lin/auto-aim/install/rm_interfaces/local/lib/python3.10/dist-packages/rm_interfaces/msg/_armors.py
-- Up-to-date symlink: /home/lin/auto-aim/install/rm_interfaces/local/lib/python3.10/dist-packages/rm_interfaces/msg/_armors_s.c
-- Up-to-date symlink: /home/lin/auto-aim/install/rm_interfaces/local/lib/python3.10/dist-packages/rm_interfaces/msg/_gimbal_cmd.py
-- Up-to-date symlink: /home/lin/auto-aim/install/rm_interfaces/local/lib/python3.10/dist-packages/rm_interfaces/msg/_gimbal_cmd_s.c
-- Up-to-date symlink: /home/lin/auto-aim/install/rm_interfaces/local/lib/python3.10/dist-packages/rm_interfaces/msg/_measurement.py
-- Up-to-date symlink: /home/lin/auto-aim/install/rm_interfaces/local/lib/python3.10/dist-packages/rm_interfaces/msg/_measurement_s.c
-- Up-to-date symlink: /home/lin/auto-aim/install/rm_interfaces/local/lib/python3.10/dist-packages/rm_interfaces/msg/_serial_receive_data.py
-- Up-to-date symlink: /home/lin/auto-aim/install/rm_interfaces/local/lib/python3.10/dist-packages/rm_interfaces/msg/_serial_receive_data_s.c
-- Up-to-date symlink: /home/lin/auto-aim/install/rm_interfaces/local/lib/python3.10/dist-packages/rm_interfaces/msg/_target.py
-- Up-to-date symlink: /home/lin/auto-aim/install/rm_interfaces/local/lib/python3.10/dist-packages/rm_interfaces/msg/_target_s.c
-- Up-to-date symlink: /home/lin/auto-aim/install/rm_interfaces/local/lib/python3.10/dist-packages/rm_interfaces/rm_interfaces_s__rosidl_typesupport_c.cpython-310-x86_64-linux-gnu.so
-- Up-to-date symlink: /home/lin/auto-aim/install/rm_interfaces/local/lib/python3.10/dist-packages/rm_interfaces/rm_interfaces_s__rosidl_typesupport_fastrtps_c.cpython-310-x86_64-linux-gnu.so
-- Up-to-date symlink: /home/lin/auto-aim/install/rm_interfaces/local/lib/python3.10/dist-packages/rm_interfaces/rm_interfaces_s__rosidl_typesupport_introspection_c.cpython-310-x86_64-linux-gnu.so
-- Up-to-date symlink: /home/lin/auto-aim/install/rm_interfaces/local/lib/python3.10/dist-packages/rm_interfaces/srv/__init__.py
-- Up-to-date symlink: /home/lin/auto-aim/install/rm_interfaces/local/lib/python3.10/dist-packages/rm_interfaces/srv/_set_mode.py
-- Up-to-date symlink: /home/lin/auto-aim/install/rm_interfaces/local/lib/python3.10/dist-packages/rm_interfaces/srv/_set_mode_s.c
-- Up-to-date symlink: /home/lin/auto-aim/install/rm_interfaces/local/lib/python3.10/dist-packages/rm_interfaces/rm_interfaces_s__rosidl_typesupport_fastrtps_c.cpython-310-x86_64-linux-gnu.so
-- Up-to-date symlink: /home/lin/auto-aim/install/rm_interfaces/local/lib/python3.10/dist-packages/rm_interfaces/rm_interfaces_s__rosidl_typesupport_introspection_c.cpython-310-x86_64-linux-gnu.so
-- Up-to-date symlink: /home/lin/auto-aim/install/rm_interfaces/local/lib/python3.10/dist-packages/rm_interfaces/rm_interfaces_s__rosidl_typesupport_c.cpython-310-x86_64-linux-gnu.so
-- Up-to-date symlink: /home/lin/auto-aim/install/rm_interfaces/share/rm_interfaces/msg/Armor.idl
-- Up-to-date symlink: /home/lin/auto-aim/install/rm_interfaces/share/rm_interfaces/msg/Armors.idl
-- Up-to-date symlink: /home/lin/auto-aim/install/rm_interfaces/share/rm_interfaces/msg/Target.idl
-- Up-to-date symlink: /home/lin/auto-aim/install/rm_interfaces/share/rm_interfaces/msg/Measurement.idl
-- Up-to-date symlink: /home/lin/auto-aim/install/rm_interfaces/share/rm_interfaces/msg/GimbalCmd.idl
-- Up-to-date symlink: /home/lin/auto-aim/install/rm_interfaces/share/rm_interfaces/msg/SerialReceiveData.idl
-- Up-to-date symlink: /home/lin/auto-aim/install/rm_interfaces/share/rm_interfaces/srv/SetMode.idl
-- Up-to-date symlink: /home/lin/auto-aim/install/rm_interfaces/share/rm_interfaces/msg/Armor.msg
-- Up-to-date symlink: /home/lin/auto-aim/install/rm_interfaces/share/rm_interfaces/msg/Armors.msg
-- Up-to-date symlink: /home/lin/auto-aim/install/rm_interfaces/share/rm_interfaces/msg/Target.msg
-- Up-to-date symlink: /home/lin/auto-aim/install/rm_interfaces/share/rm_interfaces/msg/Measurement.msg
-- Up-to-date symlink: /home/lin/auto-aim/install/rm_interfaces/share/rm_interfaces/msg/GimbalCmd.msg
-- Up-to-date symlink: /home/lin/auto-aim/install/rm_interfaces/share/rm_interfaces/msg/SerialReceiveData.msg
-- Up-to-date symlink: /home/lin/auto-aim/install/rm_interfaces/share/rm_interfaces/srv/SetMode.srv
-- Up-to-date symlink: /home/lin/auto-aim/install/rm_interfaces/share/rm_interfaces/srv/SetMode_Request.msg
-- Up-to-date symlink: /home/lin/auto-aim/install/rm_interfaces/share/rm_interfaces/srv/SetMode_Response.msg
-- Up-to-date symlink: /home/lin/auto-aim/install/rm_interfaces/share/ament_index/resource_index/package_run_dependencies/rm_interfaces
-- Up-to-date symlink: /home/lin/auto-aim/install/rm_interfaces/share/ament_index/resource_index/parent_prefix_path/rm_interfaces
-- Up-to-date symlink: /home/lin/auto-aim/install/rm_interfaces/share/rm_interfaces/environment/ament_prefix_path.sh
-- Up-to-date symlink: /home/lin/auto-aim/install/rm_interfaces/share/rm_interfaces/environment/ament_prefix_path.dsv
-- Up-to-date symlink: /home/lin/auto-aim/install/rm_interfaces/share/rm_interfaces/environment/path.sh
-- Up-to-date symlink: /home/lin/auto-aim/install/rm_interfaces/share/rm_interfaces/environment/path.dsv
-- Up-to-date symlink: /home/lin/auto-aim/install/rm_interfaces/share/rm_interfaces/local_setup.bash
-- Up-to-date symlink: /home/lin/auto-aim/install/rm_interfaces/share/rm_interfaces/local_setup.sh
-- Up-to-date symlink: /home/lin/auto-aim/install/rm_interfaces/share/rm_interfaces/local_setup.zsh
-- Up-to-date symlink: /home/lin/auto-aim/install/rm_interfaces/share/rm_interfaces/local_setup.dsv
-- Symlinking: /home/lin/auto-aim/install/rm_interfaces/share/rm_interfaces/package.dsv
-- Up-to-date symlink: /home/lin/auto-aim/install/rm_interfaces/share/ament_index/resource_index/packages/rm_interfaces
-- Up-to-date symlink: /home/lin/auto-aim/install/rm_interfaces/share/rm_interfaces/cmake/rosidl_cmake-extras.cmake
-- Up-to-date symlink: /home/lin/auto-aim/install/rm_interfaces/share/rm_interfaces/cmake/ament_cmake_export_dependencies-extras.cmake
-- Up-to-date symlink: /home/lin/auto-aim/install/rm_interfaces/share/rm_interfaces/cmake/ament_cmake_export_include_directories-extras.cmake
-- Up-to-date symlink: /home/lin/auto-aim/install/rm_interfaces/share/rm_interfaces/cmake/ament_cmake_export_libraries-extras.cmake
-- Up-to-date symlink: /home/lin/auto-aim/install/rm_interfaces/share/rm_interfaces/cmake/ament_cmake_export_targets-extras.cmake
-- Up-to-date symlink: /home/lin/auto-aim/install/rm_interfaces/share/rm_interfaces/cmake/rosidl_cmake_export_typesupport_targets-extras.cmake
-- Up-to-date symlink: /home/lin/auto-aim/install/rm_interfaces/share/rm_interfaces/cmake/rosidl_cmake_export_typesupport_libraries-extras.cmake
-- Up-to-date symlink: /home/lin/auto-aim/install/rm_interfaces/share/rm_interfaces/cmake/rm_interfacesConfig.cmake
-- Up-to-date symlink: /home/lin/auto-aim/install/rm_interfaces/share/rm_interfaces/cmake/rm_interfacesConfig-version.cmake
-- Up-to-date symlink: /home/lin/auto-aim/install/rm_interfaces/share/rm_interfaces/package.xml
-- Up-to-date: /home/lin/auto-aim/install/rm_interfaces/lib/librm_interfaces__rosidl_generator_c.so
-- Up-to-date: /home/lin/auto-aim/install/rm_interfaces/lib/librm_interfaces__rosidl_typesupport_fastrtps_c.so
-- Up-to-date: /home/lin/auto-aim/install/rm_interfaces/lib/librm_interfaces__rosidl_typesupport_introspection_c.so
-- Up-to-date: /home/lin/auto-aim/install/rm_interfaces/lib/librm_interfaces__rosidl_typesupport_c.so
-- Up-to-date: /home/lin/auto-aim/install/rm_interfaces/lib/librm_interfaces__rosidl_typesupport_fastrtps_cpp.so
-- Up-to-date: /home/lin/auto-aim/install/rm_interfaces/lib/librm_interfaces__rosidl_typesupport_introspection_cpp.so
-- Up-to-date: /home/lin/auto-aim/install/rm_interfaces/lib/librm_interfaces__rosidl_typesupport_cpp.so
Listing '/home/lin/auto-aim/install/rm_interfaces/local/lib/python3.10/dist-packages/rm_interfaces'...
Listing '/home/lin/auto-aim/install/rm_interfaces/local/lib/python3.10/dist-packages/rm_interfaces/msg'...
Listing '/home/lin/auto-aim/install/rm_interfaces/local/lib/python3.10/dist-packages/rm_interfaces/srv'...
-- Up-to-date: /home/lin/auto-aim/install/rm_interfaces/lib/librm_interfaces__rosidl_generator_py.so
-- Up-to-date: /home/lin/auto-aim/install/rm_interfaces/share/rm_interfaces/cmake/export_rm_interfaces__rosidl_generator_cExport.cmake
-- Up-to-date: /home/lin/auto-aim/install/rm_interfaces/share/rm_interfaces/cmake/export_rm_interfaces__rosidl_generator_cExport-noconfig.cmake
-- Up-to-date: /home/lin/auto-aim/install/rm_interfaces/share/rm_interfaces/cmake/export_rm_interfaces__rosidl_typesupport_fastrtps_cExport.cmake
-- Up-to-date: /home/lin/auto-aim/install/rm_interfaces/share/rm_interfaces/cmake/export_rm_interfaces__rosidl_typesupport_fastrtps_cExport-noconfig.cmake
-- Up-to-date: /home/lin/auto-aim/install/rm_interfaces/share/rm_interfaces/cmake/rm_interfaces__rosidl_typesupport_introspection_cExport.cmake
-- Up-to-date: /home/lin/auto-aim/install/rm_interfaces/share/rm_interfaces/cmake/rm_interfaces__rosidl_typesupport_introspection_cExport-noconfig.cmake
-- Up-to-date: /home/lin/auto-aim/install/rm_interfaces/share/rm_interfaces/cmake/rm_interfaces__rosidl_typesupport_cExport.cmake
-- Up-to-date: /home/lin/auto-aim/install/rm_interfaces/share/rm_interfaces/cmake/rm_interfaces__rosidl_typesupport_cExport-noconfig.cmake
-- Up-to-date: /home/lin/auto-aim/install/rm_interfaces/share/rm_interfaces/cmake/export_rm_interfaces__rosidl_generator_cppExport.cmake
-- Up-to-date: /home/lin/auto-aim/install/rm_interfaces/share/rm_interfaces/cmake/export_rm_interfaces__rosidl_typesupport_fastrtps_cppExport.cmake
-- Up-to-date: /home/lin/auto-aim/install/rm_interfaces/share/rm_interfaces/cmake/export_rm_interfaces__rosidl_typesupport_fastrtps_cppExport-noconfig.cmake
-- Up-to-date: /home/lin/auto-aim/install/rm_interfaces/share/rm_interfaces/cmake/rm_interfaces__rosidl_typesupport_introspection_cppExport.cmake
-- Up-to-date: /home/lin/auto-aim/install/rm_interfaces/share/rm_interfaces/cmake/rm_interfaces__rosidl_typesupport_introspection_cppExport-noconfig.cmake
-- Up-to-date: /home/lin/auto-aim/install/rm_interfaces/share/rm_interfaces/cmake/rm_interfaces__rosidl_typesupport_cppExport.cmake
-- Up-to-date: /home/lin/auto-aim/install/rm_interfaces/share/rm_interfaces/cmake/rm_interfaces__rosidl_typesupport_cppExport-noconfig.cmake
-- Up-to-date: /home/lin/auto-aim/install/rm_interfaces/share/rm_interfaces/cmake/export_rm_interfaces__rosidl_generator_pyExport.cmake
-- Up-to-date: /home/lin/auto-aim/install/rm_interfaces/share/rm_interfaces/cmake/export_rm_interfaces__rosidl_generator_pyExport-noconfig.cmake
