[0.014s] Invoking command in '/home/lin/auto-aim/build/rm_interfaces': CMAKE_PREFIX_PATH=/opt/ros/humble /usr/bin/cmake --build /home/lin/auto-aim/build/rm_interfaces -- -j8 -l8
[0.058s] [35m[1mConsolidate compiler generated dependencies of target rm_interfaces__rosidl_generator_c[0m
[0.067s] [  1%] Built target rm_interfaces__cpp
[0.069s] [ 12%] Built target rm_interfaces__rosidl_generator_c
[0.073s] [ 12%] Built target ament_cmake_python_symlink_rm_interfaces
[0.078s] [35m[1mConsolidate compiler generated dependencies of target rm_interfaces__rosidl_typesupport_cpp[0m
[0.079s] [35m[1mConsolidate compiler generated dependencies of target rm_interfaces__rosidl_typesupport_fastrtps_cpp[0m
[0.084s] [35m[1mConsolidate compiler generated dependencies of target rm_interfaces__rosidl_typesupport_fastrtps_c[0m
[0.088s] [35m[1mConsolidate compiler generated dependencies of target rm_interfaces__rosidl_typesupport_c[0m
[0.088s] [35m[1mConsolidate compiler generated dependencies of target rm_interfaces__rosidl_typesupport_introspection_cpp[0m
[0.089s] [35m[1mConsolidate compiler generated dependencies of target rm_interfaces__rosidl_typesupport_introspection_c[0m
[0.092s] [ 24%] Built target rm_interfaces__rosidl_typesupport_cpp
[0.098s] [ 35%] Built target rm_interfaces__rosidl_typesupport_fastrtps_cpp
[0.098s] [ 46%] Built target rm_interfaces__rosidl_typesupport_fastrtps_c
[0.098s] [ 58%] Built target rm_interfaces__rosidl_typesupport_c
[0.105s] [ 69%] Built target rm_interfaces__rosidl_typesupport_introspection_cpp
[0.106s] [ 81%] Built target rm_interfaces__rosidl_typesupport_introspection_c
[0.137s] [ 81%] Built target rm_interfaces
[0.165s] [ 82%] Built target rm_interfaces__py
[0.179s] [35m[1mConsolidate compiler generated dependencies of target rm_interfaces__rosidl_generator_py[0m
[0.202s] [ 92%] Built target rm_interfaces__rosidl_generator_py
[0.217s] [35m[1mConsolidate compiler generated dependencies of target rm_interfaces__rosidl_typesupport_fastrtps_c__pyext[0m
[0.218s] [35m[1mConsolidate compiler generated dependencies of target rm_interfaces__rosidl_typesupport_introspection_c__pyext[0m
[0.218s] [35m[1mConsolidate compiler generated dependencies of target rm_interfaces__rosidl_typesupport_c__pyext[0m
[0.229s] [ 94%] Built target rm_interfaces__rosidl_typesupport_introspection_c__pyext
[0.229s] [ 97%] Built target rm_interfaces__rosidl_typesupport_c__pyext
[0.232s] [100%] Built target rm_interfaces__rosidl_typesupport_fastrtps_c__pyext
[0.249s] running egg_info
[0.249s] writing rm_interfaces.egg-info/PKG-INFO
[0.249s] writing dependency_links to rm_interfaces.egg-info/dependency_links.txt
[0.249s] writing top-level names to rm_interfaces.egg-info/top_level.txt
[0.250s] reading manifest file 'rm_interfaces.egg-info/SOURCES.txt'
[0.251s] writing manifest file 'rm_interfaces.egg-info/SOURCES.txt'
[0.272s] [100%] Built target ament_cmake_python_build_rm_interfaces_egg
[0.289s] Invoked command in '/home/lin/auto-aim/build/rm_interfaces' returned '0': CMAKE_PREFIX_PATH=/opt/ros/humble /usr/bin/cmake --build /home/lin/auto-aim/build/rm_interfaces -- -j8 -l8
[0.291s] Invoking command in '/home/lin/auto-aim/build/rm_interfaces': CMAKE_PREFIX_PATH=/opt/ros/humble /usr/bin/cmake --install /home/lin/auto-aim/build/rm_interfaces
[0.302s] -- Install configuration: ""
[0.303s] -- Execute custom install script
[0.303s] -- Up-to-date symlink: /home/lin/auto-aim/install/rm_interfaces/share/ament_index/resource_index/rosidl_interfaces/rm_interfaces
[0.304s] -- Up-to-date symlink: /home/lin/auto-aim/install/rm_interfaces/include/rm_interfaces/rm_interfaces/msg/armor.h
[0.304s] -- Up-to-date symlink: /home/lin/auto-aim/install/rm_interfaces/include/rm_interfaces/rm_interfaces/msg/armors.h
[0.304s] -- Up-to-date symlink: /home/lin/auto-aim/install/rm_interfaces/include/rm_interfaces/rm_interfaces/msg/detail/armor__functions.h
[0.304s] -- Up-to-date symlink: /home/lin/auto-aim/install/rm_interfaces/include/rm_interfaces/rm_interfaces/msg/detail/armor__struct.h
[0.304s] -- Up-to-date symlink: /home/lin/auto-aim/install/rm_interfaces/include/rm_interfaces/rm_interfaces/msg/detail/armor__type_support.h
[0.304s] -- Up-to-date symlink: /home/lin/auto-aim/install/rm_interfaces/include/rm_interfaces/rm_interfaces/msg/detail/armors__functions.h
[0.304s] -- Up-to-date symlink: /home/lin/auto-aim/install/rm_interfaces/include/rm_interfaces/rm_interfaces/msg/detail/armors__struct.h
[0.305s] -- Up-to-date symlink: /home/lin/auto-aim/install/rm_interfaces/include/rm_interfaces/rm_interfaces/msg/detail/armors__type_support.h
[0.305s] -- Up-to-date symlink: /home/lin/auto-aim/install/rm_interfaces/include/rm_interfaces/rm_interfaces/msg/detail/gimbal_cmd__functions.h
[0.305s] -- Up-to-date symlink: /home/lin/auto-aim/install/rm_interfaces/include/rm_interfaces/rm_interfaces/msg/detail/gimbal_cmd__struct.h
[0.305s] -- Up-to-date symlink: /home/lin/auto-aim/install/rm_interfaces/include/rm_interfaces/rm_interfaces/msg/detail/gimbal_cmd__type_support.h
[0.305s] -- Up-to-date symlink: /home/lin/auto-aim/install/rm_interfaces/include/rm_interfaces/rm_interfaces/msg/detail/measurement__functions.h
[0.305s] -- Up-to-date symlink: /home/lin/auto-aim/install/rm_interfaces/include/rm_interfaces/rm_interfaces/msg/detail/measurement__struct.h
[0.305s] -- Up-to-date symlink: /home/lin/auto-aim/install/rm_interfaces/include/rm_interfaces/rm_interfaces/msg/detail/measurement__type_support.h
[0.305s] -- Up-to-date symlink: /home/lin/auto-aim/install/rm_interfaces/include/rm_interfaces/rm_interfaces/msg/detail/serial_receive_data__functions.h
[0.305s] -- Up-to-date symlink: /home/lin/auto-aim/install/rm_interfaces/include/rm_interfaces/rm_interfaces/msg/detail/serial_receive_data__struct.h
[0.306s] -- Up-to-date symlink: /home/lin/auto-aim/install/rm_interfaces/include/rm_interfaces/rm_interfaces/msg/detail/serial_receive_data__type_support.h
[0.306s] -- Up-to-date symlink: /home/lin/auto-aim/install/rm_interfaces/include/rm_interfaces/rm_interfaces/msg/detail/target__functions.h
[0.306s] -- Up-to-date symlink: /home/lin/auto-aim/install/rm_interfaces/include/rm_interfaces/rm_interfaces/msg/detail/target__struct.h
[0.306s] -- Up-to-date symlink: /home/lin/auto-aim/install/rm_interfaces/include/rm_interfaces/rm_interfaces/msg/detail/target__type_support.h
[0.306s] -- Up-to-date symlink: /home/lin/auto-aim/install/rm_interfaces/include/rm_interfaces/rm_interfaces/msg/gimbal_cmd.h
[0.306s] -- Up-to-date symlink: /home/lin/auto-aim/install/rm_interfaces/include/rm_interfaces/rm_interfaces/msg/measurement.h
[0.306s] -- Up-to-date symlink: /home/lin/auto-aim/install/rm_interfaces/include/rm_interfaces/rm_interfaces/msg/rosidl_generator_c__visibility_control.h
[0.306s] -- Up-to-date symlink: /home/lin/auto-aim/install/rm_interfaces/include/rm_interfaces/rm_interfaces/msg/serial_receive_data.h
[0.306s] -- Up-to-date symlink: /home/lin/auto-aim/install/rm_interfaces/include/rm_interfaces/rm_interfaces/msg/target.h
[0.306s] -- Up-to-date symlink: /home/lin/auto-aim/install/rm_interfaces/include/rm_interfaces/rm_interfaces/srv/detail/set_mode__functions.h
[0.306s] -- Up-to-date symlink: /home/lin/auto-aim/install/rm_interfaces/include/rm_interfaces/rm_interfaces/srv/detail/set_mode__struct.h
[0.306s] -- Up-to-date symlink: /home/lin/auto-aim/install/rm_interfaces/include/rm_interfaces/rm_interfaces/srv/detail/set_mode__type_support.h
[0.306s] -- Up-to-date symlink: /home/lin/auto-aim/install/rm_interfaces/include/rm_interfaces/rm_interfaces/srv/set_mode.h
[0.306s] -- Up-to-date symlink: /home/lin/auto-aim/install/rm_interfaces/share/rm_interfaces/environment/library_path.sh
[0.306s] -- Up-to-date symlink: /home/lin/auto-aim/install/rm_interfaces/share/rm_interfaces/environment/library_path.dsv
[0.307s] -- Up-to-date symlink: /home/lin/auto-aim/install/rm_interfaces/include/rm_interfaces/rm_interfaces/msg/detail/armor__rosidl_typesupport_fastrtps_c.h
[0.307s] -- Up-to-date symlink: /home/lin/auto-aim/install/rm_interfaces/include/rm_interfaces/rm_interfaces/msg/detail/armors__rosidl_typesupport_fastrtps_c.h
[0.307s] -- Up-to-date symlink: /home/lin/auto-aim/install/rm_interfaces/include/rm_interfaces/rm_interfaces/msg/detail/gimbal_cmd__rosidl_typesupport_fastrtps_c.h
[0.307s] -- Up-to-date symlink: /home/lin/auto-aim/install/rm_interfaces/include/rm_interfaces/rm_interfaces/msg/detail/measurement__rosidl_typesupport_fastrtps_c.h
[0.307s] -- Up-to-date symlink: /home/lin/auto-aim/install/rm_interfaces/include/rm_interfaces/rm_interfaces/msg/detail/serial_receive_data__rosidl_typesupport_fastrtps_c.h
[0.307s] -- Up-to-date symlink: /home/lin/auto-aim/install/rm_interfaces/include/rm_interfaces/rm_interfaces/msg/detail/target__rosidl_typesupport_fastrtps_c.h
[0.307s] -- Up-to-date symlink: /home/lin/auto-aim/install/rm_interfaces/include/rm_interfaces/rm_interfaces/msg/rosidl_typesupport_fastrtps_c__visibility_control.h
[0.307s] -- Up-to-date symlink: /home/lin/auto-aim/install/rm_interfaces/include/rm_interfaces/rm_interfaces/srv/detail/set_mode__rosidl_typesupport_fastrtps_c.h
[0.307s] -- Up-to-date symlink: /home/lin/auto-aim/install/rm_interfaces/include/rm_interfaces/rm_interfaces/msg/detail/armor__rosidl_typesupport_introspection_c.h
[0.307s] -- Up-to-date symlink: /home/lin/auto-aim/install/rm_interfaces/include/rm_interfaces/rm_interfaces/msg/detail/armors__rosidl_typesupport_introspection_c.h
[0.307s] -- Up-to-date symlink: /home/lin/auto-aim/install/rm_interfaces/include/rm_interfaces/rm_interfaces/msg/detail/gimbal_cmd__rosidl_typesupport_introspection_c.h
[0.307s] -- Up-to-date symlink: /home/lin/auto-aim/install/rm_interfaces/include/rm_interfaces/rm_interfaces/msg/detail/measurement__rosidl_typesupport_introspection_c.h
[0.307s] -- Up-to-date symlink: /home/lin/auto-aim/install/rm_interfaces/include/rm_interfaces/rm_interfaces/msg/detail/serial_receive_data__rosidl_typesupport_introspection_c.h
[0.307s] -- Up-to-date symlink: /home/lin/auto-aim/install/rm_interfaces/include/rm_interfaces/rm_interfaces/msg/detail/target__rosidl_typesupport_introspection_c.h
[0.308s] -- Up-to-date symlink: /home/lin/auto-aim/install/rm_interfaces/include/rm_interfaces/rm_interfaces/msg/rosidl_typesupport_introspection_c__visibility_control.h
[0.308s] -- Up-to-date symlink: /home/lin/auto-aim/install/rm_interfaces/include/rm_interfaces/rm_interfaces/srv/detail/set_mode__rosidl_typesupport_introspection_c.h
[0.308s] -- Up-to-date symlink: /home/lin/auto-aim/install/rm_interfaces/include/rm_interfaces/rm_interfaces/msg/armor.hpp
[0.308s] -- Up-to-date symlink: /home/lin/auto-aim/install/rm_interfaces/include/rm_interfaces/rm_interfaces/msg/armors.hpp
[0.308s] -- Up-to-date symlink: /home/lin/auto-aim/install/rm_interfaces/include/rm_interfaces/rm_interfaces/msg/detail/armor__builder.hpp
[0.308s] -- Up-to-date symlink: /home/lin/auto-aim/install/rm_interfaces/include/rm_interfaces/rm_interfaces/msg/detail/armor__struct.hpp
[0.308s] -- Up-to-date symlink: /home/lin/auto-aim/install/rm_interfaces/include/rm_interfaces/rm_interfaces/msg/detail/armor__traits.hpp
[0.308s] -- Up-to-date symlink: /home/lin/auto-aim/install/rm_interfaces/include/rm_interfaces/rm_interfaces/msg/detail/armor__type_support.hpp
[0.308s] -- Up-to-date symlink: /home/lin/auto-aim/install/rm_interfaces/include/rm_interfaces/rm_interfaces/msg/detail/armors__builder.hpp
[0.308s] -- Up-to-date symlink: /home/lin/auto-aim/install/rm_interfaces/include/rm_interfaces/rm_interfaces/msg/detail/armors__struct.hpp
[0.308s] -- Up-to-date symlink: /home/lin/auto-aim/install/rm_interfaces/include/rm_interfaces/rm_interfaces/msg/detail/armors__traits.hpp
[0.308s] -- Up-to-date symlink: /home/lin/auto-aim/install/rm_interfaces/include/rm_interfaces/rm_interfaces/msg/detail/armors__type_support.hpp
[0.309s] -- Up-to-date symlink: /home/lin/auto-aim/install/rm_interfaces/include/rm_interfaces/rm_interfaces/msg/detail/gimbal_cmd__builder.hpp
[0.309s] -- Up-to-date symlink: /home/lin/auto-aim/install/rm_interfaces/include/rm_interfaces/rm_interfaces/msg/detail/gimbal_cmd__struct.hpp
[0.309s] -- Up-to-date symlink: /home/lin/auto-aim/install/rm_interfaces/include/rm_interfaces/rm_interfaces/msg/detail/gimbal_cmd__traits.hpp
[0.309s] -- Up-to-date symlink: /home/lin/auto-aim/install/rm_interfaces/include/rm_interfaces/rm_interfaces/msg/detail/gimbal_cmd__type_support.hpp
[0.309s] -- Up-to-date symlink: /home/lin/auto-aim/install/rm_interfaces/include/rm_interfaces/rm_interfaces/msg/detail/measurement__builder.hpp
[0.309s] -- Up-to-date symlink: /home/lin/auto-aim/install/rm_interfaces/include/rm_interfaces/rm_interfaces/msg/detail/measurement__struct.hpp
[0.309s] -- Up-to-date symlink: /home/lin/auto-aim/install/rm_interfaces/include/rm_interfaces/rm_interfaces/msg/detail/measurement__traits.hpp
[0.309s] -- Up-to-date symlink: /home/lin/auto-aim/install/rm_interfaces/include/rm_interfaces/rm_interfaces/msg/detail/measurement__type_support.hpp
[0.309s] -- Up-to-date symlink: /home/lin/auto-aim/install/rm_interfaces/include/rm_interfaces/rm_interfaces/msg/detail/serial_receive_data__builder.hpp
[0.309s] -- Up-to-date symlink: /home/lin/auto-aim/install/rm_interfaces/include/rm_interfaces/rm_interfaces/msg/detail/serial_receive_data__struct.hpp
[0.309s] -- Up-to-date symlink: /home/lin/auto-aim/install/rm_interfaces/include/rm_interfaces/rm_interfaces/msg/detail/serial_receive_data__traits.hpp
[0.309s] -- Up-to-date symlink: /home/lin/auto-aim/install/rm_interfaces/include/rm_interfaces/rm_interfaces/msg/detail/serial_receive_data__type_support.hpp
[0.310s] -- Up-to-date symlink: /home/lin/auto-aim/install/rm_interfaces/include/rm_interfaces/rm_interfaces/msg/detail/target__builder.hpp
[0.310s] -- Up-to-date symlink: /home/lin/auto-aim/install/rm_interfaces/include/rm_interfaces/rm_interfaces/msg/detail/target__struct.hpp
[0.310s] -- Up-to-date symlink: /home/lin/auto-aim/install/rm_interfaces/include/rm_interfaces/rm_interfaces/msg/detail/target__traits.hpp
[0.310s] -- Up-to-date symlink: /home/lin/auto-aim/install/rm_interfaces/include/rm_interfaces/rm_interfaces/msg/detail/target__type_support.hpp
[0.310s] -- Up-to-date symlink: /home/lin/auto-aim/install/rm_interfaces/include/rm_interfaces/rm_interfaces/msg/gimbal_cmd.hpp
[0.310s] -- Up-to-date symlink: /home/lin/auto-aim/install/rm_interfaces/include/rm_interfaces/rm_interfaces/msg/measurement.hpp
[0.310s] -- Up-to-date symlink: /home/lin/auto-aim/install/rm_interfaces/include/rm_interfaces/rm_interfaces/msg/rosidl_generator_cpp__visibility_control.hpp
[0.310s] -- Up-to-date symlink: /home/lin/auto-aim/install/rm_interfaces/include/rm_interfaces/rm_interfaces/msg/serial_receive_data.hpp
[0.310s] -- Up-to-date symlink: /home/lin/auto-aim/install/rm_interfaces/include/rm_interfaces/rm_interfaces/msg/target.hpp
[0.311s] -- Up-to-date symlink: /home/lin/auto-aim/install/rm_interfaces/include/rm_interfaces/rm_interfaces/srv/detail/set_mode__builder.hpp
[0.311s] -- Up-to-date symlink: /home/lin/auto-aim/install/rm_interfaces/include/rm_interfaces/rm_interfaces/srv/detail/set_mode__struct.hpp
[0.311s] -- Up-to-date symlink: /home/lin/auto-aim/install/rm_interfaces/include/rm_interfaces/rm_interfaces/srv/detail/set_mode__traits.hpp
[0.311s] -- Up-to-date symlink: /home/lin/auto-aim/install/rm_interfaces/include/rm_interfaces/rm_interfaces/srv/detail/set_mode__type_support.hpp
[0.311s] -- Up-to-date symlink: /home/lin/auto-aim/install/rm_interfaces/include/rm_interfaces/rm_interfaces/srv/set_mode.hpp
[0.311s] -- Up-to-date symlink: /home/lin/auto-aim/install/rm_interfaces/include/rm_interfaces/rm_interfaces/msg/detail/armor__rosidl_typesupport_fastrtps_cpp.hpp
[0.311s] -- Up-to-date symlink: /home/lin/auto-aim/install/rm_interfaces/include/rm_interfaces/rm_interfaces/msg/detail/armors__rosidl_typesupport_fastrtps_cpp.hpp
[0.311s] -- Up-to-date symlink: /home/lin/auto-aim/install/rm_interfaces/include/rm_interfaces/rm_interfaces/msg/detail/gimbal_cmd__rosidl_typesupport_fastrtps_cpp.hpp
[0.312s] -- Up-to-date symlink: /home/lin/auto-aim/install/rm_interfaces/include/rm_interfaces/rm_interfaces/msg/detail/measurement__rosidl_typesupport_fastrtps_cpp.hpp
[0.312s] -- Up-to-date symlink: /home/lin/auto-aim/install/rm_interfaces/include/rm_interfaces/rm_interfaces/msg/detail/serial_receive_data__rosidl_typesupport_fastrtps_cpp.hpp
[0.312s] -- Up-to-date symlink: /home/lin/auto-aim/install/rm_interfaces/include/rm_interfaces/rm_interfaces/msg/detail/target__rosidl_typesupport_fastrtps_cpp.hpp
[0.312s] -- Up-to-date symlink: /home/lin/auto-aim/install/rm_interfaces/include/rm_interfaces/rm_interfaces/msg/rosidl_typesupport_fastrtps_cpp__visibility_control.h
[0.312s] -- Up-to-date symlink: /home/lin/auto-aim/install/rm_interfaces/include/rm_interfaces/rm_interfaces/srv/detail/set_mode__rosidl_typesupport_fastrtps_cpp.hpp
[0.312s] -- Up-to-date symlink: /home/lin/auto-aim/install/rm_interfaces/include/rm_interfaces/rm_interfaces/msg/detail/armor__rosidl_typesupport_introspection_cpp.hpp
[0.312s] -- Up-to-date symlink: /home/lin/auto-aim/install/rm_interfaces/include/rm_interfaces/rm_interfaces/msg/detail/armors__rosidl_typesupport_introspection_cpp.hpp
[0.312s] -- Up-to-date symlink: /home/lin/auto-aim/install/rm_interfaces/include/rm_interfaces/rm_interfaces/msg/detail/gimbal_cmd__rosidl_typesupport_introspection_cpp.hpp
[0.312s] -- Up-to-date symlink: /home/lin/auto-aim/install/rm_interfaces/include/rm_interfaces/rm_interfaces/msg/detail/measurement__rosidl_typesupport_introspection_cpp.hpp
[0.312s] -- Up-to-date symlink: /home/lin/auto-aim/install/rm_interfaces/include/rm_interfaces/rm_interfaces/msg/detail/serial_receive_data__rosidl_typesupport_introspection_cpp.hpp
[0.312s] -- Up-to-date symlink: /home/lin/auto-aim/install/rm_interfaces/include/rm_interfaces/rm_interfaces/msg/detail/target__rosidl_typesupport_introspection_cpp.hpp
[0.313s] -- Up-to-date symlink: /home/lin/auto-aim/install/rm_interfaces/include/rm_interfaces/rm_interfaces/srv/detail/set_mode__rosidl_typesupport_introspection_cpp.hpp
[0.313s] -- Up-to-date symlink: /home/lin/auto-aim/install/rm_interfaces/share/rm_interfaces/environment/pythonpath.sh
[0.313s] -- Up-to-date symlink: /home/lin/auto-aim/install/rm_interfaces/share/rm_interfaces/environment/pythonpath.dsv
[0.313s] -- Up-to-date symlink: /home/lin/auto-aim/install/rm_interfaces/local/lib/python3.10/dist-packages/rm_interfaces-1.0.0-py3.10.egg-info/PKG-INFO
[0.313s] -- Up-to-date symlink: /home/lin/auto-aim/install/rm_interfaces/local/lib/python3.10/dist-packages/rm_interfaces-1.0.0-py3.10.egg-info/SOURCES.txt
[0.313s] -- Up-to-date symlink: /home/lin/auto-aim/install/rm_interfaces/local/lib/python3.10/dist-packages/rm_interfaces-1.0.0-py3.10.egg-info/dependency_links.txt
[0.313s] -- Up-to-date symlink: /home/lin/auto-aim/install/rm_interfaces/local/lib/python3.10/dist-packages/rm_interfaces-1.0.0-py3.10.egg-info/top_level.txt
[0.313s] -- Up-to-date symlink: /home/lin/auto-aim/install/rm_interfaces/local/lib/python3.10/dist-packages/rm_interfaces/__init__.py
[0.313s] -- Up-to-date symlink: /home/lin/auto-aim/install/rm_interfaces/local/lib/python3.10/dist-packages/rm_interfaces/_rm_interfaces_s.ep.rosidl_typesupport_c.c
[0.313s] -- Up-to-date symlink: /home/lin/auto-aim/install/rm_interfaces/local/lib/python3.10/dist-packages/rm_interfaces/_rm_interfaces_s.ep.rosidl_typesupport_fastrtps_c.c
[0.313s] -- Up-to-date symlink: /home/lin/auto-aim/install/rm_interfaces/local/lib/python3.10/dist-packages/rm_interfaces/_rm_interfaces_s.ep.rosidl_typesupport_introspection_c.c
[0.313s] -- Up-to-date symlink: /home/lin/auto-aim/install/rm_interfaces/local/lib/python3.10/dist-packages/rm_interfaces/librm_interfaces__rosidl_generator_py.so
[0.313s] -- Up-to-date symlink: /home/lin/auto-aim/install/rm_interfaces/local/lib/python3.10/dist-packages/rm_interfaces/msg/__init__.py
[0.313s] -- Up-to-date symlink: /home/lin/auto-aim/install/rm_interfaces/local/lib/python3.10/dist-packages/rm_interfaces/msg/_armor.py
[0.313s] -- Up-to-date symlink: /home/lin/auto-aim/install/rm_interfaces/local/lib/python3.10/dist-packages/rm_interfaces/msg/_armor_s.c
[0.313s] -- Up-to-date symlink: /home/lin/auto-aim/install/rm_interfaces/local/lib/python3.10/dist-packages/rm_interfaces/msg/_armors.py
[0.313s] -- Up-to-date symlink: /home/lin/auto-aim/install/rm_interfaces/local/lib/python3.10/dist-packages/rm_interfaces/msg/_armors_s.c
[0.313s] -- Up-to-date symlink: /home/lin/auto-aim/install/rm_interfaces/local/lib/python3.10/dist-packages/rm_interfaces/msg/_gimbal_cmd.py
[0.314s] -- Up-to-date symlink: /home/lin/auto-aim/install/rm_interfaces/local/lib/python3.10/dist-packages/rm_interfaces/msg/_gimbal_cmd_s.c
[0.314s] -- Up-to-date symlink: /home/lin/auto-aim/install/rm_interfaces/local/lib/python3.10/dist-packages/rm_interfaces/msg/_measurement.py
[0.314s] -- Up-to-date symlink: /home/lin/auto-aim/install/rm_interfaces/local/lib/python3.10/dist-packages/rm_interfaces/msg/_measurement_s.c
[0.314s] -- Up-to-date symlink: /home/lin/auto-aim/install/rm_interfaces/local/lib/python3.10/dist-packages/rm_interfaces/msg/_serial_receive_data.py
[0.314s] -- Up-to-date symlink: /home/lin/auto-aim/install/rm_interfaces/local/lib/python3.10/dist-packages/rm_interfaces/msg/_serial_receive_data_s.c
[0.314s] -- Up-to-date symlink: /home/lin/auto-aim/install/rm_interfaces/local/lib/python3.10/dist-packages/rm_interfaces/msg/_target.py
[0.314s] -- Up-to-date symlink: /home/lin/auto-aim/install/rm_interfaces/local/lib/python3.10/dist-packages/rm_interfaces/msg/_target_s.c
[0.314s] -- Up-to-date symlink: /home/lin/auto-aim/install/rm_interfaces/local/lib/python3.10/dist-packages/rm_interfaces/rm_interfaces_s__rosidl_typesupport_c.cpython-310-x86_64-linux-gnu.so
[0.314s] -- Up-to-date symlink: /home/lin/auto-aim/install/rm_interfaces/local/lib/python3.10/dist-packages/rm_interfaces/rm_interfaces_s__rosidl_typesupport_fastrtps_c.cpython-310-x86_64-linux-gnu.so
[0.314s] -- Up-to-date symlink: /home/lin/auto-aim/install/rm_interfaces/local/lib/python3.10/dist-packages/rm_interfaces/rm_interfaces_s__rosidl_typesupport_introspection_c.cpython-310-x86_64-linux-gnu.so
[0.314s] -- Up-to-date symlink: /home/lin/auto-aim/install/rm_interfaces/local/lib/python3.10/dist-packages/rm_interfaces/srv/__init__.py
[0.314s] -- Up-to-date symlink: /home/lin/auto-aim/install/rm_interfaces/local/lib/python3.10/dist-packages/rm_interfaces/srv/_set_mode.py
[0.314s] -- Up-to-date symlink: /home/lin/auto-aim/install/rm_interfaces/local/lib/python3.10/dist-packages/rm_interfaces/srv/_set_mode_s.c
[0.315s] -- Up-to-date symlink: /home/lin/auto-aim/install/rm_interfaces/local/lib/python3.10/dist-packages/rm_interfaces/rm_interfaces_s__rosidl_typesupport_fastrtps_c.cpython-310-x86_64-linux-gnu.so
[0.315s] -- Up-to-date symlink: /home/lin/auto-aim/install/rm_interfaces/local/lib/python3.10/dist-packages/rm_interfaces/rm_interfaces_s__rosidl_typesupport_introspection_c.cpython-310-x86_64-linux-gnu.so
[0.315s] -- Up-to-date symlink: /home/lin/auto-aim/install/rm_interfaces/local/lib/python3.10/dist-packages/rm_interfaces/rm_interfaces_s__rosidl_typesupport_c.cpython-310-x86_64-linux-gnu.so
[0.315s] -- Up-to-date symlink: /home/lin/auto-aim/install/rm_interfaces/share/rm_interfaces/msg/Armor.idl
[0.315s] -- Up-to-date symlink: /home/lin/auto-aim/install/rm_interfaces/share/rm_interfaces/msg/Armors.idl
[0.315s] -- Up-to-date symlink: /home/lin/auto-aim/install/rm_interfaces/share/rm_interfaces/msg/Target.idl
[0.315s] -- Up-to-date symlink: /home/lin/auto-aim/install/rm_interfaces/share/rm_interfaces/msg/Measurement.idl
[0.315s] -- Up-to-date symlink: /home/lin/auto-aim/install/rm_interfaces/share/rm_interfaces/msg/GimbalCmd.idl
[0.315s] -- Up-to-date symlink: /home/lin/auto-aim/install/rm_interfaces/share/rm_interfaces/msg/SerialReceiveData.idl
[0.315s] -- Up-to-date symlink: /home/lin/auto-aim/install/rm_interfaces/share/rm_interfaces/srv/SetMode.idl
[0.315s] -- Up-to-date symlink: /home/lin/auto-aim/install/rm_interfaces/share/rm_interfaces/msg/Armor.msg
[0.315s] -- Up-to-date symlink: /home/lin/auto-aim/install/rm_interfaces/share/rm_interfaces/msg/Armors.msg
[0.315s] -- Up-to-date symlink: /home/lin/auto-aim/install/rm_interfaces/share/rm_interfaces/msg/Target.msg
[0.315s] -- Up-to-date symlink: /home/lin/auto-aim/install/rm_interfaces/share/rm_interfaces/msg/Measurement.msg
[0.315s] -- Up-to-date symlink: /home/lin/auto-aim/install/rm_interfaces/share/rm_interfaces/msg/GimbalCmd.msg
[0.315s] -- Up-to-date symlink: /home/lin/auto-aim/install/rm_interfaces/share/rm_interfaces/msg/SerialReceiveData.msg
[0.315s] -- Up-to-date symlink: /home/lin/auto-aim/install/rm_interfaces/share/rm_interfaces/srv/SetMode.srv
[0.315s] -- Up-to-date symlink: /home/lin/auto-aim/install/rm_interfaces/share/rm_interfaces/srv/SetMode_Request.msg
[0.315s] -- Up-to-date symlink: /home/lin/auto-aim/install/rm_interfaces/share/rm_interfaces/srv/SetMode_Response.msg
[0.315s] -- Up-to-date symlink: /home/lin/auto-aim/install/rm_interfaces/share/ament_index/resource_index/package_run_dependencies/rm_interfaces
[0.315s] -- Up-to-date symlink: /home/lin/auto-aim/install/rm_interfaces/share/ament_index/resource_index/parent_prefix_path/rm_interfaces
[0.315s] -- Up-to-date symlink: /home/lin/auto-aim/install/rm_interfaces/share/rm_interfaces/environment/ament_prefix_path.sh
[0.316s] -- Up-to-date symlink: /home/lin/auto-aim/install/rm_interfaces/share/rm_interfaces/environment/ament_prefix_path.dsv
[0.316s] -- Up-to-date symlink: /home/lin/auto-aim/install/rm_interfaces/share/rm_interfaces/environment/path.sh
[0.316s] -- Up-to-date symlink: /home/lin/auto-aim/install/rm_interfaces/share/rm_interfaces/environment/path.dsv
[0.316s] -- Up-to-date symlink: /home/lin/auto-aim/install/rm_interfaces/share/rm_interfaces/local_setup.bash
[0.316s] -- Up-to-date symlink: /home/lin/auto-aim/install/rm_interfaces/share/rm_interfaces/local_setup.sh
[0.316s] -- Up-to-date symlink: /home/lin/auto-aim/install/rm_interfaces/share/rm_interfaces/local_setup.zsh
[0.316s] -- Up-to-date symlink: /home/lin/auto-aim/install/rm_interfaces/share/rm_interfaces/local_setup.dsv
[0.316s] -- Symlinking: /home/lin/auto-aim/install/rm_interfaces/share/rm_interfaces/package.dsv
[0.324s] -- Up-to-date symlink: /home/lin/auto-aim/install/rm_interfaces/share/ament_index/resource_index/packages/rm_interfaces
[0.324s] -- Up-to-date symlink: /home/lin/auto-aim/install/rm_interfaces/share/rm_interfaces/cmake/rosidl_cmake-extras.cmake
[0.325s] -- Up-to-date symlink: /home/lin/auto-aim/install/rm_interfaces/share/rm_interfaces/cmake/ament_cmake_export_dependencies-extras.cmake
[0.325s] -- Up-to-date symlink: /home/lin/auto-aim/install/rm_interfaces/share/rm_interfaces/cmake/ament_cmake_export_include_directories-extras.cmake
[0.325s] -- Up-to-date symlink: /home/lin/auto-aim/install/rm_interfaces/share/rm_interfaces/cmake/ament_cmake_export_libraries-extras.cmake
[0.325s] -- Up-to-date symlink: /home/lin/auto-aim/install/rm_interfaces/share/rm_interfaces/cmake/ament_cmake_export_targets-extras.cmake
[0.325s] -- Up-to-date symlink: /home/lin/auto-aim/install/rm_interfaces/share/rm_interfaces/cmake/rosidl_cmake_export_typesupport_targets-extras.cmake
[0.325s] -- Up-to-date symlink: /home/lin/auto-aim/install/rm_interfaces/share/rm_interfaces/cmake/rosidl_cmake_export_typesupport_libraries-extras.cmake
[0.326s] -- Up-to-date symlink: /home/lin/auto-aim/install/rm_interfaces/share/rm_interfaces/cmake/rm_interfacesConfig.cmake
[0.326s] -- Up-to-date symlink: /home/lin/auto-aim/install/rm_interfaces/share/rm_interfaces/cmake/rm_interfacesConfig-version.cmake
[0.326s] -- Up-to-date symlink: /home/lin/auto-aim/install/rm_interfaces/share/rm_interfaces/package.xml
[0.326s] -- Up-to-date: /home/lin/auto-aim/install/rm_interfaces/lib/librm_interfaces__rosidl_generator_c.so
[0.327s] -- Up-to-date: /home/lin/auto-aim/install/rm_interfaces/lib/librm_interfaces__rosidl_typesupport_fastrtps_c.so
[0.327s] -- Up-to-date: /home/lin/auto-aim/install/rm_interfaces/lib/librm_interfaces__rosidl_typesupport_introspection_c.so
[0.327s] -- Up-to-date: /home/lin/auto-aim/install/rm_interfaces/lib/librm_interfaces__rosidl_typesupport_c.so
[0.327s] -- Up-to-date: /home/lin/auto-aim/install/rm_interfaces/lib/librm_interfaces__rosidl_typesupport_fastrtps_cpp.so
[0.328s] -- Up-to-date: /home/lin/auto-aim/install/rm_interfaces/lib/librm_interfaces__rosidl_typesupport_introspection_cpp.so
[0.328s] -- Up-to-date: /home/lin/auto-aim/install/rm_interfaces/lib/librm_interfaces__rosidl_typesupport_cpp.so
[0.358s] Listing '/home/lin/auto-aim/install/rm_interfaces/local/lib/python3.10/dist-packages/rm_interfaces'...
[0.358s] Listing '/home/lin/auto-aim/install/rm_interfaces/local/lib/python3.10/dist-packages/rm_interfaces/msg'...
[0.358s] Listing '/home/lin/auto-aim/install/rm_interfaces/local/lib/python3.10/dist-packages/rm_interfaces/srv'...
[0.361s] -- Up-to-date: /home/lin/auto-aim/install/rm_interfaces/lib/librm_interfaces__rosidl_generator_py.so
[0.361s] -- Up-to-date: /home/lin/auto-aim/install/rm_interfaces/share/rm_interfaces/cmake/export_rm_interfaces__rosidl_generator_cExport.cmake
[0.361s] -- Up-to-date: /home/lin/auto-aim/install/rm_interfaces/share/rm_interfaces/cmake/export_rm_interfaces__rosidl_generator_cExport-noconfig.cmake
[0.362s] -- Up-to-date: /home/lin/auto-aim/install/rm_interfaces/share/rm_interfaces/cmake/export_rm_interfaces__rosidl_typesupport_fastrtps_cExport.cmake
[0.362s] -- Up-to-date: /home/lin/auto-aim/install/rm_interfaces/share/rm_interfaces/cmake/export_rm_interfaces__rosidl_typesupport_fastrtps_cExport-noconfig.cmake
[0.362s] -- Up-to-date: /home/lin/auto-aim/install/rm_interfaces/share/rm_interfaces/cmake/rm_interfaces__rosidl_typesupport_introspection_cExport.cmake
[0.362s] -- Up-to-date: /home/lin/auto-aim/install/rm_interfaces/share/rm_interfaces/cmake/rm_interfaces__rosidl_typesupport_introspection_cExport-noconfig.cmake
[0.362s] -- Up-to-date: /home/lin/auto-aim/install/rm_interfaces/share/rm_interfaces/cmake/rm_interfaces__rosidl_typesupport_cExport.cmake
[0.362s] -- Up-to-date: /home/lin/auto-aim/install/rm_interfaces/share/rm_interfaces/cmake/rm_interfaces__rosidl_typesupport_cExport-noconfig.cmake
[0.362s] -- Up-to-date: /home/lin/auto-aim/install/rm_interfaces/share/rm_interfaces/cmake/export_rm_interfaces__rosidl_generator_cppExport.cmake
[0.362s] -- Up-to-date: /home/lin/auto-aim/install/rm_interfaces/share/rm_interfaces/cmake/export_rm_interfaces__rosidl_typesupport_fastrtps_cppExport.cmake
[0.362s] -- Up-to-date: /home/lin/auto-aim/install/rm_interfaces/share/rm_interfaces/cmake/export_rm_interfaces__rosidl_typesupport_fastrtps_cppExport-noconfig.cmake
[0.362s] -- Up-to-date: /home/lin/auto-aim/install/rm_interfaces/share/rm_interfaces/cmake/rm_interfaces__rosidl_typesupport_introspection_cppExport.cmake
[0.362s] -- Up-to-date: /home/lin/auto-aim/install/rm_interfaces/share/rm_interfaces/cmake/rm_interfaces__rosidl_typesupport_introspection_cppExport-noconfig.cmake
[0.362s] -- Up-to-date: /home/lin/auto-aim/install/rm_interfaces/share/rm_interfaces/cmake/rm_interfaces__rosidl_typesupport_cppExport.cmake
[0.362s] -- Up-to-date: /home/lin/auto-aim/install/rm_interfaces/share/rm_interfaces/cmake/rm_interfaces__rosidl_typesupport_cppExport-noconfig.cmake
[0.363s] -- Up-to-date: /home/lin/auto-aim/install/rm_interfaces/share/rm_interfaces/cmake/export_rm_interfaces__rosidl_generator_pyExport.cmake
[0.363s] -- Up-to-date: /home/lin/auto-aim/install/rm_interfaces/share/rm_interfaces/cmake/export_rm_interfaces__rosidl_generator_pyExport-noconfig.cmake
[0.366s] Invoked command in '/home/lin/auto-aim/build/rm_interfaces' returned '0': CMAKE_PREFIX_PATH=/opt/ros/humble /usr/bin/cmake --install /home/lin/auto-aim/build/rm_interfaces
