[0.013s] Invoking command in '/home/lin/auto-aim/build/rm_interfaces': CMAKE_PREFIX_PATH=/opt/ros/humble /usr/bin/cmake /home/lin/auto-aim/src/rm_interfaces -DAMENT_CMAKE_SYMLINK_INSTALL=1 -DCMAKE_INSTALL_PREFIX=/home/lin/auto-aim/install/rm_interfaces
[0.069s] -- The C compiler identification is GNU 11.4.0
[0.118s] -- The CXX compiler identification is GNU 11.4.0
[0.125s] -- Detecting C compiler ABI info
[0.178s] -- Detecting C compiler ABI info - done
[0.181s] -- Check for working C compiler: /usr/bin/cc - skipped
[0.182s] -- Detecting C compile features
[0.182s] -- Detecting C compile features - done
[0.183s] -- Detecting CXX compiler ABI info
[0.245s] -- Detecting CXX compiler ABI info - done
[0.247s] -- Check for working CXX compiler: /usr/bin/c++ - skipped
[0.247s] -- Detecting CXX compile features
[0.247s] -- Detecting CXX compile features - done
[0.248s] -- Found ament_cmake: 1.3.12 (/opt/ros/humble/share/ament_cmake/cmake)
[0.347s] -- Found Python3: /usr/bin/python3 (found version "3.10.12") found components: Interpreter 
[0.387s] -- Override CMake install command with custom implementation using symlinks instead of copying resources
[0.401s] -- Found rosidl_default_generators: 1.2.0 (/opt/ros/humble/share/rosidl_default_generators/cmake)
[0.404s] -- Using all available rosidl_typesupport_c: rosidl_typesupport_fastrtps_c;rosidl_typesupport_introspection_c
[0.407s] -- Found rosidl_adapter: 3.1.7 (/opt/ros/humble/share/rosidl_adapter/cmake)
[0.427s] -- Using all available rosidl_typesupport_cpp: rosidl_typesupport_fastrtps_cpp;rosidl_typesupport_introspection_cpp
[0.451s] -- Found std_msgs: 4.9.0 (/opt/ros/humble/share/std_msgs/cmake)
[0.464s] -- Found geometry_msgs: 4.9.0 (/opt/ros/humble/share/geometry_msgs/cmake)
[0.698s] -- Found ament_cmake_ros: 0.10.0 (/opt/ros/humble/share/ament_cmake_ros/cmake)
[0.934s] -- Using all available rosidl_typesupport_c: rosidl_typesupport_fastrtps_c;rosidl_typesupport_introspection_c
[1.204s] -- Using all available rosidl_typesupport_cpp: rosidl_typesupport_fastrtps_cpp;rosidl_typesupport_introspection_cpp
[1.225s] -- Found PythonInterp: /usr/bin/python3 (found suitable version "3.10.12", minimum required is "3.6") 
[1.226s] -- Found python_cmake_module: 0.10.0 (/opt/ros/humble/share/python_cmake_module/cmake)
[1.254s] -- Found PythonLibs: /usr/lib/x86_64-linux-gnu/libpython3.10.so (found suitable version "3.10.12", minimum required is "3.5") 
[1.254s] -- Using PYTHON_EXECUTABLE: /usr/bin/python3
[1.254s] -- Using PYTHON_INCLUDE_DIRS: /usr/include/python3.10
[1.254s] -- Using PYTHON_LIBRARIES: /usr/lib/x86_64-linux-gnu/libpython3.10.so
[1.269s] -- Found PythonExtra: .so  
[1.326s] -- Configuring done
[1.351s] -- Generating done
[1.357s] -- Build files have been written to: /home/lin/auto-aim/build/rm_interfaces
[1.362s] Invoked command in '/home/lin/auto-aim/build/rm_interfaces' returned '0': CMAKE_PREFIX_PATH=/opt/ros/humble /usr/bin/cmake /home/lin/auto-aim/src/rm_interfaces -DAMENT_CMAKE_SYMLINK_INSTALL=1 -DCMAKE_INSTALL_PREFIX=/home/lin/auto-aim/install/rm_interfaces
[1.364s] Invoking command in '/home/lin/auto-aim/build/rm_interfaces': CMAKE_PREFIX_PATH=/opt/ros/humble /usr/bin/cmake --build /home/lin/auto-aim/build/rm_interfaces -- -j8 -l8
[1.406s] [  1%] [34m[1mGenerating C code for ROS interfaces[0m
[1.411s] [  2%] [34m[1mGenerating C++ code for ROS interfaces[0m
[1.419s] [  2%] Built target ament_cmake_python_symlink_rm_interfaces
[1.558s] running egg_info
[1.559s] creating rm_interfaces.egg-info
[1.559s] writing rm_interfaces.egg-info/PKG-INFO
[1.559s] writing dependency_links to rm_interfaces.egg-info/dependency_links.txt
[1.559s] writing top-level names to rm_interfaces.egg-info/top_level.txt
[1.559s] writing manifest file 'rm_interfaces.egg-info/SOURCES.txt'
[1.562s] reading manifest file 'rm_interfaces.egg-info/SOURCES.txt'
[1.562s] writing manifest file 'rm_interfaces.egg-info/SOURCES.txt'
[1.583s] [  2%] Built target ament_cmake_python_build_rm_interfaces_egg
[1.759s] [  2%] Built target rm_interfaces__cpp
[1.760s] [  3%] [32mBuilding C object CMakeFiles/rm_interfaces__rosidl_generator_c.dir/rosidl_generator_c/rm_interfaces/msg/detail/armor__functions.c.o[0m
[1.760s] [  5%] [32mBuilding C object CMakeFiles/rm_interfaces__rosidl_generator_c.dir/rosidl_generator_c/rm_interfaces/msg/detail/gimbal_cmd__functions.c.o[0m
[1.760s] [  6%] [32mBuilding C object CMakeFiles/rm_interfaces__rosidl_generator_c.dir/rosidl_generator_c/rm_interfaces/msg/detail/target__functions.c.o[0m
[1.762s] [  7%] [32mBuilding C object CMakeFiles/rm_interfaces__rosidl_generator_c.dir/rosidl_generator_c/rm_interfaces/msg/detail/armors__functions.c.o[0m
[1.763s] [  8%] [32mBuilding C object CMakeFiles/rm_interfaces__rosidl_generator_c.dir/rosidl_generator_c/rm_interfaces/msg/detail/serial_receive_data__functions.c.o[0m
[1.766s] [ 10%] [32mBuilding C object CMakeFiles/rm_interfaces__rosidl_generator_c.dir/rosidl_generator_c/rm_interfaces/msg/detail/measurement__functions.c.o[0m
[1.766s] [ 11%] [32mBuilding C object CMakeFiles/rm_interfaces__rosidl_generator_c.dir/rosidl_generator_c/rm_interfaces/srv/detail/set_mode__functions.c.o[0m
[1.768s] [ 12%] [34m[1mGenerating C++ type support dispatch for ROS interfaces[0m
[1.799s] [ 13%] [34m[1mGenerating C++ introspection for ROS interfaces[0m
[1.802s] [ 15%] [34m[1mGenerating C++ type support for eProsima Fast-RTPS[0m
[1.806s] [ 16%] [32m[1mLinking C shared library librm_interfaces__rosidl_generator_c.so[0m
[1.841s] [ 16%] Built target rm_interfaces__rosidl_generator_c
[1.852s] [ 17%] [34m[1mGenerating C type support for eProsima Fast-RTPS[0m
[1.852s] [ 18%] [34m[1mGenerating C introspection for ROS interfaces[0m
[1.853s] [ 20%] [34m[1mGenerating C type support dispatch for ROS interfaces[0m
[2.013s] [ 22%] [32mBuilding CXX object CMakeFiles/rm_interfaces__rosidl_typesupport_cpp.dir/rosidl_typesupport_cpp/rm_interfaces/msg/target__type_support.cpp.o[0m
[2.014s] [ 22%] [32mBuilding CXX object CMakeFiles/rm_interfaces__rosidl_typesupport_cpp.dir/rosidl_typesupport_cpp/rm_interfaces/msg/armors__type_support.cpp.o[0m
[2.014s] [ 24%] [32mBuilding CXX object CMakeFiles/rm_interfaces__rosidl_typesupport_cpp.dir/rosidl_typesupport_cpp/rm_interfaces/msg/armor__type_support.cpp.o[0m
[2.090s] [ 25%] [32mBuilding CXX object CMakeFiles/rm_interfaces__rosidl_typesupport_c.dir/rosidl_typesupport_c/rm_interfaces/msg/armor__type_support.cpp.o[0m
[2.115s] [ 26%] [32mBuilding CXX object CMakeFiles/rm_interfaces__rosidl_typesupport_c.dir/rosidl_typesupport_c/rm_interfaces/msg/armors__type_support.cpp.o[0m
[2.143s] [ 27%] [32mBuilding CXX object CMakeFiles/rm_interfaces__rosidl_typesupport_c.dir/rosidl_typesupport_c/rm_interfaces/msg/target__type_support.cpp.o[0m
[2.152s] [ 29%] [32mBuilding CXX object CMakeFiles/rm_interfaces__rosidl_typesupport_introspection_cpp.dir/rosidl_typesupport_introspection_cpp/rm_interfaces/msg/detail/armor__type_support.cpp.o[0m
[2.166s] [ 30%] [32mBuilding CXX object CMakeFiles/rm_interfaces__rosidl_typesupport_c.dir/rosidl_typesupport_c/rm_interfaces/msg/measurement__type_support.cpp.o[0m
[2.169s] [ 31%] [32mBuilding CXX object CMakeFiles/rm_interfaces__rosidl_typesupport_fastrtps_cpp.dir/rosidl_typesupport_fastrtps_cpp/rm_interfaces/msg/detail/dds_fastrtps/armor__type_support.cpp.o[0m
[2.186s] [ 32%] [32mBuilding CXX object CMakeFiles/rm_interfaces__rosidl_typesupport_cpp.dir/rosidl_typesupport_cpp/rm_interfaces/msg/measurement__type_support.cpp.o[0m
[2.194s] [ 34%] [32mBuilding CXX object CMakeFiles/rm_interfaces__rosidl_typesupport_c.dir/rosidl_typesupport_c/rm_interfaces/msg/gimbal_cmd__type_support.cpp.o[0m
[2.196s] [ 35%] [32mBuilding CXX object CMakeFiles/rm_interfaces__rosidl_typesupport_c.dir/rosidl_typesupport_c/rm_interfaces/msg/serial_receive_data__type_support.cpp.o[0m
[2.219s] [ 36%] [32mBuilding CXX object CMakeFiles/rm_interfaces__rosidl_typesupport_cpp.dir/rosidl_typesupport_cpp/rm_interfaces/msg/gimbal_cmd__type_support.cpp.o[0m
[2.221s] [ 37%] [32mBuilding CXX object CMakeFiles/rm_interfaces__rosidl_typesupport_c.dir/rosidl_typesupport_c/rm_interfaces/srv/set_mode__type_support.cpp.o[0m
[2.223s] [ 39%] [32mBuilding C object CMakeFiles/rm_interfaces__rosidl_typesupport_introspection_c.dir/rosidl_typesupport_introspection_c/rm_interfaces/msg/detail/armor__type_support.c.o[0m
[2.225s] [ 40%] [32mBuilding CXX object CMakeFiles/rm_interfaces__rosidl_typesupport_introspection_cpp.dir/rosidl_typesupport_introspection_cpp/rm_interfaces/msg/detail/armors__type_support.cpp.o[0m
[2.232s] [ 41%] [32mBuilding CXX object CMakeFiles/rm_interfaces__rosidl_typesupport_fastrtps_c.dir/rosidl_typesupport_fastrtps_c/rm_interfaces/msg/detail/armor__type_support_c.cpp.o[0m
[2.253s] [ 43%] [32mBuilding C object CMakeFiles/rm_interfaces__rosidl_typesupport_introspection_c.dir/rosidl_typesupport_introspection_c/rm_interfaces/msg/detail/armors__type_support.c.o[0m
[2.256s] [ 44%] [32m[1mLinking CXX shared library librm_interfaces__rosidl_typesupport_c.so[0m
[2.284s] [ 45%] [32mBuilding C object CMakeFiles/rm_interfaces__rosidl_typesupport_introspection_c.dir/rosidl_typesupport_introspection_c/rm_interfaces/msg/detail/target__type_support.c.o[0m
[2.304s] [ 45%] Built target rm_interfaces__rosidl_typesupport_c
[2.320s] [ 46%] [32mBuilding CXX object CMakeFiles/rm_interfaces__rosidl_typesupport_fastrtps_c.dir/rosidl_typesupport_fastrtps_c/rm_interfaces/msg/detail/armors__type_support_c.cpp.o[0m
[2.324s] [ 48%] [32mBuilding C object CMakeFiles/rm_interfaces__rosidl_typesupport_introspection_c.dir/rosidl_typesupport_introspection_c/rm_interfaces/msg/detail/measurement__type_support.c.o[0m
[2.356s] [ 49%] [32mBuilding C object CMakeFiles/rm_interfaces__rosidl_typesupport_introspection_c.dir/rosidl_typesupport_introspection_c/rm_interfaces/msg/detail/gimbal_cmd__type_support.c.o[0m
[2.387s] [ 50%] [32mBuilding CXX object CMakeFiles/rm_interfaces__rosidl_typesupport_fastrtps_cpp.dir/rosidl_typesupport_fastrtps_cpp/rm_interfaces/msg/detail/dds_fastrtps/armors__type_support.cpp.o[0m
[2.392s] [ 51%] [32mBuilding C object CMakeFiles/rm_interfaces__rosidl_typesupport_introspection_c.dir/rosidl_typesupport_introspection_c/rm_interfaces/msg/detail/serial_receive_data__type_support.c.o[0m
[2.393s] [ 53%] [32mBuilding CXX object CMakeFiles/rm_interfaces__rosidl_typesupport_fastrtps_c.dir/rosidl_typesupport_fastrtps_c/rm_interfaces/msg/detail/target__type_support_c.cpp.o[0m
[2.428s] [ 55%] [32mBuilding C object CMakeFiles/rm_interfaces__rosidl_typesupport_introspection_c.dir/rosidl_typesupport_introspection_c/rm_interfaces/srv/detail/set_mode__type_support.c.o[0m
[2.428s] [ 55%] [32mBuilding CXX object CMakeFiles/rm_interfaces__rosidl_typesupport_cpp.dir/rosidl_typesupport_cpp/rm_interfaces/msg/serial_receive_data__type_support.cpp.o[0m
[2.429s] [ 56%] [32mBuilding CXX object CMakeFiles/rm_interfaces__rosidl_typesupport_introspection_cpp.dir/rosidl_typesupport_introspection_cpp/rm_interfaces/msg/detail/target__type_support.cpp.o[0m
[2.442s] [ 58%] [32mBuilding CXX object CMakeFiles/rm_interfaces__rosidl_typesupport_fastrtps_c.dir/rosidl_typesupport_fastrtps_c/rm_interfaces/msg/detail/measurement__type_support_c.cpp.o[0m
[2.478s] [ 59%] [32m[1mLinking C shared library librm_interfaces__rosidl_typesupport_introspection_c.so[0m
[2.504s] [ 60%] [32mBuilding CXX object CMakeFiles/rm_interfaces__rosidl_typesupport_fastrtps_c.dir/rosidl_typesupport_fastrtps_c/rm_interfaces/msg/detail/gimbal_cmd__type_support_c.cpp.o[0m
[2.514s] [ 60%] Built target rm_interfaces__rosidl_typesupport_introspection_c
[2.522s] [ 62%] [32mBuilding CXX object CMakeFiles/rm_interfaces__rosidl_typesupport_fastrtps_c.dir/rosidl_typesupport_fastrtps_c/rm_interfaces/msg/detail/serial_receive_data__type_support_c.cpp.o[0m
[2.565s] [ 63%] [32mBuilding CXX object CMakeFiles/rm_interfaces__rosidl_typesupport_fastrtps_cpp.dir/rosidl_typesupport_fastrtps_cpp/rm_interfaces/msg/detail/dds_fastrtps/target__type_support.cpp.o[0m
[2.598s] [ 64%] [32mBuilding CXX object CMakeFiles/rm_interfaces__rosidl_typesupport_cpp.dir/rosidl_typesupport_cpp/rm_interfaces/srv/set_mode__type_support.cpp.o[0m
[2.636s] [ 65%] [32mBuilding CXX object CMakeFiles/rm_interfaces__rosidl_typesupport_fastrtps_cpp.dir/rosidl_typesupport_fastrtps_cpp/rm_interfaces/msg/detail/dds_fastrtps/measurement__type_support.cpp.o[0m
[2.671s] [ 67%] [32mBuilding CXX object CMakeFiles/rm_interfaces__rosidl_typesupport_introspection_cpp.dir/rosidl_typesupport_introspection_cpp/rm_interfaces/msg/detail/measurement__type_support.cpp.o[0m
[2.686s] [ 68%] [32mBuilding CXX object CMakeFiles/rm_interfaces__rosidl_typesupport_fastrtps_cpp.dir/rosidl_typesupport_fastrtps_cpp/rm_interfaces/msg/detail/dds_fastrtps/gimbal_cmd__type_support.cpp.o[0m
[2.693s] [ 69%] [32mBuilding CXX object CMakeFiles/rm_interfaces__rosidl_typesupport_introspection_cpp.dir/rosidl_typesupport_introspection_cpp/rm_interfaces/msg/detail/gimbal_cmd__type_support.cpp.o[0m
[2.717s] [ 70%] [32mBuilding CXX object CMakeFiles/rm_interfaces__rosidl_typesupport_fastrtps_cpp.dir/rosidl_typesupport_fastrtps_cpp/rm_interfaces/msg/detail/dds_fastrtps/serial_receive_data__type_support.cpp.o[0m
[2.743s] [ 72%] [32mBuilding CXX object CMakeFiles/rm_interfaces__rosidl_typesupport_fastrtps_c.dir/rosidl_typesupport_fastrtps_c/rm_interfaces/srv/detail/set_mode__type_support_c.cpp.o[0m
[2.763s] [ 73%] [32m[1mLinking CXX shared library librm_interfaces__rosidl_typesupport_cpp.so[0m
[2.810s] [ 73%] Built target rm_interfaces__rosidl_typesupport_cpp
[2.820s] [ 74%] [32mBuilding CXX object CMakeFiles/rm_interfaces__rosidl_typesupport_introspection_cpp.dir/rosidl_typesupport_introspection_cpp/rm_interfaces/srv/detail/set_mode__type_support.cpp.o[0m
[2.820s] [ 75%] [32mBuilding CXX object CMakeFiles/rm_interfaces__rosidl_typesupport_introspection_cpp.dir/rosidl_typesupport_introspection_cpp/rm_interfaces/msg/detail/serial_receive_data__type_support.cpp.o[0m
[2.903s] [ 77%] [32mBuilding CXX object CMakeFiles/rm_interfaces__rosidl_typesupport_fastrtps_cpp.dir/rosidl_typesupport_fastrtps_cpp/rm_interfaces/srv/detail/dds_fastrtps/set_mode__type_support.cpp.o[0m
[2.953s] [ 78%] [32m[1mLinking CXX shared library librm_interfaces__rosidl_typesupport_fastrtps_c.so[0m
[3.024s] [ 78%] Built target rm_interfaces__rosidl_typesupport_fastrtps_c
[3.056s] [ 79%] [32m[1mLinking CXX shared library librm_interfaces__rosidl_typesupport_introspection_cpp.so[0m
[3.127s] [ 81%] [32m[1mLinking CXX shared library librm_interfaces__rosidl_typesupport_fastrtps_cpp.so[0m
[3.135s] [ 81%] Built target rm_interfaces__rosidl_typesupport_introspection_cpp
[3.229s] [ 81%] Built target rm_interfaces__rosidl_typesupport_fastrtps_cpp
[3.264s] [ 81%] Built target rm_interfaces
[3.306s] [ 82%] [34m[1mGenerating Python code for ROS interfaces[0m
[3.951s] [ 82%] Built target rm_interfaces__py
[3.980s] [ 83%] [32mBuilding C object CMakeFiles/rm_interfaces__rosidl_generator_py.dir/rosidl_generator_py/rm_interfaces/msg/_armors_s.c.o[0m
[3.981s] [ 84%] [32mBuilding C object CMakeFiles/rm_interfaces__rosidl_generator_py.dir/rosidl_generator_py/rm_interfaces/msg/_armor_s.c.o[0m
[3.981s] [ 86%] [32mBuilding C object CMakeFiles/rm_interfaces__rosidl_generator_py.dir/rosidl_generator_py/rm_interfaces/msg/_target_s.c.o[0m
[3.984s] [ 87%] [32mBuilding C object CMakeFiles/rm_interfaces__rosidl_generator_py.dir/rosidl_generator_py/rm_interfaces/msg/_measurement_s.c.o[0m
[3.984s] [ 88%] [32mBuilding C object CMakeFiles/rm_interfaces__rosidl_generator_py.dir/rosidl_generator_py/rm_interfaces/msg/_serial_receive_data_s.c.o[0m
[3.985s] [ 89%] [32mBuilding C object CMakeFiles/rm_interfaces__rosidl_generator_py.dir/rosidl_generator_py/rm_interfaces/srv/_set_mode_s.c.o[0m
[3.986s] [ 91%] [32mBuilding C object CMakeFiles/rm_interfaces__rosidl_generator_py.dir/rosidl_generator_py/rm_interfaces/msg/_gimbal_cmd_s.c.o[0m
[4.088s] [ 92%] [32m[1mLinking C shared library rosidl_generator_py/rm_interfaces/librm_interfaces__rosidl_generator_py.so[0m
[4.136s] [ 92%] Built target rm_interfaces__rosidl_generator_py
[4.166s] [ 93%] [32mBuilding C object CMakeFiles/rm_interfaces__rosidl_typesupport_c__pyext.dir/rosidl_generator_py/rm_interfaces/_rm_interfaces_s.ep.rosidl_typesupport_c.c.o[0m
[4.168s] [ 94%] [32mBuilding C object CMakeFiles/rm_interfaces__rosidl_typesupport_introspection_c__pyext.dir/rosidl_generator_py/rm_interfaces/_rm_interfaces_s.ep.rosidl_typesupport_introspection_c.c.o[0m
[4.170s] [ 96%] [32mBuilding C object CMakeFiles/rm_interfaces__rosidl_typesupport_fastrtps_c__pyext.dir/rosidl_generator_py/rm_interfaces/_rm_interfaces_s.ep.rosidl_typesupport_fastrtps_c.c.o[0m
[4.246s] [ 97%] [32m[1mLinking C shared library rosidl_generator_py/rm_interfaces/rm_interfaces_s__rosidl_typesupport_c.cpython-310-x86_64-linux-gnu.so[0m
[4.267s] [ 98%] [32m[1mLinking C shared library rosidl_generator_py/rm_interfaces/rm_interfaces_s__rosidl_typesupport_introspection_c.cpython-310-x86_64-linux-gnu.so[0m
[4.271s] [100%] [32m[1mLinking C shared library rosidl_generator_py/rm_interfaces/rm_interfaces_s__rosidl_typesupport_fastrtps_c.cpython-310-x86_64-linux-gnu.so[0m
[4.283s] [100%] Built target rm_interfaces__rosidl_typesupport_c__pyext
[4.303s] [100%] Built target rm_interfaces__rosidl_typesupport_fastrtps_c__pyext
[4.305s] [100%] Built target rm_interfaces__rosidl_typesupport_introspection_c__pyext
[4.317s] Invoked command in '/home/lin/auto-aim/build/rm_interfaces' returned '0': CMAKE_PREFIX_PATH=/opt/ros/humble /usr/bin/cmake --build /home/lin/auto-aim/build/rm_interfaces -- -j8 -l8
[4.318s] Invoking command in '/home/lin/auto-aim/build/rm_interfaces': CMAKE_PREFIX_PATH=/opt/ros/humble /usr/bin/cmake --install /home/lin/auto-aim/build/rm_interfaces
[4.326s] -- Install configuration: ""
[4.327s] -- Execute custom install script
[4.327s] -- Up-to-date symlink: /home/lin/auto-aim/install/rm_interfaces/share/ament_index/resource_index/rosidl_interfaces/rm_interfaces
[4.327s] -- Up-to-date symlink: /home/lin/auto-aim/install/rm_interfaces/include/rm_interfaces/rm_interfaces/msg/armor.h
[4.328s] -- Up-to-date symlink: /home/lin/auto-aim/install/rm_interfaces/include/rm_interfaces/rm_interfaces/msg/armors.h
[4.328s] -- Up-to-date symlink: /home/lin/auto-aim/install/rm_interfaces/include/rm_interfaces/rm_interfaces/msg/detail/armor__functions.h
[4.328s] -- Up-to-date symlink: /home/lin/auto-aim/install/rm_interfaces/include/rm_interfaces/rm_interfaces/msg/detail/armor__struct.h
[4.328s] -- Up-to-date symlink: /home/lin/auto-aim/install/rm_interfaces/include/rm_interfaces/rm_interfaces/msg/detail/armor__type_support.h
[4.328s] -- Up-to-date symlink: /home/lin/auto-aim/install/rm_interfaces/include/rm_interfaces/rm_interfaces/msg/detail/armors__functions.h
[4.328s] -- Up-to-date symlink: /home/lin/auto-aim/install/rm_interfaces/include/rm_interfaces/rm_interfaces/msg/detail/armors__struct.h
[4.328s] -- Up-to-date symlink: /home/lin/auto-aim/install/rm_interfaces/include/rm_interfaces/rm_interfaces/msg/detail/armors__type_support.h
[4.328s] -- Up-to-date symlink: /home/lin/auto-aim/install/rm_interfaces/include/rm_interfaces/rm_interfaces/msg/detail/gimbal_cmd__functions.h
[4.329s] -- Up-to-date symlink: /home/lin/auto-aim/install/rm_interfaces/include/rm_interfaces/rm_interfaces/msg/detail/gimbal_cmd__struct.h
[4.329s] -- Up-to-date symlink: /home/lin/auto-aim/install/rm_interfaces/include/rm_interfaces/rm_interfaces/msg/detail/gimbal_cmd__type_support.h
[4.329s] -- Up-to-date symlink: /home/lin/auto-aim/install/rm_interfaces/include/rm_interfaces/rm_interfaces/msg/detail/measurement__functions.h
[4.329s] -- Up-to-date symlink: /home/lin/auto-aim/install/rm_interfaces/include/rm_interfaces/rm_interfaces/msg/detail/measurement__struct.h
[4.329s] -- Up-to-date symlink: /home/lin/auto-aim/install/rm_interfaces/include/rm_interfaces/rm_interfaces/msg/detail/measurement__type_support.h
[4.329s] -- Up-to-date symlink: /home/lin/auto-aim/install/rm_interfaces/include/rm_interfaces/rm_interfaces/msg/detail/serial_receive_data__functions.h
[4.329s] -- Up-to-date symlink: /home/lin/auto-aim/install/rm_interfaces/include/rm_interfaces/rm_interfaces/msg/detail/serial_receive_data__struct.h
[4.329s] -- Up-to-date symlink: /home/lin/auto-aim/install/rm_interfaces/include/rm_interfaces/rm_interfaces/msg/detail/serial_receive_data__type_support.h
[4.329s] -- Up-to-date symlink: /home/lin/auto-aim/install/rm_interfaces/include/rm_interfaces/rm_interfaces/msg/detail/target__functions.h
[4.329s] -- Up-to-date symlink: /home/lin/auto-aim/install/rm_interfaces/include/rm_interfaces/rm_interfaces/msg/detail/target__struct.h
[4.329s] -- Up-to-date symlink: /home/lin/auto-aim/install/rm_interfaces/include/rm_interfaces/rm_interfaces/msg/detail/target__type_support.h
[4.329s] -- Up-to-date symlink: /home/lin/auto-aim/install/rm_interfaces/include/rm_interfaces/rm_interfaces/msg/gimbal_cmd.h
[4.330s] -- Up-to-date symlink: /home/lin/auto-aim/install/rm_interfaces/include/rm_interfaces/rm_interfaces/msg/measurement.h
[4.330s] -- Up-to-date symlink: /home/lin/auto-aim/install/rm_interfaces/include/rm_interfaces/rm_interfaces/msg/rosidl_generator_c__visibility_control.h
[4.330s] -- Up-to-date symlink: /home/lin/auto-aim/install/rm_interfaces/include/rm_interfaces/rm_interfaces/msg/serial_receive_data.h
[4.330s] -- Up-to-date symlink: /home/lin/auto-aim/install/rm_interfaces/include/rm_interfaces/rm_interfaces/msg/target.h
[4.330s] -- Up-to-date symlink: /home/lin/auto-aim/install/rm_interfaces/include/rm_interfaces/rm_interfaces/srv/detail/set_mode__functions.h
[4.330s] -- Up-to-date symlink: /home/lin/auto-aim/install/rm_interfaces/include/rm_interfaces/rm_interfaces/srv/detail/set_mode__struct.h
[4.330s] -- Up-to-date symlink: /home/lin/auto-aim/install/rm_interfaces/include/rm_interfaces/rm_interfaces/srv/detail/set_mode__type_support.h
[4.330s] -- Up-to-date symlink: /home/lin/auto-aim/install/rm_interfaces/include/rm_interfaces/rm_interfaces/srv/set_mode.h
[4.330s] -- Up-to-date symlink: /home/lin/auto-aim/install/rm_interfaces/share/rm_interfaces/environment/library_path.sh
[4.330s] -- Up-to-date symlink: /home/lin/auto-aim/install/rm_interfaces/share/rm_interfaces/environment/library_path.dsv
[4.330s] -- Up-to-date symlink: /home/lin/auto-aim/install/rm_interfaces/include/rm_interfaces/rm_interfaces/msg/detail/armor__rosidl_typesupport_fastrtps_c.h
[4.330s] -- Up-to-date symlink: /home/lin/auto-aim/install/rm_interfaces/include/rm_interfaces/rm_interfaces/msg/detail/armors__rosidl_typesupport_fastrtps_c.h
[4.331s] -- Up-to-date symlink: /home/lin/auto-aim/install/rm_interfaces/include/rm_interfaces/rm_interfaces/msg/detail/gimbal_cmd__rosidl_typesupport_fastrtps_c.h
[4.331s] -- Up-to-date symlink: /home/lin/auto-aim/install/rm_interfaces/include/rm_interfaces/rm_interfaces/msg/detail/measurement__rosidl_typesupport_fastrtps_c.h
[4.331s] -- Up-to-date symlink: /home/lin/auto-aim/install/rm_interfaces/include/rm_interfaces/rm_interfaces/msg/detail/serial_receive_data__rosidl_typesupport_fastrtps_c.h
[4.331s] -- Up-to-date symlink: /home/lin/auto-aim/install/rm_interfaces/include/rm_interfaces/rm_interfaces/msg/detail/target__rosidl_typesupport_fastrtps_c.h
[4.331s] -- Up-to-date symlink: /home/lin/auto-aim/install/rm_interfaces/include/rm_interfaces/rm_interfaces/msg/rosidl_typesupport_fastrtps_c__visibility_control.h
[4.331s] -- Up-to-date symlink: /home/lin/auto-aim/install/rm_interfaces/include/rm_interfaces/rm_interfaces/srv/detail/set_mode__rosidl_typesupport_fastrtps_c.h
[4.331s] -- Up-to-date symlink: /home/lin/auto-aim/install/rm_interfaces/include/rm_interfaces/rm_interfaces/msg/detail/armor__rosidl_typesupport_introspection_c.h
[4.331s] -- Up-to-date symlink: /home/lin/auto-aim/install/rm_interfaces/include/rm_interfaces/rm_interfaces/msg/detail/armors__rosidl_typesupport_introspection_c.h
[4.331s] -- Up-to-date symlink: /home/lin/auto-aim/install/rm_interfaces/include/rm_interfaces/rm_interfaces/msg/detail/gimbal_cmd__rosidl_typesupport_introspection_c.h
[4.331s] -- Up-to-date symlink: /home/lin/auto-aim/install/rm_interfaces/include/rm_interfaces/rm_interfaces/msg/detail/measurement__rosidl_typesupport_introspection_c.h
[4.331s] -- Up-to-date symlink: /home/lin/auto-aim/install/rm_interfaces/include/rm_interfaces/rm_interfaces/msg/detail/serial_receive_data__rosidl_typesupport_introspection_c.h
[4.331s] -- Up-to-date symlink: /home/lin/auto-aim/install/rm_interfaces/include/rm_interfaces/rm_interfaces/msg/detail/target__rosidl_typesupport_introspection_c.h
[4.332s] -- Up-to-date symlink: /home/lin/auto-aim/install/rm_interfaces/include/rm_interfaces/rm_interfaces/msg/rosidl_typesupport_introspection_c__visibility_control.h
[4.332s] -- Up-to-date symlink: /home/lin/auto-aim/install/rm_interfaces/include/rm_interfaces/rm_interfaces/srv/detail/set_mode__rosidl_typesupport_introspection_c.h
[4.332s] -- Up-to-date symlink: /home/lin/auto-aim/install/rm_interfaces/include/rm_interfaces/rm_interfaces/msg/armor.hpp
[4.332s] -- Up-to-date symlink: /home/lin/auto-aim/install/rm_interfaces/include/rm_interfaces/rm_interfaces/msg/armors.hpp
[4.332s] -- Up-to-date symlink: /home/lin/auto-aim/install/rm_interfaces/include/rm_interfaces/rm_interfaces/msg/detail/armor__builder.hpp
[4.332s] -- Up-to-date symlink: /home/lin/auto-aim/install/rm_interfaces/include/rm_interfaces/rm_interfaces/msg/detail/armor__struct.hpp
[4.332s] -- Up-to-date symlink: /home/lin/auto-aim/install/rm_interfaces/include/rm_interfaces/rm_interfaces/msg/detail/armor__traits.hpp
[4.332s] -- Up-to-date symlink: /home/lin/auto-aim/install/rm_interfaces/include/rm_interfaces/rm_interfaces/msg/detail/armor__type_support.hpp
[4.332s] -- Up-to-date symlink: /home/lin/auto-aim/install/rm_interfaces/include/rm_interfaces/rm_interfaces/msg/detail/armors__builder.hpp
[4.332s] -- Up-to-date symlink: /home/lin/auto-aim/install/rm_interfaces/include/rm_interfaces/rm_interfaces/msg/detail/armors__struct.hpp
[4.332s] -- Up-to-date symlink: /home/lin/auto-aim/install/rm_interfaces/include/rm_interfaces/rm_interfaces/msg/detail/armors__traits.hpp
[4.333s] -- Up-to-date symlink: /home/lin/auto-aim/install/rm_interfaces/include/rm_interfaces/rm_interfaces/msg/detail/armors__type_support.hpp
[4.333s] -- Up-to-date symlink: /home/lin/auto-aim/install/rm_interfaces/include/rm_interfaces/rm_interfaces/msg/detail/gimbal_cmd__builder.hpp
[4.333s] -- Up-to-date symlink: /home/lin/auto-aim/install/rm_interfaces/include/rm_interfaces/rm_interfaces/msg/detail/gimbal_cmd__struct.hpp
[4.333s] -- Up-to-date symlink: /home/lin/auto-aim/install/rm_interfaces/include/rm_interfaces/rm_interfaces/msg/detail/gimbal_cmd__traits.hpp
[4.333s] -- Up-to-date symlink: /home/lin/auto-aim/install/rm_interfaces/include/rm_interfaces/rm_interfaces/msg/detail/gimbal_cmd__type_support.hpp
[4.333s] -- Up-to-date symlink: /home/lin/auto-aim/install/rm_interfaces/include/rm_interfaces/rm_interfaces/msg/detail/measurement__builder.hpp
[4.333s] -- Up-to-date symlink: /home/lin/auto-aim/install/rm_interfaces/include/rm_interfaces/rm_interfaces/msg/detail/measurement__struct.hpp
[4.333s] -- Up-to-date symlink: /home/lin/auto-aim/install/rm_interfaces/include/rm_interfaces/rm_interfaces/msg/detail/measurement__traits.hpp
[4.333s] -- Up-to-date symlink: /home/lin/auto-aim/install/rm_interfaces/include/rm_interfaces/rm_interfaces/msg/detail/measurement__type_support.hpp
[4.334s] -- Up-to-date symlink: /home/lin/auto-aim/install/rm_interfaces/include/rm_interfaces/rm_interfaces/msg/detail/serial_receive_data__builder.hpp
[4.334s] -- Up-to-date symlink: /home/lin/auto-aim/install/rm_interfaces/include/rm_interfaces/rm_interfaces/msg/detail/serial_receive_data__struct.hpp
[4.334s] -- Up-to-date symlink: /home/lin/auto-aim/install/rm_interfaces/include/rm_interfaces/rm_interfaces/msg/detail/serial_receive_data__traits.hpp
[4.334s] -- Up-to-date symlink: /home/lin/auto-aim/install/rm_interfaces/include/rm_interfaces/rm_interfaces/msg/detail/serial_receive_data__type_support.hpp
[4.334s] -- Up-to-date symlink: /home/lin/auto-aim/install/rm_interfaces/include/rm_interfaces/rm_interfaces/msg/detail/target__builder.hpp
[4.334s] -- Up-to-date symlink: /home/lin/auto-aim/install/rm_interfaces/include/rm_interfaces/rm_interfaces/msg/detail/target__struct.hpp
[4.334s] -- Up-to-date symlink: /home/lin/auto-aim/install/rm_interfaces/include/rm_interfaces/rm_interfaces/msg/detail/target__traits.hpp
[4.334s] -- Up-to-date symlink: /home/lin/auto-aim/install/rm_interfaces/include/rm_interfaces/rm_interfaces/msg/detail/target__type_support.hpp
[4.334s] -- Up-to-date symlink: /home/lin/auto-aim/install/rm_interfaces/include/rm_interfaces/rm_interfaces/msg/gimbal_cmd.hpp
[4.334s] -- Up-to-date symlink: /home/lin/auto-aim/install/rm_interfaces/include/rm_interfaces/rm_interfaces/msg/measurement.hpp
[4.334s] -- Up-to-date symlink: /home/lin/auto-aim/install/rm_interfaces/include/rm_interfaces/rm_interfaces/msg/rosidl_generator_cpp__visibility_control.hpp
[4.334s] -- Up-to-date symlink: /home/lin/auto-aim/install/rm_interfaces/include/rm_interfaces/rm_interfaces/msg/serial_receive_data.hpp
[4.334s] -- Up-to-date symlink: /home/lin/auto-aim/install/rm_interfaces/include/rm_interfaces/rm_interfaces/msg/target.hpp
[4.334s] -- Up-to-date symlink: /home/lin/auto-aim/install/rm_interfaces/include/rm_interfaces/rm_interfaces/srv/detail/set_mode__builder.hpp
[4.334s] -- Up-to-date symlink: /home/lin/auto-aim/install/rm_interfaces/include/rm_interfaces/rm_interfaces/srv/detail/set_mode__struct.hpp
[4.334s] -- Up-to-date symlink: /home/lin/auto-aim/install/rm_interfaces/include/rm_interfaces/rm_interfaces/srv/detail/set_mode__traits.hpp
[4.334s] -- Up-to-date symlink: /home/lin/auto-aim/install/rm_interfaces/include/rm_interfaces/rm_interfaces/srv/detail/set_mode__type_support.hpp
[4.334s] -- Up-to-date symlink: /home/lin/auto-aim/install/rm_interfaces/include/rm_interfaces/rm_interfaces/srv/set_mode.hpp
[4.334s] -- Up-to-date symlink: /home/lin/auto-aim/install/rm_interfaces/include/rm_interfaces/rm_interfaces/msg/detail/armor__rosidl_typesupport_fastrtps_cpp.hpp
[4.334s] -- Up-to-date symlink: /home/lin/auto-aim/install/rm_interfaces/include/rm_interfaces/rm_interfaces/msg/detail/armors__rosidl_typesupport_fastrtps_cpp.hpp
[4.335s] -- Up-to-date symlink: /home/lin/auto-aim/install/rm_interfaces/include/rm_interfaces/rm_interfaces/msg/detail/gimbal_cmd__rosidl_typesupport_fastrtps_cpp.hpp
[4.335s] -- Up-to-date symlink: /home/lin/auto-aim/install/rm_interfaces/include/rm_interfaces/rm_interfaces/msg/detail/measurement__rosidl_typesupport_fastrtps_cpp.hpp
[4.335s] -- Up-to-date symlink: /home/lin/auto-aim/install/rm_interfaces/include/rm_interfaces/rm_interfaces/msg/detail/serial_receive_data__rosidl_typesupport_fastrtps_cpp.hpp
[4.335s] -- Up-to-date symlink: /home/lin/auto-aim/install/rm_interfaces/include/rm_interfaces/rm_interfaces/msg/detail/target__rosidl_typesupport_fastrtps_cpp.hpp
[4.335s] -- Up-to-date symlink: /home/lin/auto-aim/install/rm_interfaces/include/rm_interfaces/rm_interfaces/msg/rosidl_typesupport_fastrtps_cpp__visibility_control.h
[4.335s] -- Up-to-date symlink: /home/lin/auto-aim/install/rm_interfaces/include/rm_interfaces/rm_interfaces/srv/detail/set_mode__rosidl_typesupport_fastrtps_cpp.hpp
[4.335s] -- Up-to-date symlink: /home/lin/auto-aim/install/rm_interfaces/include/rm_interfaces/rm_interfaces/msg/detail/armor__rosidl_typesupport_introspection_cpp.hpp
[4.335s] -- Up-to-date symlink: /home/lin/auto-aim/install/rm_interfaces/include/rm_interfaces/rm_interfaces/msg/detail/armors__rosidl_typesupport_introspection_cpp.hpp
[4.335s] -- Up-to-date symlink: /home/lin/auto-aim/install/rm_interfaces/include/rm_interfaces/rm_interfaces/msg/detail/gimbal_cmd__rosidl_typesupport_introspection_cpp.hpp
[4.335s] -- Up-to-date symlink: /home/lin/auto-aim/install/rm_interfaces/include/rm_interfaces/rm_interfaces/msg/detail/measurement__rosidl_typesupport_introspection_cpp.hpp
[4.335s] -- Up-to-date symlink: /home/lin/auto-aim/install/rm_interfaces/include/rm_interfaces/rm_interfaces/msg/detail/serial_receive_data__rosidl_typesupport_introspection_cpp.hpp
[4.335s] -- Up-to-date symlink: /home/lin/auto-aim/install/rm_interfaces/include/rm_interfaces/rm_interfaces/msg/detail/target__rosidl_typesupport_introspection_cpp.hpp
[4.335s] -- Up-to-date symlink: /home/lin/auto-aim/install/rm_interfaces/include/rm_interfaces/rm_interfaces/srv/detail/set_mode__rosidl_typesupport_introspection_cpp.hpp
[4.335s] -- Up-to-date symlink: /home/lin/auto-aim/install/rm_interfaces/share/rm_interfaces/environment/pythonpath.sh
[4.335s] -- Up-to-date symlink: /home/lin/auto-aim/install/rm_interfaces/share/rm_interfaces/environment/pythonpath.dsv
[4.335s] -- Up-to-date symlink: /home/lin/auto-aim/install/rm_interfaces/local/lib/python3.10/dist-packages/rm_interfaces-1.0.0-py3.10.egg-info/PKG-INFO
[4.335s] -- Up-to-date symlink: /home/lin/auto-aim/install/rm_interfaces/local/lib/python3.10/dist-packages/rm_interfaces-1.0.0-py3.10.egg-info/SOURCES.txt
[4.335s] -- Up-to-date symlink: /home/lin/auto-aim/install/rm_interfaces/local/lib/python3.10/dist-packages/rm_interfaces-1.0.0-py3.10.egg-info/dependency_links.txt
[4.335s] -- Up-to-date symlink: /home/lin/auto-aim/install/rm_interfaces/local/lib/python3.10/dist-packages/rm_interfaces-1.0.0-py3.10.egg-info/top_level.txt
[4.336s] -- Up-to-date symlink: /home/lin/auto-aim/install/rm_interfaces/local/lib/python3.10/dist-packages/rm_interfaces/__init__.py
[4.336s] -- Up-to-date symlink: /home/lin/auto-aim/install/rm_interfaces/local/lib/python3.10/dist-packages/rm_interfaces/_rm_interfaces_s.ep.rosidl_typesupport_c.c
[4.336s] -- Up-to-date symlink: /home/lin/auto-aim/install/rm_interfaces/local/lib/python3.10/dist-packages/rm_interfaces/_rm_interfaces_s.ep.rosidl_typesupport_fastrtps_c.c
[4.336s] -- Up-to-date symlink: /home/lin/auto-aim/install/rm_interfaces/local/lib/python3.10/dist-packages/rm_interfaces/_rm_interfaces_s.ep.rosidl_typesupport_introspection_c.c
[4.336s] -- Up-to-date symlink: /home/lin/auto-aim/install/rm_interfaces/local/lib/python3.10/dist-packages/rm_interfaces/librm_interfaces__rosidl_generator_py.so
[4.336s] -- Up-to-date symlink: /home/lin/auto-aim/install/rm_interfaces/local/lib/python3.10/dist-packages/rm_interfaces/msg/__init__.py
[4.336s] -- Up-to-date symlink: /home/lin/auto-aim/install/rm_interfaces/local/lib/python3.10/dist-packages/rm_interfaces/msg/_armor.py
[4.336s] -- Up-to-date symlink: /home/lin/auto-aim/install/rm_interfaces/local/lib/python3.10/dist-packages/rm_interfaces/msg/_armor_s.c
[4.336s] -- Up-to-date symlink: /home/lin/auto-aim/install/rm_interfaces/local/lib/python3.10/dist-packages/rm_interfaces/msg/_armors.py
[4.336s] -- Up-to-date symlink: /home/lin/auto-aim/install/rm_interfaces/local/lib/python3.10/dist-packages/rm_interfaces/msg/_armors_s.c
[4.336s] -- Up-to-date symlink: /home/lin/auto-aim/install/rm_interfaces/local/lib/python3.10/dist-packages/rm_interfaces/msg/_gimbal_cmd.py
[4.336s] -- Up-to-date symlink: /home/lin/auto-aim/install/rm_interfaces/local/lib/python3.10/dist-packages/rm_interfaces/msg/_gimbal_cmd_s.c
[4.336s] -- Up-to-date symlink: /home/lin/auto-aim/install/rm_interfaces/local/lib/python3.10/dist-packages/rm_interfaces/msg/_measurement.py
[4.336s] -- Up-to-date symlink: /home/lin/auto-aim/install/rm_interfaces/local/lib/python3.10/dist-packages/rm_interfaces/msg/_measurement_s.c
[4.336s] -- Up-to-date symlink: /home/lin/auto-aim/install/rm_interfaces/local/lib/python3.10/dist-packages/rm_interfaces/msg/_serial_receive_data.py
[4.336s] -- Up-to-date symlink: /home/lin/auto-aim/install/rm_interfaces/local/lib/python3.10/dist-packages/rm_interfaces/msg/_serial_receive_data_s.c
[4.337s] -- Up-to-date symlink: /home/lin/auto-aim/install/rm_interfaces/local/lib/python3.10/dist-packages/rm_interfaces/msg/_target.py
[4.337s] -- Up-to-date symlink: /home/lin/auto-aim/install/rm_interfaces/local/lib/python3.10/dist-packages/rm_interfaces/msg/_target_s.c
[4.337s] -- Up-to-date symlink: /home/lin/auto-aim/install/rm_interfaces/local/lib/python3.10/dist-packages/rm_interfaces/rm_interfaces_s__rosidl_typesupport_c.cpython-310-x86_64-linux-gnu.so
[4.337s] -- Up-to-date symlink: /home/lin/auto-aim/install/rm_interfaces/local/lib/python3.10/dist-packages/rm_interfaces/rm_interfaces_s__rosidl_typesupport_fastrtps_c.cpython-310-x86_64-linux-gnu.so
[4.337s] -- Up-to-date symlink: /home/lin/auto-aim/install/rm_interfaces/local/lib/python3.10/dist-packages/rm_interfaces/rm_interfaces_s__rosidl_typesupport_introspection_c.cpython-310-x86_64-linux-gnu.so
[4.337s] -- Up-to-date symlink: /home/lin/auto-aim/install/rm_interfaces/local/lib/python3.10/dist-packages/rm_interfaces/srv/__init__.py
[4.337s] -- Up-to-date symlink: /home/lin/auto-aim/install/rm_interfaces/local/lib/python3.10/dist-packages/rm_interfaces/srv/_set_mode.py
[4.337s] -- Up-to-date symlink: /home/lin/auto-aim/install/rm_interfaces/local/lib/python3.10/dist-packages/rm_interfaces/srv/_set_mode_s.c
[4.337s] -- Up-to-date symlink: /home/lin/auto-aim/install/rm_interfaces/local/lib/python3.10/dist-packages/rm_interfaces/rm_interfaces_s__rosidl_typesupport_fastrtps_c.cpython-310-x86_64-linux-gnu.so
[4.337s] -- Up-to-date symlink: /home/lin/auto-aim/install/rm_interfaces/local/lib/python3.10/dist-packages/rm_interfaces/rm_interfaces_s__rosidl_typesupport_introspection_c.cpython-310-x86_64-linux-gnu.so
[4.337s] -- Up-to-date symlink: /home/lin/auto-aim/install/rm_interfaces/local/lib/python3.10/dist-packages/rm_interfaces/rm_interfaces_s__rosidl_typesupport_c.cpython-310-x86_64-linux-gnu.so
[4.337s] -- Up-to-date symlink: /home/lin/auto-aim/install/rm_interfaces/share/rm_interfaces/msg/Armor.idl
[4.337s] -- Up-to-date symlink: /home/lin/auto-aim/install/rm_interfaces/share/rm_interfaces/msg/Armors.idl
[4.337s] -- Up-to-date symlink: /home/lin/auto-aim/install/rm_interfaces/share/rm_interfaces/msg/Target.idl
[4.337s] -- Up-to-date symlink: /home/lin/auto-aim/install/rm_interfaces/share/rm_interfaces/msg/Measurement.idl
[4.337s] -- Up-to-date symlink: /home/lin/auto-aim/install/rm_interfaces/share/rm_interfaces/msg/GimbalCmd.idl
[4.337s] -- Up-to-date symlink: /home/lin/auto-aim/install/rm_interfaces/share/rm_interfaces/msg/SerialReceiveData.idl
[4.337s] -- Up-to-date symlink: /home/lin/auto-aim/install/rm_interfaces/share/rm_interfaces/srv/SetMode.idl
[4.337s] -- Up-to-date symlink: /home/lin/auto-aim/install/rm_interfaces/share/rm_interfaces/msg/Armor.msg
[4.337s] -- Up-to-date symlink: /home/lin/auto-aim/install/rm_interfaces/share/rm_interfaces/msg/Armors.msg
[4.337s] -- Up-to-date symlink: /home/lin/auto-aim/install/rm_interfaces/share/rm_interfaces/msg/Target.msg
[4.337s] -- Up-to-date symlink: /home/lin/auto-aim/install/rm_interfaces/share/rm_interfaces/msg/Measurement.msg
[4.337s] -- Up-to-date symlink: /home/lin/auto-aim/install/rm_interfaces/share/rm_interfaces/msg/GimbalCmd.msg
[4.338s] -- Up-to-date symlink: /home/lin/auto-aim/install/rm_interfaces/share/rm_interfaces/msg/SerialReceiveData.msg
[4.338s] -- Up-to-date symlink: /home/lin/auto-aim/install/rm_interfaces/share/rm_interfaces/srv/SetMode.srv
[4.338s] -- Up-to-date symlink: /home/lin/auto-aim/install/rm_interfaces/share/rm_interfaces/srv/SetMode_Request.msg
[4.338s] -- Up-to-date symlink: /home/lin/auto-aim/install/rm_interfaces/share/rm_interfaces/srv/SetMode_Response.msg
[4.338s] -- Up-to-date symlink: /home/lin/auto-aim/install/rm_interfaces/share/ament_index/resource_index/package_run_dependencies/rm_interfaces
[4.338s] -- Up-to-date symlink: /home/lin/auto-aim/install/rm_interfaces/share/ament_index/resource_index/parent_prefix_path/rm_interfaces
[4.338s] -- Up-to-date symlink: /home/lin/auto-aim/install/rm_interfaces/share/rm_interfaces/environment/ament_prefix_path.sh
[4.338s] -- Up-to-date symlink: /home/lin/auto-aim/install/rm_interfaces/share/rm_interfaces/environment/ament_prefix_path.dsv
[4.338s] -- Up-to-date symlink: /home/lin/auto-aim/install/rm_interfaces/share/rm_interfaces/environment/path.sh
[4.338s] -- Up-to-date symlink: /home/lin/auto-aim/install/rm_interfaces/share/rm_interfaces/environment/path.dsv
[4.338s] -- Up-to-date symlink: /home/lin/auto-aim/install/rm_interfaces/share/rm_interfaces/local_setup.bash
[4.338s] -- Up-to-date symlink: /home/lin/auto-aim/install/rm_interfaces/share/rm_interfaces/local_setup.sh
[4.338s] -- Up-to-date symlink: /home/lin/auto-aim/install/rm_interfaces/share/rm_interfaces/local_setup.zsh
[4.338s] -- Up-to-date symlink: /home/lin/auto-aim/install/rm_interfaces/share/rm_interfaces/local_setup.dsv
[4.338s] -- Symlinking: /home/lin/auto-aim/install/rm_interfaces/share/rm_interfaces/package.dsv
[4.348s] -- Up-to-date symlink: /home/lin/auto-aim/install/rm_interfaces/share/ament_index/resource_index/packages/rm_interfaces
[4.348s] -- Up-to-date symlink: /home/lin/auto-aim/install/rm_interfaces/share/rm_interfaces/cmake/rosidl_cmake-extras.cmake
[4.349s] -- Up-to-date symlink: /home/lin/auto-aim/install/rm_interfaces/share/rm_interfaces/cmake/ament_cmake_export_dependencies-extras.cmake
[4.349s] -- Up-to-date symlink: /home/lin/auto-aim/install/rm_interfaces/share/rm_interfaces/cmake/ament_cmake_export_include_directories-extras.cmake
[4.349s] -- Up-to-date symlink: /home/lin/auto-aim/install/rm_interfaces/share/rm_interfaces/cmake/ament_cmake_export_libraries-extras.cmake
[4.349s] -- Up-to-date symlink: /home/lin/auto-aim/install/rm_interfaces/share/rm_interfaces/cmake/ament_cmake_export_targets-extras.cmake
[4.349s] -- Up-to-date symlink: /home/lin/auto-aim/install/rm_interfaces/share/rm_interfaces/cmake/rosidl_cmake_export_typesupport_targets-extras.cmake
[4.349s] -- Up-to-date symlink: /home/lin/auto-aim/install/rm_interfaces/share/rm_interfaces/cmake/rosidl_cmake_export_typesupport_libraries-extras.cmake
[4.349s] -- Up-to-date symlink: /home/lin/auto-aim/install/rm_interfaces/share/rm_interfaces/cmake/rm_interfacesConfig.cmake
[4.349s] -- Up-to-date symlink: /home/lin/auto-aim/install/rm_interfaces/share/rm_interfaces/cmake/rm_interfacesConfig-version.cmake
[4.349s] -- Up-to-date symlink: /home/lin/auto-aim/install/rm_interfaces/share/rm_interfaces/package.xml
[4.350s] -- Installing: /home/lin/auto-aim/install/rm_interfaces/lib/librm_interfaces__rosidl_generator_c.so
[4.350s] -- Set runtime path of "/home/lin/auto-aim/install/rm_interfaces/lib/librm_interfaces__rosidl_generator_c.so" to ""
[4.350s] -- Installing: /home/lin/auto-aim/install/rm_interfaces/lib/librm_interfaces__rosidl_typesupport_fastrtps_c.so
[4.351s] -- Set runtime path of "/home/lin/auto-aim/install/rm_interfaces/lib/librm_interfaces__rosidl_typesupport_fastrtps_c.so" to ""
[4.351s] -- Installing: /home/lin/auto-aim/install/rm_interfaces/lib/librm_interfaces__rosidl_typesupport_introspection_c.so
[4.352s] -- Set runtime path of "/home/lin/auto-aim/install/rm_interfaces/lib/librm_interfaces__rosidl_typesupport_introspection_c.so" to ""
[4.352s] -- Installing: /home/lin/auto-aim/install/rm_interfaces/lib/librm_interfaces__rosidl_typesupport_c.so
[4.352s] -- Set runtime path of "/home/lin/auto-aim/install/rm_interfaces/lib/librm_interfaces__rosidl_typesupport_c.so" to ""
[4.353s] -- Installing: /home/lin/auto-aim/install/rm_interfaces/lib/librm_interfaces__rosidl_typesupport_fastrtps_cpp.so
[4.353s] -- Set runtime path of "/home/lin/auto-aim/install/rm_interfaces/lib/librm_interfaces__rosidl_typesupport_fastrtps_cpp.so" to ""
[4.353s] -- Installing: /home/lin/auto-aim/install/rm_interfaces/lib/librm_interfaces__rosidl_typesupport_introspection_cpp.so
[4.353s] -- Set runtime path of "/home/lin/auto-aim/install/rm_interfaces/lib/librm_interfaces__rosidl_typesupport_introspection_cpp.so" to ""
[4.353s] -- Installing: /home/lin/auto-aim/install/rm_interfaces/lib/librm_interfaces__rosidl_typesupport_cpp.so
[4.354s] -- Set runtime path of "/home/lin/auto-aim/install/rm_interfaces/lib/librm_interfaces__rosidl_typesupport_cpp.so" to ""
[4.388s] Listing '/home/lin/auto-aim/install/rm_interfaces/local/lib/python3.10/dist-packages/rm_interfaces'...
[4.388s] Compiling '/home/lin/auto-aim/install/rm_interfaces/local/lib/python3.10/dist-packages/rm_interfaces/__init__.py'...
[4.388s] Listing '/home/lin/auto-aim/install/rm_interfaces/local/lib/python3.10/dist-packages/rm_interfaces/msg'...
[4.388s] Compiling '/home/lin/auto-aim/install/rm_interfaces/local/lib/python3.10/dist-packages/rm_interfaces/msg/__init__.py'...
[4.388s] Compiling '/home/lin/auto-aim/install/rm_interfaces/local/lib/python3.10/dist-packages/rm_interfaces/msg/_armor.py'...
[4.388s] Compiling '/home/lin/auto-aim/install/rm_interfaces/local/lib/python3.10/dist-packages/rm_interfaces/msg/_armors.py'...
[4.389s] Compiling '/home/lin/auto-aim/install/rm_interfaces/local/lib/python3.10/dist-packages/rm_interfaces/msg/_gimbal_cmd.py'...
[4.389s] Compiling '/home/lin/auto-aim/install/rm_interfaces/local/lib/python3.10/dist-packages/rm_interfaces/msg/_measurement.py'...
[4.389s] Compiling '/home/lin/auto-aim/install/rm_interfaces/local/lib/python3.10/dist-packages/rm_interfaces/msg/_serial_receive_data.py'...
[4.389s] Compiling '/home/lin/auto-aim/install/rm_interfaces/local/lib/python3.10/dist-packages/rm_interfaces/msg/_target.py'...
[4.389s] Listing '/home/lin/auto-aim/install/rm_interfaces/local/lib/python3.10/dist-packages/rm_interfaces/srv'...
[4.389s] Compiling '/home/lin/auto-aim/install/rm_interfaces/local/lib/python3.10/dist-packages/rm_interfaces/srv/__init__.py'...
[4.389s] Compiling '/home/lin/auto-aim/install/rm_interfaces/local/lib/python3.10/dist-packages/rm_interfaces/srv/_set_mode.py'...
[4.391s] -- Installing: /home/lin/auto-aim/install/rm_interfaces/lib/librm_interfaces__rosidl_generator_py.so
[4.392s] -- Set runtime path of "/home/lin/auto-aim/install/rm_interfaces/lib/librm_interfaces__rosidl_generator_py.so" to ""
[4.392s] -- Installing: /home/lin/auto-aim/install/rm_interfaces/share/rm_interfaces/cmake/export_rm_interfaces__rosidl_generator_cExport.cmake
[4.392s] -- Installing: /home/lin/auto-aim/install/rm_interfaces/share/rm_interfaces/cmake/export_rm_interfaces__rosidl_generator_cExport-noconfig.cmake
[4.392s] -- Installing: /home/lin/auto-aim/install/rm_interfaces/share/rm_interfaces/cmake/export_rm_interfaces__rosidl_typesupport_fastrtps_cExport.cmake
[4.393s] -- Installing: /home/lin/auto-aim/install/rm_interfaces/share/rm_interfaces/cmake/export_rm_interfaces__rosidl_typesupport_fastrtps_cExport-noconfig.cmake
[4.393s] -- Installing: /home/lin/auto-aim/install/rm_interfaces/share/rm_interfaces/cmake/rm_interfaces__rosidl_typesupport_introspection_cExport.cmake
[4.393s] -- Installing: /home/lin/auto-aim/install/rm_interfaces/share/rm_interfaces/cmake/rm_interfaces__rosidl_typesupport_introspection_cExport-noconfig.cmake
[4.393s] -- Installing: /home/lin/auto-aim/install/rm_interfaces/share/rm_interfaces/cmake/rm_interfaces__rosidl_typesupport_cExport.cmake
[4.393s] -- Installing: /home/lin/auto-aim/install/rm_interfaces/share/rm_interfaces/cmake/rm_interfaces__rosidl_typesupport_cExport-noconfig.cmake
[4.393s] -- Installing: /home/lin/auto-aim/install/rm_interfaces/share/rm_interfaces/cmake/export_rm_interfaces__rosidl_generator_cppExport.cmake
[4.394s] -- Installing: /home/lin/auto-aim/install/rm_interfaces/share/rm_interfaces/cmake/export_rm_interfaces__rosidl_typesupport_fastrtps_cppExport.cmake
[4.394s] -- Installing: /home/lin/auto-aim/install/rm_interfaces/share/rm_interfaces/cmake/export_rm_interfaces__rosidl_typesupport_fastrtps_cppExport-noconfig.cmake
[4.394s] -- Installing: /home/lin/auto-aim/install/rm_interfaces/share/rm_interfaces/cmake/rm_interfaces__rosidl_typesupport_introspection_cppExport.cmake
[4.394s] -- Installing: /home/lin/auto-aim/install/rm_interfaces/share/rm_interfaces/cmake/rm_interfaces__rosidl_typesupport_introspection_cppExport-noconfig.cmake
[4.394s] -- Installing: /home/lin/auto-aim/install/rm_interfaces/share/rm_interfaces/cmake/rm_interfaces__rosidl_typesupport_cppExport.cmake
[4.394s] -- Installing: /home/lin/auto-aim/install/rm_interfaces/share/rm_interfaces/cmake/rm_interfaces__rosidl_typesupport_cppExport-noconfig.cmake
[4.395s] -- Installing: /home/lin/auto-aim/install/rm_interfaces/share/rm_interfaces/cmake/export_rm_interfaces__rosidl_generator_pyExport.cmake
[4.395s] -- Installing: /home/lin/auto-aim/install/rm_interfaces/share/rm_interfaces/cmake/export_rm_interfaces__rosidl_generator_pyExport-noconfig.cmake
[4.397s] Invoked command in '/home/lin/auto-aim/build/rm_interfaces' returned '0': CMAKE_PREFIX_PATH=/opt/ros/humble /usr/bin/cmake --install /home/lin/auto-aim/build/rm_interfaces
