[0.083s] DEBUG:colcon:Command line arguments: ['/usr/bin/colcon', 'build', '--symlink-install']
[0.083s] DEBUG:colcon:Parsed command line arguments: Namespace(log_base=None, log_level=None, verb_name='build', build_base='build', install_base='install', merge_install=False, symlink_install=True, test_result_base=None, continue_on_error=False, executor='parallel', parallel_workers=8, event_handlers=None, ignore_user_meta=False, metas=['./colcon.meta'], base_paths=['.'], packages_ignore=None, packages_ignore_regex=None, paths=None, packages_up_to=None, packages_up_to_regex=None, packages_above=None, packages_above_and_dependencies=None, packages_above_depth=None, packages_select_by_dep=None, packages_skip_by_dep=None, packages_skip_up_to=None, packages_select_build_failed=False, packages_skip_build_finished=False, packages_select_test_failures=False, packages_skip_test_passed=False, packages_select=None, packages_skip=None, packages_select_regex=None, packages_skip_regex=None, packages_start=None, packages_end=None, allow_overriding=[], cmake_args=None, cmake_target=None, cmake_target_skip_unavailable=False, cmake_clean_cache=False, cmake_clean_first=False, cmake_force_configure=False, ament_cmake_args=None, catkin_cmake_args=None, catkin_skip_building_tests=False, verb_parser=<colcon_defaults.argument_parser.defaults.DefaultArgumentsDecorator object at 0x7d93b8933760>, verb_extension=<colcon_core.verb.build.BuildVerb object at 0x7d93b8933310>, main=<bound method BuildVerb.main of <colcon_core.verb.build.BuildVerb object at 0x7d93b8933310>>)
[0.206s] Level 1:colcon.colcon_core.package_discovery:discover_packages(colcon_meta) check parameters
[0.206s] Level 1:colcon.colcon_core.package_discovery:discover_packages(recursive) check parameters
[0.206s] Level 1:colcon.colcon_core.package_discovery:discover_packages(ignore) check parameters
[0.206s] Level 1:colcon.colcon_core.package_discovery:discover_packages(path) check parameters
[0.206s] Level 1:colcon.colcon_core.package_discovery:discover_packages(colcon_meta) discover
[0.206s] Level 1:colcon.colcon_core.package_discovery:discover_packages(recursive) discover
[0.206s] INFO:colcon.colcon_core.package_discovery:Crawling recursively for packages in '/home/lin/auto-aim'
[0.206s] Level 1:colcon.colcon_core.package_identification:_identify(.) by extensions ['ignore', 'ignore_ament_install']
[0.206s] Level 1:colcon.colcon_core.package_identification:_identify(.) by extension 'ignore'
[0.206s] Level 1:colcon.colcon_core.package_identification:_identify(.) by extension 'ignore_ament_install'
[0.206s] Level 1:colcon.colcon_core.package_identification:_identify(.) by extensions ['colcon_pkg']
[0.206s] Level 1:colcon.colcon_core.package_identification:_identify(.) by extension 'colcon_pkg'
[0.206s] Level 1:colcon.colcon_core.package_identification:_identify(.) by extensions ['colcon_meta']
[0.206s] Level 1:colcon.colcon_core.package_identification:_identify(.) by extension 'colcon_meta'
[0.206s] Level 1:colcon.colcon_core.package_identification:_identify(.) by extensions ['ros']
[0.206s] Level 1:colcon.colcon_core.package_identification:_identify(.) by extension 'ros'
[0.215s] Level 1:colcon.colcon_core.package_identification:_identify(.) by extensions ['cmake', 'python']
[0.215s] Level 1:colcon.colcon_core.package_identification:_identify(.) by extension 'cmake'
[0.215s] Level 1:colcon.colcon_core.package_identification:_identify(.) by extension 'python'
[0.215s] Level 1:colcon.colcon_core.package_identification:_identify(.) by extensions ['python_setup_py']
[0.215s] Level 1:colcon.colcon_core.package_identification:_identify(.) by extension 'python_setup_py'
[0.215s] Level 1:colcon.colcon_core.package_identification:_identify(build) by extensions ['ignore', 'ignore_ament_install']
[0.215s] Level 1:colcon.colcon_core.package_identification:_identify(build) by extension 'ignore'
[0.215s] Level 1:colcon.colcon_core.package_identification:_identify(build) ignored
[0.215s] Level 1:colcon.colcon_core.package_identification:_identify(install) by extensions ['ignore', 'ignore_ament_install']
[0.216s] Level 1:colcon.colcon_core.package_identification:_identify(install) by extension 'ignore'
[0.216s] Level 1:colcon.colcon_core.package_identification:_identify(install) ignored
[0.216s] Level 1:colcon.colcon_core.package_identification:_identify(log) by extensions ['ignore', 'ignore_ament_install']
[0.216s] Level 1:colcon.colcon_core.package_identification:_identify(log) by extension 'ignore'
[0.216s] Level 1:colcon.colcon_core.package_identification:_identify(log) ignored
[0.216s] Level 1:colcon.colcon_core.package_identification:_identify(src) by extensions ['ignore', 'ignore_ament_install']
[0.216s] Level 1:colcon.colcon_core.package_identification:_identify(src) by extension 'ignore'
[0.216s] Level 1:colcon.colcon_core.package_identification:_identify(src) by extension 'ignore_ament_install'
[0.216s] Level 1:colcon.colcon_core.package_identification:_identify(src) by extensions ['colcon_pkg']
[0.216s] Level 1:colcon.colcon_core.package_identification:_identify(src) by extension 'colcon_pkg'
[0.216s] Level 1:colcon.colcon_core.package_identification:_identify(src) by extensions ['colcon_meta']
[0.216s] Level 1:colcon.colcon_core.package_identification:_identify(src) by extension 'colcon_meta'
[0.216s] Level 1:colcon.colcon_core.package_identification:_identify(src) by extensions ['ros']
[0.216s] Level 1:colcon.colcon_core.package_identification:_identify(src) by extension 'ros'
[0.216s] Level 1:colcon.colcon_core.package_identification:_identify(src) by extensions ['cmake', 'python']
[0.216s] Level 1:colcon.colcon_core.package_identification:_identify(src) by extension 'cmake'
[0.216s] Level 1:colcon.colcon_core.package_identification:_identify(src) by extension 'python'
[0.217s] Level 1:colcon.colcon_core.package_identification:_identify(src) by extensions ['python_setup_py']
[0.217s] Level 1:colcon.colcon_core.package_identification:_identify(src) by extension 'python_setup_py'
[0.217s] Level 1:colcon.colcon_core.package_identification:_identify(src/rm_auto_aim) by extensions ['ignore', 'ignore_ament_install']
[0.217s] Level 1:colcon.colcon_core.package_identification:_identify(src/rm_auto_aim) by extension 'ignore'
[0.217s] Level 1:colcon.colcon_core.package_identification:_identify(src/rm_auto_aim) by extension 'ignore_ament_install'
[0.217s] Level 1:colcon.colcon_core.package_identification:_identify(src/rm_auto_aim) by extensions ['colcon_pkg']
[0.217s] Level 1:colcon.colcon_core.package_identification:_identify(src/rm_auto_aim) by extension 'colcon_pkg'
[0.217s] Level 1:colcon.colcon_core.package_identification:_identify(src/rm_auto_aim) by extensions ['colcon_meta']
[0.217s] Level 1:colcon.colcon_core.package_identification:_identify(src/rm_auto_aim) by extension 'colcon_meta'
[0.217s] Level 1:colcon.colcon_core.package_identification:_identify(src/rm_auto_aim) by extensions ['ros']
[0.217s] Level 1:colcon.colcon_core.package_identification:_identify(src/rm_auto_aim) by extension 'ros'
[0.220s] DEBUG:colcon.colcon_core.package_identification:Package 'src/rm_auto_aim' with type 'ros.ament_cmake' and name 'rm_auto_aim'
[0.220s] Level 1:colcon.colcon_core.package_identification:_identify(src/rm_bringup) by extensions ['ignore', 'ignore_ament_install']
[0.220s] Level 1:colcon.colcon_core.package_identification:_identify(src/rm_bringup) by extension 'ignore'
[0.221s] Level 1:colcon.colcon_core.package_identification:_identify(src/rm_bringup) by extension 'ignore_ament_install'
[0.221s] Level 1:colcon.colcon_core.package_identification:_identify(src/rm_bringup) by extensions ['colcon_pkg']
[0.221s] Level 1:colcon.colcon_core.package_identification:_identify(src/rm_bringup) by extension 'colcon_pkg'
[0.221s] Level 1:colcon.colcon_core.package_identification:_identify(src/rm_bringup) by extensions ['colcon_meta']
[0.221s] Level 1:colcon.colcon_core.package_identification:_identify(src/rm_bringup) by extension 'colcon_meta'
[0.221s] Level 1:colcon.colcon_core.package_identification:_identify(src/rm_bringup) by extensions ['ros']
[0.221s] Level 1:colcon.colcon_core.package_identification:_identify(src/rm_bringup) by extension 'ros'
[0.221s] DEBUG:colcon.colcon_core.package_identification:Package 'src/rm_bringup' with type 'ros.ament_cmake' and name 'rm_bringup'
[0.221s] Level 1:colcon.colcon_core.package_identification:_identify(src/rm_hardware_driver) by extensions ['ignore', 'ignore_ament_install']
[0.222s] Level 1:colcon.colcon_core.package_identification:_identify(src/rm_hardware_driver) by extension 'ignore'
[0.222s] Level 1:colcon.colcon_core.package_identification:_identify(src/rm_hardware_driver) by extension 'ignore_ament_install'
[0.222s] Level 1:colcon.colcon_core.package_identification:_identify(src/rm_hardware_driver) by extensions ['colcon_pkg']
[0.222s] Level 1:colcon.colcon_core.package_identification:_identify(src/rm_hardware_driver) by extension 'colcon_pkg'
[0.222s] Level 1:colcon.colcon_core.package_identification:_identify(src/rm_hardware_driver) by extensions ['colcon_meta']
[0.222s] Level 1:colcon.colcon_core.package_identification:_identify(src/rm_hardware_driver) by extension 'colcon_meta'
[0.222s] Level 1:colcon.colcon_core.package_identification:_identify(src/rm_hardware_driver) by extensions ['ros']
[0.222s] Level 1:colcon.colcon_core.package_identification:_identify(src/rm_hardware_driver) by extension 'ros'
[0.223s] DEBUG:colcon.colcon_core.package_identification:Package 'src/rm_hardware_driver' with type 'ros.ament_cmake' and name 'rm_hardware_driver'
[0.223s] Level 1:colcon.colcon_core.package_identification:_identify(src/rm_interfaces) by extensions ['ignore', 'ignore_ament_install']
[0.223s] Level 1:colcon.colcon_core.package_identification:_identify(src/rm_interfaces) by extension 'ignore'
[0.223s] Level 1:colcon.colcon_core.package_identification:_identify(src/rm_interfaces) by extension 'ignore_ament_install'
[0.223s] Level 1:colcon.colcon_core.package_identification:_identify(src/rm_interfaces) by extensions ['colcon_pkg']
[0.223s] Level 1:colcon.colcon_core.package_identification:_identify(src/rm_interfaces) by extension 'colcon_pkg'
[0.223s] Level 1:colcon.colcon_core.package_identification:_identify(src/rm_interfaces) by extensions ['colcon_meta']
[0.223s] Level 1:colcon.colcon_core.package_identification:_identify(src/rm_interfaces) by extension 'colcon_meta'
[0.223s] Level 1:colcon.colcon_core.package_identification:_identify(src/rm_interfaces) by extensions ['ros']
[0.223s] Level 1:colcon.colcon_core.package_identification:_identify(src/rm_interfaces) by extension 'ros'
[0.224s] DEBUG:colcon.colcon_core.package_identification:Package 'src/rm_interfaces' with type 'ros.ament_cmake' and name 'rm_interfaces'
[0.224s] Level 1:colcon.colcon_core.package_identification:_identify(src/rm_robot_description) by extensions ['ignore', 'ignore_ament_install']
[0.224s] Level 1:colcon.colcon_core.package_identification:_identify(src/rm_robot_description) by extension 'ignore'
[0.224s] Level 1:colcon.colcon_core.package_identification:_identify(src/rm_robot_description) by extension 'ignore_ament_install'
[0.224s] Level 1:colcon.colcon_core.package_identification:_identify(src/rm_robot_description) by extensions ['colcon_pkg']
[0.224s] Level 1:colcon.colcon_core.package_identification:_identify(src/rm_robot_description) by extension 'colcon_pkg'
[0.224s] Level 1:colcon.colcon_core.package_identification:_identify(src/rm_robot_description) by extensions ['colcon_meta']
[0.224s] Level 1:colcon.colcon_core.package_identification:_identify(src/rm_robot_description) by extension 'colcon_meta'
[0.224s] Level 1:colcon.colcon_core.package_identification:_identify(src/rm_robot_description) by extensions ['ros']
[0.224s] Level 1:colcon.colcon_core.package_identification:_identify(src/rm_robot_description) by extension 'ros'
[0.225s] DEBUG:colcon.colcon_core.package_identification:Package 'src/rm_robot_description' with type 'ros.ament_cmake' and name 'rm_robot_description'
[0.225s] Level 1:colcon.colcon_core.package_discovery:discover_packages(recursive) using defaults
[0.225s] Level 1:colcon.colcon_core.package_discovery:discover_packages(ignore) discover
[0.225s] Level 1:colcon.colcon_core.package_discovery:discover_packages(ignore) using defaults
[0.225s] Level 1:colcon.colcon_core.package_discovery:discover_packages(path) discover
[0.225s] Level 1:colcon.colcon_core.package_discovery:discover_packages(path) using defaults
[0.257s] Level 1:colcon.colcon_core.package_discovery:discover_packages(prefix_path) check parameters
[0.257s] Level 1:colcon.colcon_core.package_discovery:discover_packages(prefix_path) discover
[0.258s] DEBUG:colcon.colcon_installed_package_information.package_discovery:Found 282 installed packages in /opt/ros/humble
[0.260s] Level 1:colcon.colcon_core.package_discovery:discover_packages(prefix_path) using defaults
[0.282s] Level 5:colcon.colcon_core.verb:set package 'rm_interfaces' build argument 'cmake_args' from command line to 'None'
[0.282s] Level 5:colcon.colcon_core.verb:set package 'rm_interfaces' build argument 'cmake_target' from command line to 'None'
[0.282s] Level 5:colcon.colcon_core.verb:set package 'rm_interfaces' build argument 'cmake_target_skip_unavailable' from command line to 'False'
[0.282s] Level 5:colcon.colcon_core.verb:set package 'rm_interfaces' build argument 'cmake_clean_cache' from command line to 'False'
[0.282s] Level 5:colcon.colcon_core.verb:set package 'rm_interfaces' build argument 'cmake_clean_first' from command line to 'False'
[0.282s] Level 5:colcon.colcon_core.verb:set package 'rm_interfaces' build argument 'cmake_force_configure' from command line to 'False'
[0.282s] Level 5:colcon.colcon_core.verb:set package 'rm_interfaces' build argument 'ament_cmake_args' from command line to 'None'
[0.282s] Level 5:colcon.colcon_core.verb:set package 'rm_interfaces' build argument 'catkin_cmake_args' from command line to 'None'
[0.282s] Level 5:colcon.colcon_core.verb:set package 'rm_interfaces' build argument 'catkin_skip_building_tests' from command line to 'False'
[0.282s] DEBUG:colcon.colcon_core.verb:Building package 'rm_interfaces' with the following arguments: {'ament_cmake_args': None, 'build_base': '/home/lin/auto-aim/build/rm_interfaces', 'catkin_cmake_args': None, 'catkin_skip_building_tests': False, 'cmake_args': None, 'cmake_clean_cache': False, 'cmake_clean_first': False, 'cmake_force_configure': False, 'cmake_target': None, 'cmake_target_skip_unavailable': False, 'install_base': '/home/lin/auto-aim/install/rm_interfaces', 'merge_install': False, 'path': '/home/lin/auto-aim/src/rm_interfaces', 'symlink_install': True, 'test_result_base': None}
[0.282s] Level 5:colcon.colcon_core.verb:set package 'rm_robot_description' build argument 'cmake_args' from command line to 'None'
[0.282s] Level 5:colcon.colcon_core.verb:set package 'rm_robot_description' build argument 'cmake_target' from command line to 'None'
[0.282s] Level 5:colcon.colcon_core.verb:set package 'rm_robot_description' build argument 'cmake_target_skip_unavailable' from command line to 'False'
[0.282s] Level 5:colcon.colcon_core.verb:set package 'rm_robot_description' build argument 'cmake_clean_cache' from command line to 'False'
[0.282s] Level 5:colcon.colcon_core.verb:set package 'rm_robot_description' build argument 'cmake_clean_first' from command line to 'False'
[0.282s] Level 5:colcon.colcon_core.verb:set package 'rm_robot_description' build argument 'cmake_force_configure' from command line to 'False'
[0.282s] Level 5:colcon.colcon_core.verb:set package 'rm_robot_description' build argument 'ament_cmake_args' from command line to 'None'
[0.282s] Level 5:colcon.colcon_core.verb:set package 'rm_robot_description' build argument 'catkin_cmake_args' from command line to 'None'
[0.282s] Level 5:colcon.colcon_core.verb:set package 'rm_robot_description' build argument 'catkin_skip_building_tests' from command line to 'False'
[0.282s] DEBUG:colcon.colcon_core.verb:Building package 'rm_robot_description' with the following arguments: {'ament_cmake_args': None, 'build_base': '/home/lin/auto-aim/build/rm_robot_description', 'catkin_cmake_args': None, 'catkin_skip_building_tests': False, 'cmake_args': None, 'cmake_clean_cache': False, 'cmake_clean_first': False, 'cmake_force_configure': False, 'cmake_target': None, 'cmake_target_skip_unavailable': False, 'install_base': '/home/lin/auto-aim/install/rm_robot_description', 'merge_install': False, 'path': '/home/lin/auto-aim/src/rm_robot_description', 'symlink_install': True, 'test_result_base': None}
[0.283s] Level 5:colcon.colcon_core.verb:set package 'rm_auto_aim' build argument 'cmake_args' from command line to 'None'
[0.283s] Level 5:colcon.colcon_core.verb:set package 'rm_auto_aim' build argument 'cmake_target' from command line to 'None'
[0.283s] Level 5:colcon.colcon_core.verb:set package 'rm_auto_aim' build argument 'cmake_target_skip_unavailable' from command line to 'False'
[0.283s] Level 5:colcon.colcon_core.verb:set package 'rm_auto_aim' build argument 'cmake_clean_cache' from command line to 'False'
[0.283s] Level 5:colcon.colcon_core.verb:set package 'rm_auto_aim' build argument 'cmake_clean_first' from command line to 'False'
[0.283s] Level 5:colcon.colcon_core.verb:set package 'rm_auto_aim' build argument 'cmake_force_configure' from command line to 'False'
[0.283s] Level 5:colcon.colcon_core.verb:set package 'rm_auto_aim' build argument 'ament_cmake_args' from command line to 'None'
[0.283s] Level 5:colcon.colcon_core.verb:set package 'rm_auto_aim' build argument 'catkin_cmake_args' from command line to 'None'
[0.283s] Level 5:colcon.colcon_core.verb:set package 'rm_auto_aim' build argument 'catkin_skip_building_tests' from command line to 'False'
[0.283s] DEBUG:colcon.colcon_core.verb:Building package 'rm_auto_aim' with the following arguments: {'ament_cmake_args': None, 'build_base': '/home/lin/auto-aim/build/rm_auto_aim', 'catkin_cmake_args': None, 'catkin_skip_building_tests': False, 'cmake_args': None, 'cmake_clean_cache': False, 'cmake_clean_first': False, 'cmake_force_configure': False, 'cmake_target': None, 'cmake_target_skip_unavailable': False, 'install_base': '/home/lin/auto-aim/install/rm_auto_aim', 'merge_install': False, 'path': '/home/lin/auto-aim/src/rm_auto_aim', 'symlink_install': True, 'test_result_base': None}
[0.283s] Level 5:colcon.colcon_core.verb:set package 'rm_hardware_driver' build argument 'cmake_args' from command line to 'None'
[0.284s] Level 5:colcon.colcon_core.verb:set package 'rm_hardware_driver' build argument 'cmake_target' from command line to 'None'
[0.284s] Level 5:colcon.colcon_core.verb:set package 'rm_hardware_driver' build argument 'cmake_target_skip_unavailable' from command line to 'False'
[0.284s] Level 5:colcon.colcon_core.verb:set package 'rm_hardware_driver' build argument 'cmake_clean_cache' from command line to 'False'
[0.284s] Level 5:colcon.colcon_core.verb:set package 'rm_hardware_driver' build argument 'cmake_clean_first' from command line to 'False'
[0.284s] Level 5:colcon.colcon_core.verb:set package 'rm_hardware_driver' build argument 'cmake_force_configure' from command line to 'False'
[0.284s] Level 5:colcon.colcon_core.verb:set package 'rm_hardware_driver' build argument 'ament_cmake_args' from command line to 'None'
[0.284s] Level 5:colcon.colcon_core.verb:set package 'rm_hardware_driver' build argument 'catkin_cmake_args' from command line to 'None'
[0.284s] Level 5:colcon.colcon_core.verb:set package 'rm_hardware_driver' build argument 'catkin_skip_building_tests' from command line to 'False'
[0.284s] DEBUG:colcon.colcon_core.verb:Building package 'rm_hardware_driver' with the following arguments: {'ament_cmake_args': None, 'build_base': '/home/lin/auto-aim/build/rm_hardware_driver', 'catkin_cmake_args': None, 'catkin_skip_building_tests': False, 'cmake_args': None, 'cmake_clean_cache': False, 'cmake_clean_first': False, 'cmake_force_configure': False, 'cmake_target': None, 'cmake_target_skip_unavailable': False, 'install_base': '/home/lin/auto-aim/install/rm_hardware_driver', 'merge_install': False, 'path': '/home/lin/auto-aim/src/rm_hardware_driver', 'symlink_install': True, 'test_result_base': None}
[0.284s] Level 5:colcon.colcon_core.verb:set package 'rm_bringup' build argument 'cmake_args' from command line to 'None'
[0.284s] Level 5:colcon.colcon_core.verb:set package 'rm_bringup' build argument 'cmake_target' from command line to 'None'
[0.284s] Level 5:colcon.colcon_core.verb:set package 'rm_bringup' build argument 'cmake_target_skip_unavailable' from command line to 'False'
[0.284s] Level 5:colcon.colcon_core.verb:set package 'rm_bringup' build argument 'cmake_clean_cache' from command line to 'False'
[0.284s] Level 5:colcon.colcon_core.verb:set package 'rm_bringup' build argument 'cmake_clean_first' from command line to 'False'
[0.284s] Level 5:colcon.colcon_core.verb:set package 'rm_bringup' build argument 'cmake_force_configure' from command line to 'False'
[0.284s] Level 5:colcon.colcon_core.verb:set package 'rm_bringup' build argument 'ament_cmake_args' from command line to 'None'
[0.284s] Level 5:colcon.colcon_core.verb:set package 'rm_bringup' build argument 'catkin_cmake_args' from command line to 'None'
[0.284s] Level 5:colcon.colcon_core.verb:set package 'rm_bringup' build argument 'catkin_skip_building_tests' from command line to 'False'
[0.284s] DEBUG:colcon.colcon_core.verb:Building package 'rm_bringup' with the following arguments: {'ament_cmake_args': None, 'build_base': '/home/lin/auto-aim/build/rm_bringup', 'catkin_cmake_args': None, 'catkin_skip_building_tests': False, 'cmake_args': None, 'cmake_clean_cache': False, 'cmake_clean_first': False, 'cmake_force_configure': False, 'cmake_target': None, 'cmake_target_skip_unavailable': False, 'install_base': '/home/lin/auto-aim/install/rm_bringup', 'merge_install': False, 'path': '/home/lin/auto-aim/src/rm_bringup', 'symlink_install': True, 'test_result_base': None}
[0.284s] INFO:colcon.colcon_core.executor:Executing jobs using 'parallel' executor
[0.285s] DEBUG:colcon.colcon_parallel_executor.executor.parallel:run_until_complete
[0.286s] INFO:colcon.colcon_ros.task.ament_cmake.build:Building ROS package in '/home/lin/auto-aim/src/rm_interfaces' with build type 'ament_cmake'
[0.286s] INFO:colcon.colcon_cmake.task.cmake.build:Building CMake package in '/home/lin/auto-aim/src/rm_interfaces'
[0.287s] INFO:colcon.colcon_core.plugin_system:Skipping extension 'colcon_core.shell.bat': Not used on non-Windows systems
[0.287s] INFO:colcon.colcon_core.shell:Skip shell extension 'powershell' for command environment: Not usable outside of PowerShell
[0.287s] DEBUG:colcon.colcon_core.shell:Skip shell extension 'dsv' for command environment
[0.289s] INFO:colcon.colcon_ros.task.ament_cmake.build:Building ROS package in '/home/lin/auto-aim/src/rm_robot_description' with build type 'ament_cmake'
[0.290s] INFO:colcon.colcon_cmake.task.cmake.build:Building CMake package in '/home/lin/auto-aim/src/rm_robot_description'
[0.290s] INFO:colcon.colcon_core.shell:Skip shell extension 'powershell' for command environment: Not usable outside of PowerShell
[0.290s] DEBUG:colcon.colcon_core.shell:Skip shell extension 'dsv' for command environment
[0.300s] DEBUG:colcon.colcon_core.event_handler.log_command:Invoking command in '/home/lin/auto-aim/build/rm_interfaces': CMAKE_PREFIX_PATH=/opt/ros/humble /usr/bin/cmake --build /home/lin/auto-aim/build/rm_interfaces -- -j8 -l8
[0.306s] DEBUG:colcon.colcon_core.event_handler.log_command:Invoking command in '/home/lin/auto-aim/build/rm_robot_description': CMAKE_PREFIX_PATH=/opt/ros/humble /usr/bin/cmake --build /home/lin/auto-aim/build/rm_robot_description -- -j8 -l8
[0.336s] DEBUG:colcon.colcon_core.event_handler.log_command:Invoked command in '/home/lin/auto-aim/build/rm_robot_description' returned '0': CMAKE_PREFIX_PATH=/opt/ros/humble /usr/bin/cmake --build /home/lin/auto-aim/build/rm_robot_description -- -j8 -l8
[0.347s] DEBUG:colcon.colcon_core.event_handler.log_command:Invoking command in '/home/lin/auto-aim/build/rm_robot_description': CMAKE_PREFIX_PATH=/opt/ros/humble /usr/bin/cmake --install /home/lin/auto-aim/build/rm_robot_description
[0.365s] Level 1:colcon.colcon_core.environment:create_environment_scripts_only(rm_robot_description)
[0.366s] DEBUG:colcon.colcon_core.event_handler.log_command:Invoked command in '/home/lin/auto-aim/build/rm_robot_description' returned '0': CMAKE_PREFIX_PATH=/opt/ros/humble /usr/bin/cmake --install /home/lin/auto-aim/build/rm_robot_description
[0.368s] Level 1:colcon.colcon_core.environment:checking '/home/lin/auto-aim/install/rm_robot_description' for CMake module files
[0.369s] Level 1:colcon.colcon_core.environment:checking '/home/lin/auto-aim/install/rm_robot_description' for CMake config files
[0.369s] Level 1:colcon.colcon_core.shell:create_environment_hook('rm_robot_description', 'cmake_prefix_path')
[0.369s] INFO:colcon.colcon_core.shell:Creating environment hook '/home/lin/auto-aim/install/rm_robot_description/share/rm_robot_description/hook/cmake_prefix_path.ps1'
[0.370s] INFO:colcon.colcon_core.shell:Creating environment descriptor '/home/lin/auto-aim/install/rm_robot_description/share/rm_robot_description/hook/cmake_prefix_path.dsv'
[0.371s] INFO:colcon.colcon_core.shell:Creating environment hook '/home/lin/auto-aim/install/rm_robot_description/share/rm_robot_description/hook/cmake_prefix_path.sh'
[0.372s] Level 1:colcon.colcon_core.environment:checking '/home/lin/auto-aim/install/rm_robot_description/bin'
[0.372s] Level 1:colcon.colcon_core.environment:checking '/home/lin/auto-aim/install/rm_robot_description/lib/pkgconfig/rm_robot_description.pc'
[0.373s] Level 1:colcon.colcon_core.environment:checking '/home/lin/auto-aim/install/rm_robot_description/lib/python3.10/site-packages'
[0.373s] Level 1:colcon.colcon_core.environment:checking '/home/lin/auto-aim/install/rm_robot_description/bin'
[0.373s] INFO:colcon.colcon_core.shell:Creating package script '/home/lin/auto-aim/install/rm_robot_description/share/rm_robot_description/package.ps1'
[0.375s] INFO:colcon.colcon_core.shell:Creating package descriptor '/home/lin/auto-aim/install/rm_robot_description/share/rm_robot_description/package.dsv'
[0.375s] INFO:colcon.colcon_core.shell:Creating package script '/home/lin/auto-aim/install/rm_robot_description/share/rm_robot_description/package.sh'
[0.376s] INFO:colcon.colcon_core.shell:Creating package script '/home/lin/auto-aim/install/rm_robot_description/share/rm_robot_description/package.bash'
[0.377s] INFO:colcon.colcon_core.shell:Creating package script '/home/lin/auto-aim/install/rm_robot_description/share/rm_robot_description/package.zsh'
[0.378s] Level 1:colcon.colcon_core.environment:create_file_with_runtime_dependencies(/home/lin/auto-aim/install/rm_robot_description/share/colcon-core/packages/rm_robot_description)
[0.379s] Level 1:colcon.colcon_core.environment:create_environment_scripts_only(rm_robot_description)
[0.379s] Level 1:colcon.colcon_core.environment:checking '/home/lin/auto-aim/install/rm_robot_description' for CMake module files
[0.380s] Level 1:colcon.colcon_core.environment:checking '/home/lin/auto-aim/install/rm_robot_description' for CMake config files
[0.380s] Level 1:colcon.colcon_core.shell:create_environment_hook('rm_robot_description', 'cmake_prefix_path')
[0.380s] INFO:colcon.colcon_core.shell:Creating environment hook '/home/lin/auto-aim/install/rm_robot_description/share/rm_robot_description/hook/cmake_prefix_path.ps1'
[0.381s] INFO:colcon.colcon_core.shell:Creating environment descriptor '/home/lin/auto-aim/install/rm_robot_description/share/rm_robot_description/hook/cmake_prefix_path.dsv'
[0.381s] INFO:colcon.colcon_core.shell:Creating environment hook '/home/lin/auto-aim/install/rm_robot_description/share/rm_robot_description/hook/cmake_prefix_path.sh'
[0.382s] Level 1:colcon.colcon_core.environment:checking '/home/lin/auto-aim/install/rm_robot_description/bin'
[0.382s] Level 1:colcon.colcon_core.environment:checking '/home/lin/auto-aim/install/rm_robot_description/lib/pkgconfig/rm_robot_description.pc'
[0.382s] Level 1:colcon.colcon_core.environment:checking '/home/lin/auto-aim/install/rm_robot_description/lib/python3.10/site-packages'
[0.383s] Level 1:colcon.colcon_core.environment:checking '/home/lin/auto-aim/install/rm_robot_description/bin'
[0.383s] INFO:colcon.colcon_core.shell:Creating package script '/home/lin/auto-aim/install/rm_robot_description/share/rm_robot_description/package.ps1'
[0.385s] INFO:colcon.colcon_core.shell:Creating package descriptor '/home/lin/auto-aim/install/rm_robot_description/share/rm_robot_description/package.dsv'
[0.386s] INFO:colcon.colcon_core.shell:Creating package script '/home/lin/auto-aim/install/rm_robot_description/share/rm_robot_description/package.sh'
[0.386s] INFO:colcon.colcon_core.shell:Creating package script '/home/lin/auto-aim/install/rm_robot_description/share/rm_robot_description/package.bash'
[0.387s] INFO:colcon.colcon_core.shell:Creating package script '/home/lin/auto-aim/install/rm_robot_description/share/rm_robot_description/package.zsh'
[0.387s] Level 1:colcon.colcon_core.environment:create_file_with_runtime_dependencies(/home/lin/auto-aim/install/rm_robot_description/share/colcon-core/packages/rm_robot_description)
[0.576s] DEBUG:colcon.colcon_core.event_handler.log_command:Invoked command in '/home/lin/auto-aim/build/rm_interfaces' returned '0': CMAKE_PREFIX_PATH=/opt/ros/humble /usr/bin/cmake --build /home/lin/auto-aim/build/rm_interfaces -- -j8 -l8
[0.577s] DEBUG:colcon.colcon_core.event_handler.log_command:Invoking command in '/home/lin/auto-aim/build/rm_interfaces': CMAKE_PREFIX_PATH=/opt/ros/humble /usr/bin/cmake --install /home/lin/auto-aim/build/rm_interfaces
[0.652s] Level 1:colcon.colcon_core.environment:create_environment_scripts_only(rm_interfaces)
[0.652s] Level 1:colcon.colcon_core.environment:checking '/home/lin/auto-aim/install/rm_interfaces' for CMake module files
[0.653s] DEBUG:colcon.colcon_core.event_handler.log_command:Invoked command in '/home/lin/auto-aim/build/rm_interfaces' returned '0': CMAKE_PREFIX_PATH=/opt/ros/humble /usr/bin/cmake --install /home/lin/auto-aim/build/rm_interfaces
[0.654s] Level 1:colcon.colcon_core.environment:checking '/home/lin/auto-aim/install/rm_interfaces' for CMake config files
[0.655s] Level 1:colcon.colcon_core.shell:create_environment_hook('rm_interfaces', 'cmake_prefix_path')
[0.655s] INFO:colcon.colcon_core.shell:Creating environment hook '/home/lin/auto-aim/install/rm_interfaces/share/rm_interfaces/hook/cmake_prefix_path.ps1'
[0.656s] INFO:colcon.colcon_core.shell:Creating environment descriptor '/home/lin/auto-aim/install/rm_interfaces/share/rm_interfaces/hook/cmake_prefix_path.dsv'
[0.657s] INFO:colcon.colcon_core.shell:Creating environment hook '/home/lin/auto-aim/install/rm_interfaces/share/rm_interfaces/hook/cmake_prefix_path.sh'
[0.657s] Level 1:colcon.colcon_core.environment:checking '/home/lin/auto-aim/install/rm_interfaces/lib'
[0.658s] Level 1:colcon.colcon_core.shell:create_environment_hook('rm_interfaces', 'ld_library_path_lib')
[0.658s] INFO:colcon.colcon_core.shell:Creating environment hook '/home/lin/auto-aim/install/rm_interfaces/share/rm_interfaces/hook/ld_library_path_lib.ps1'
[0.659s] INFO:colcon.colcon_core.shell:Creating environment descriptor '/home/lin/auto-aim/install/rm_interfaces/share/rm_interfaces/hook/ld_library_path_lib.dsv'
[0.659s] INFO:colcon.colcon_core.shell:Creating environment hook '/home/lin/auto-aim/install/rm_interfaces/share/rm_interfaces/hook/ld_library_path_lib.sh'
[0.660s] Level 1:colcon.colcon_core.environment:checking '/home/lin/auto-aim/install/rm_interfaces/bin'
[0.660s] Level 1:colcon.colcon_core.environment:checking '/home/lin/auto-aim/install/rm_interfaces/lib/pkgconfig/rm_interfaces.pc'
[0.660s] Level 1:colcon.colcon_core.environment:checking '/home/lin/auto-aim/install/rm_interfaces/lib/python3.10/site-packages'
[0.660s] Level 1:colcon.colcon_core.environment:checking '/home/lin/auto-aim/install/rm_interfaces/bin'
[0.661s] INFO:colcon.colcon_core.shell:Creating package script '/home/lin/auto-aim/install/rm_interfaces/share/rm_interfaces/package.ps1'
[0.661s] INFO:colcon.colcon_core.shell:Creating package descriptor '/home/lin/auto-aim/install/rm_interfaces/share/rm_interfaces/package.dsv'
[0.662s] INFO:colcon.colcon_core.shell:Creating package script '/home/lin/auto-aim/install/rm_interfaces/share/rm_interfaces/package.sh'
[0.663s] INFO:colcon.colcon_core.shell:Creating package script '/home/lin/auto-aim/install/rm_interfaces/share/rm_interfaces/package.bash'
[0.663s] INFO:colcon.colcon_core.shell:Creating package script '/home/lin/auto-aim/install/rm_interfaces/share/rm_interfaces/package.zsh'
[0.664s] Level 1:colcon.colcon_core.environment:create_file_with_runtime_dependencies(/home/lin/auto-aim/install/rm_interfaces/share/colcon-core/packages/rm_interfaces)
[0.665s] Level 1:colcon.colcon_core.environment:create_environment_scripts_only(rm_interfaces)
[0.665s] Level 1:colcon.colcon_core.environment:checking '/home/lin/auto-aim/install/rm_interfaces' for CMake module files
[0.666s] Level 1:colcon.colcon_core.environment:checking '/home/lin/auto-aim/install/rm_interfaces' for CMake config files
[0.667s] Level 1:colcon.colcon_core.shell:create_environment_hook('rm_interfaces', 'cmake_prefix_path')
[0.667s] INFO:colcon.colcon_core.shell:Creating environment hook '/home/lin/auto-aim/install/rm_interfaces/share/rm_interfaces/hook/cmake_prefix_path.ps1'
[0.667s] INFO:colcon.colcon_core.shell:Creating environment descriptor '/home/lin/auto-aim/install/rm_interfaces/share/rm_interfaces/hook/cmake_prefix_path.dsv'
[0.668s] INFO:colcon.colcon_core.shell:Creating environment hook '/home/lin/auto-aim/install/rm_interfaces/share/rm_interfaces/hook/cmake_prefix_path.sh'
[0.668s] Level 1:colcon.colcon_core.environment:checking '/home/lin/auto-aim/install/rm_interfaces/lib'
[0.668s] Level 1:colcon.colcon_core.shell:create_environment_hook('rm_interfaces', 'ld_library_path_lib')
[0.669s] INFO:colcon.colcon_core.shell:Creating environment hook '/home/lin/auto-aim/install/rm_interfaces/share/rm_interfaces/hook/ld_library_path_lib.ps1'
[0.669s] INFO:colcon.colcon_core.shell:Creating environment descriptor '/home/lin/auto-aim/install/rm_interfaces/share/rm_interfaces/hook/ld_library_path_lib.dsv'
[0.669s] INFO:colcon.colcon_core.shell:Creating environment hook '/home/lin/auto-aim/install/rm_interfaces/share/rm_interfaces/hook/ld_library_path_lib.sh'
[0.670s] Level 1:colcon.colcon_core.environment:checking '/home/lin/auto-aim/install/rm_interfaces/bin'
[0.670s] Level 1:colcon.colcon_core.environment:checking '/home/lin/auto-aim/install/rm_interfaces/lib/pkgconfig/rm_interfaces.pc'
[0.670s] Level 1:colcon.colcon_core.environment:checking '/home/lin/auto-aim/install/rm_interfaces/lib/python3.10/site-packages'
[0.670s] Level 1:colcon.colcon_core.environment:checking '/home/lin/auto-aim/install/rm_interfaces/bin'
[0.671s] INFO:colcon.colcon_core.shell:Creating package script '/home/lin/auto-aim/install/rm_interfaces/share/rm_interfaces/package.ps1'
[0.671s] INFO:colcon.colcon_core.shell:Creating package descriptor '/home/lin/auto-aim/install/rm_interfaces/share/rm_interfaces/package.dsv'
[0.671s] INFO:colcon.colcon_core.shell:Creating package script '/home/lin/auto-aim/install/rm_interfaces/share/rm_interfaces/package.sh'
[0.672s] INFO:colcon.colcon_core.shell:Creating package script '/home/lin/auto-aim/install/rm_interfaces/share/rm_interfaces/package.bash'
[0.672s] INFO:colcon.colcon_core.shell:Creating package script '/home/lin/auto-aim/install/rm_interfaces/share/rm_interfaces/package.zsh'
[0.673s] Level 1:colcon.colcon_core.environment:create_file_with_runtime_dependencies(/home/lin/auto-aim/install/rm_interfaces/share/colcon-core/packages/rm_interfaces)
[0.673s] INFO:colcon.colcon_ros.task.ament_cmake.build:Building ROS package in '/home/lin/auto-aim/src/rm_auto_aim' with build type 'ament_cmake'
[0.673s] INFO:colcon.colcon_cmake.task.cmake.build:Building CMake package in '/home/lin/auto-aim/src/rm_auto_aim'
[0.673s] INFO:colcon.colcon_core.shell:Skip shell extension 'powershell' for command environment: Not usable outside of PowerShell
[0.673s] DEBUG:colcon.colcon_core.shell:Skip shell extension 'dsv' for command environment
[0.677s] INFO:colcon.colcon_ros.task.ament_cmake.build:Building ROS package in '/home/lin/auto-aim/src/rm_hardware_driver' with build type 'ament_cmake'
[0.677s] INFO:colcon.colcon_cmake.task.cmake.build:Building CMake package in '/home/lin/auto-aim/src/rm_hardware_driver'
[0.678s] INFO:colcon.colcon_core.shell:Skip shell extension 'powershell' for command environment: Not usable outside of PowerShell
[0.678s] DEBUG:colcon.colcon_core.shell:Skip shell extension 'dsv' for command environment
[0.687s] DEBUG:colcon.colcon_core.event_handler.log_command:Invoking command in '/home/lin/auto-aim/build/rm_auto_aim': AMENT_PREFIX_PATH=/home/lin/auto-aim/install/rm_interfaces:${AMENT_PREFIX_PATH} CMAKE_PREFIX_PATH=/home/lin/auto-aim/install/rm_interfaces:/opt/ros/humble LD_LIBRARY_PATH=/home/lin/auto-aim/install/rm_interfaces/lib:/opt/MVS/lib/64:/opt/MVS/lib/32:/opt/ros/humble/opt/rviz_ogre_vendor/lib:/opt/ros/humble/lib/x86_64-linux-gnu:/opt/ros/humble/lib:/opt/MVS/lib/64:/opt/MVS/lib/32:/opt/MVS/lib/64:/opt/MVS/lib/32 PYTHONPATH=/home/lin/auto-aim/install/rm_interfaces/local/lib/python3.10/dist-packages:${PYTHONPATH} /usr/bin/cmake --build /home/lin/auto-aim/build/rm_auto_aim -- -j8 -l8
[0.693s] DEBUG:colcon.colcon_core.event_handler.log_command:Invoking command in '/home/lin/auto-aim/build/rm_hardware_driver': AMENT_PREFIX_PATH=/home/lin/auto-aim/install/rm_interfaces:${AMENT_PREFIX_PATH} CMAKE_PREFIX_PATH=/home/lin/auto-aim/install/rm_interfaces:/opt/ros/humble LD_LIBRARY_PATH=/home/lin/auto-aim/install/rm_interfaces/lib:/opt/MVS/lib/64:/opt/MVS/lib/32:/opt/ros/humble/opt/rviz_ogre_vendor/lib:/opt/ros/humble/lib/x86_64-linux-gnu:/opt/ros/humble/lib:/opt/MVS/lib/64:/opt/MVS/lib/32:/opt/MVS/lib/64:/opt/MVS/lib/32 PYTHONPATH=/home/lin/auto-aim/install/rm_interfaces/local/lib/python3.10/dist-packages:${PYTHONPATH} /usr/bin/cmake --build /home/lin/auto-aim/build/rm_hardware_driver -- -j8 -l8
[0.778s] DEBUG:colcon.colcon_core.event_handler.log_command:Invoked command in '/home/lin/auto-aim/build/rm_hardware_driver' returned '0': AMENT_PREFIX_PATH=/home/lin/auto-aim/install/rm_interfaces:${AMENT_PREFIX_PATH} CMAKE_PREFIX_PATH=/home/lin/auto-aim/install/rm_interfaces:/opt/ros/humble LD_LIBRARY_PATH=/home/lin/auto-aim/install/rm_interfaces/lib:/opt/MVS/lib/64:/opt/MVS/lib/32:/opt/ros/humble/opt/rviz_ogre_vendor/lib:/opt/ros/humble/lib/x86_64-linux-gnu:/opt/ros/humble/lib:/opt/MVS/lib/64:/opt/MVS/lib/32:/opt/MVS/lib/64:/opt/MVS/lib/32 PYTHONPATH=/home/lin/auto-aim/install/rm_interfaces/local/lib/python3.10/dist-packages:${PYTHONPATH} /usr/bin/cmake --build /home/lin/auto-aim/build/rm_hardware_driver -- -j8 -l8
[0.780s] DEBUG:colcon.colcon_core.event_handler.log_command:Invoking command in '/home/lin/auto-aim/build/rm_hardware_driver': AMENT_PREFIX_PATH=/home/lin/auto-aim/install/rm_interfaces:${AMENT_PREFIX_PATH} CMAKE_PREFIX_PATH=/home/lin/auto-aim/install/rm_interfaces:/opt/ros/humble LD_LIBRARY_PATH=/home/lin/auto-aim/install/rm_interfaces/lib:/opt/MVS/lib/64:/opt/MVS/lib/32:/opt/ros/humble/opt/rviz_ogre_vendor/lib:/opt/ros/humble/lib/x86_64-linux-gnu:/opt/ros/humble/lib:/opt/MVS/lib/64:/opt/MVS/lib/32:/opt/MVS/lib/64:/opt/MVS/lib/32 PYTHONPATH=/home/lin/auto-aim/install/rm_interfaces/local/lib/python3.10/dist-packages:${PYTHONPATH} /usr/bin/cmake --install /home/lin/auto-aim/build/rm_hardware_driver
[0.802s] Level 1:colcon.colcon_core.environment:create_environment_scripts_only(rm_hardware_driver)
[0.802s] Level 1:colcon.colcon_core.environment:checking '/home/lin/auto-aim/install/rm_hardware_driver' for CMake module files
[0.803s] DEBUG:colcon.colcon_core.event_handler.log_command:Invoked command in '/home/lin/auto-aim/build/rm_hardware_driver' returned '0': AMENT_PREFIX_PATH=/home/lin/auto-aim/install/rm_interfaces:${AMENT_PREFIX_PATH} CMAKE_PREFIX_PATH=/home/lin/auto-aim/install/rm_interfaces:/opt/ros/humble LD_LIBRARY_PATH=/home/lin/auto-aim/install/rm_interfaces/lib:/opt/MVS/lib/64:/opt/MVS/lib/32:/opt/ros/humble/opt/rviz_ogre_vendor/lib:/opt/ros/humble/lib/x86_64-linux-gnu:/opt/ros/humble/lib:/opt/MVS/lib/64:/opt/MVS/lib/32:/opt/MVS/lib/64:/opt/MVS/lib/32 PYTHONPATH=/home/lin/auto-aim/install/rm_interfaces/local/lib/python3.10/dist-packages:${PYTHONPATH} /usr/bin/cmake --install /home/lin/auto-aim/build/rm_hardware_driver
[0.803s] Level 1:colcon.colcon_core.environment:checking '/home/lin/auto-aim/install/rm_hardware_driver' for CMake config files
[0.803s] Level 1:colcon.colcon_core.shell:create_environment_hook('rm_hardware_driver', 'cmake_prefix_path')
[0.804s] INFO:colcon.colcon_core.shell:Creating environment hook '/home/lin/auto-aim/install/rm_hardware_driver/share/rm_hardware_driver/hook/cmake_prefix_path.ps1'
[0.804s] INFO:colcon.colcon_core.shell:Creating environment descriptor '/home/lin/auto-aim/install/rm_hardware_driver/share/rm_hardware_driver/hook/cmake_prefix_path.dsv'
[0.805s] INFO:colcon.colcon_core.shell:Creating environment hook '/home/lin/auto-aim/install/rm_hardware_driver/share/rm_hardware_driver/hook/cmake_prefix_path.sh'
[0.805s] Level 1:colcon.colcon_core.environment:checking '/home/lin/auto-aim/install/rm_hardware_driver/lib'
[0.805s] Level 1:colcon.colcon_core.shell:create_environment_hook('rm_hardware_driver', 'ld_library_path_lib')
[0.806s] INFO:colcon.colcon_core.shell:Creating environment hook '/home/lin/auto-aim/install/rm_hardware_driver/share/rm_hardware_driver/hook/ld_library_path_lib.ps1'
[0.806s] INFO:colcon.colcon_core.shell:Creating environment descriptor '/home/lin/auto-aim/install/rm_hardware_driver/share/rm_hardware_driver/hook/ld_library_path_lib.dsv'
[0.806s] INFO:colcon.colcon_core.shell:Creating environment hook '/home/lin/auto-aim/install/rm_hardware_driver/share/rm_hardware_driver/hook/ld_library_path_lib.sh'
[0.807s] Level 1:colcon.colcon_core.environment:checking '/home/lin/auto-aim/install/rm_hardware_driver/bin'
[0.807s] Level 1:colcon.colcon_core.environment:checking '/home/lin/auto-aim/install/rm_hardware_driver/lib/pkgconfig/rm_hardware_driver.pc'
[0.807s] Level 1:colcon.colcon_core.environment:checking '/home/lin/auto-aim/install/rm_hardware_driver/lib/python3.10/site-packages'
[0.807s] Level 1:colcon.colcon_core.environment:checking '/home/lin/auto-aim/install/rm_hardware_driver/bin'
[0.807s] INFO:colcon.colcon_core.shell:Creating package script '/home/lin/auto-aim/install/rm_hardware_driver/share/rm_hardware_driver/package.ps1'
[0.808s] INFO:colcon.colcon_core.shell:Creating package descriptor '/home/lin/auto-aim/install/rm_hardware_driver/share/rm_hardware_driver/package.dsv'
[0.808s] INFO:colcon.colcon_core.shell:Creating package script '/home/lin/auto-aim/install/rm_hardware_driver/share/rm_hardware_driver/package.sh'
[0.808s] INFO:colcon.colcon_core.shell:Creating package script '/home/lin/auto-aim/install/rm_hardware_driver/share/rm_hardware_driver/package.bash'
[0.809s] INFO:colcon.colcon_core.shell:Creating package script '/home/lin/auto-aim/install/rm_hardware_driver/share/rm_hardware_driver/package.zsh'
[0.809s] Level 1:colcon.colcon_core.environment:create_file_with_runtime_dependencies(/home/lin/auto-aim/install/rm_hardware_driver/share/colcon-core/packages/rm_hardware_driver)
[0.810s] Level 1:colcon.colcon_core.environment:create_environment_scripts_only(rm_hardware_driver)
[0.810s] Level 1:colcon.colcon_core.environment:checking '/home/lin/auto-aim/install/rm_hardware_driver' for CMake module files
[0.810s] Level 1:colcon.colcon_core.environment:checking '/home/lin/auto-aim/install/rm_hardware_driver' for CMake config files
[0.810s] Level 1:colcon.colcon_core.shell:create_environment_hook('rm_hardware_driver', 'cmake_prefix_path')
[0.810s] INFO:colcon.colcon_core.shell:Creating environment hook '/home/lin/auto-aim/install/rm_hardware_driver/share/rm_hardware_driver/hook/cmake_prefix_path.ps1'
[0.811s] INFO:colcon.colcon_core.shell:Creating environment descriptor '/home/lin/auto-aim/install/rm_hardware_driver/share/rm_hardware_driver/hook/cmake_prefix_path.dsv'
[0.811s] INFO:colcon.colcon_core.shell:Creating environment hook '/home/lin/auto-aim/install/rm_hardware_driver/share/rm_hardware_driver/hook/cmake_prefix_path.sh'
[0.812s] Level 1:colcon.colcon_core.environment:checking '/home/lin/auto-aim/install/rm_hardware_driver/lib'
[0.812s] Level 1:colcon.colcon_core.shell:create_environment_hook('rm_hardware_driver', 'ld_library_path_lib')
[0.812s] INFO:colcon.colcon_core.shell:Creating environment hook '/home/lin/auto-aim/install/rm_hardware_driver/share/rm_hardware_driver/hook/ld_library_path_lib.ps1'
[0.812s] INFO:colcon.colcon_core.shell:Creating environment descriptor '/home/lin/auto-aim/install/rm_hardware_driver/share/rm_hardware_driver/hook/ld_library_path_lib.dsv'
[0.812s] INFO:colcon.colcon_core.shell:Creating environment hook '/home/lin/auto-aim/install/rm_hardware_driver/share/rm_hardware_driver/hook/ld_library_path_lib.sh'
[0.813s] Level 1:colcon.colcon_core.environment:checking '/home/lin/auto-aim/install/rm_hardware_driver/bin'
[0.813s] Level 1:colcon.colcon_core.environment:checking '/home/lin/auto-aim/install/rm_hardware_driver/lib/pkgconfig/rm_hardware_driver.pc'
[0.813s] Level 1:colcon.colcon_core.environment:checking '/home/lin/auto-aim/install/rm_hardware_driver/lib/python3.10/site-packages'
[0.813s] Level 1:colcon.colcon_core.environment:checking '/home/lin/auto-aim/install/rm_hardware_driver/bin'
[0.813s] INFO:colcon.colcon_core.shell:Creating package script '/home/lin/auto-aim/install/rm_hardware_driver/share/rm_hardware_driver/package.ps1'
[0.813s] INFO:colcon.colcon_core.shell:Creating package descriptor '/home/lin/auto-aim/install/rm_hardware_driver/share/rm_hardware_driver/package.dsv'
[0.814s] INFO:colcon.colcon_core.shell:Creating package script '/home/lin/auto-aim/install/rm_hardware_driver/share/rm_hardware_driver/package.sh'
[0.814s] INFO:colcon.colcon_core.shell:Creating package script '/home/lin/auto-aim/install/rm_hardware_driver/share/rm_hardware_driver/package.bash'
[0.815s] INFO:colcon.colcon_core.shell:Creating package script '/home/lin/auto-aim/install/rm_hardware_driver/share/rm_hardware_driver/package.zsh'
[0.815s] Level 1:colcon.colcon_core.environment:create_file_with_runtime_dependencies(/home/lin/auto-aim/install/rm_hardware_driver/share/colcon-core/packages/rm_hardware_driver)
[2.996s] DEBUG:colcon.colcon_core.event_handler.log_command:Invoked command in '/home/lin/auto-aim/build/rm_auto_aim' returned '0': AMENT_PREFIX_PATH=/home/lin/auto-aim/install/rm_interfaces:${AMENT_PREFIX_PATH} CMAKE_PREFIX_PATH=/home/lin/auto-aim/install/rm_interfaces:/opt/ros/humble LD_LIBRARY_PATH=/home/lin/auto-aim/install/rm_interfaces/lib:/opt/MVS/lib/64:/opt/MVS/lib/32:/opt/ros/humble/opt/rviz_ogre_vendor/lib:/opt/ros/humble/lib/x86_64-linux-gnu:/opt/ros/humble/lib:/opt/MVS/lib/64:/opt/MVS/lib/32:/opt/MVS/lib/64:/opt/MVS/lib/32 PYTHONPATH=/home/lin/auto-aim/install/rm_interfaces/local/lib/python3.10/dist-packages:${PYTHONPATH} /usr/bin/cmake --build /home/lin/auto-aim/build/rm_auto_aim -- -j8 -l8
[2.998s] DEBUG:colcon.colcon_core.event_handler.log_command:Invoking command in '/home/lin/auto-aim/build/rm_auto_aim': AMENT_PREFIX_PATH=/home/lin/auto-aim/install/rm_interfaces:${AMENT_PREFIX_PATH} CMAKE_PREFIX_PATH=/home/lin/auto-aim/install/rm_interfaces:/opt/ros/humble LD_LIBRARY_PATH=/home/lin/auto-aim/install/rm_interfaces/lib:/opt/MVS/lib/64:/opt/MVS/lib/32:/opt/ros/humble/opt/rviz_ogre_vendor/lib:/opt/ros/humble/lib/x86_64-linux-gnu:/opt/ros/humble/lib:/opt/MVS/lib/64:/opt/MVS/lib/32:/opt/MVS/lib/64:/opt/MVS/lib/32 PYTHONPATH=/home/lin/auto-aim/install/rm_interfaces/local/lib/python3.10/dist-packages:${PYTHONPATH} /usr/bin/cmake --install /home/lin/auto-aim/build/rm_auto_aim
[3.297s] Level 1:colcon.colcon_core.environment:create_environment_scripts_only(rm_auto_aim)
[3.297s] Level 1:colcon.colcon_core.environment:checking '/home/lin/auto-aim/install/rm_auto_aim' for CMake module files
[3.298s] DEBUG:colcon.colcon_core.event_handler.log_command:Invoked command in '/home/lin/auto-aim/build/rm_auto_aim' returned '0': AMENT_PREFIX_PATH=/home/lin/auto-aim/install/rm_interfaces:${AMENT_PREFIX_PATH} CMAKE_PREFIX_PATH=/home/lin/auto-aim/install/rm_interfaces:/opt/ros/humble LD_LIBRARY_PATH=/home/lin/auto-aim/install/rm_interfaces/lib:/opt/MVS/lib/64:/opt/MVS/lib/32:/opt/ros/humble/opt/rviz_ogre_vendor/lib:/opt/ros/humble/lib/x86_64-linux-gnu:/opt/ros/humble/lib:/opt/MVS/lib/64:/opt/MVS/lib/32:/opt/MVS/lib/64:/opt/MVS/lib/32 PYTHONPATH=/home/lin/auto-aim/install/rm_interfaces/local/lib/python3.10/dist-packages:${PYTHONPATH} /usr/bin/cmake --install /home/lin/auto-aim/build/rm_auto_aim
[3.298s] Level 1:colcon.colcon_core.environment:checking '/home/lin/auto-aim/install/rm_auto_aim' for CMake config files
[3.299s] Level 1:colcon.colcon_core.shell:create_environment_hook('rm_auto_aim', 'cmake_prefix_path')
[3.299s] INFO:colcon.colcon_core.shell:Creating environment hook '/home/lin/auto-aim/install/rm_auto_aim/share/rm_auto_aim/hook/cmake_prefix_path.ps1'
[3.300s] INFO:colcon.colcon_core.shell:Creating environment descriptor '/home/lin/auto-aim/install/rm_auto_aim/share/rm_auto_aim/hook/cmake_prefix_path.dsv'
[3.300s] INFO:colcon.colcon_core.shell:Creating environment hook '/home/lin/auto-aim/install/rm_auto_aim/share/rm_auto_aim/hook/cmake_prefix_path.sh'
[3.301s] Level 1:colcon.colcon_core.environment:checking '/home/lin/auto-aim/install/rm_auto_aim/lib'
[3.301s] Level 1:colcon.colcon_core.environment:checking '/home/lin/auto-aim/install/rm_auto_aim/bin'
[3.301s] Level 1:colcon.colcon_core.environment:checking '/home/lin/auto-aim/install/rm_auto_aim/lib/pkgconfig/rm_auto_aim.pc'
[3.301s] Level 1:colcon.colcon_core.environment:checking '/home/lin/auto-aim/install/rm_auto_aim/lib/python3.10/site-packages'
[3.302s] Level 1:colcon.colcon_core.environment:checking '/home/lin/auto-aim/install/rm_auto_aim/bin'
[3.302s] INFO:colcon.colcon_core.shell:Creating package script '/home/lin/auto-aim/install/rm_auto_aim/share/rm_auto_aim/package.ps1'
[3.303s] INFO:colcon.colcon_core.shell:Creating package descriptor '/home/lin/auto-aim/install/rm_auto_aim/share/rm_auto_aim/package.dsv'
[3.304s] INFO:colcon.colcon_core.shell:Creating package script '/home/lin/auto-aim/install/rm_auto_aim/share/rm_auto_aim/package.sh'
[3.304s] INFO:colcon.colcon_core.shell:Creating package script '/home/lin/auto-aim/install/rm_auto_aim/share/rm_auto_aim/package.bash'
[3.304s] INFO:colcon.colcon_core.shell:Creating package script '/home/lin/auto-aim/install/rm_auto_aim/share/rm_auto_aim/package.zsh'
[3.305s] Level 1:colcon.colcon_core.environment:create_file_with_runtime_dependencies(/home/lin/auto-aim/install/rm_auto_aim/share/colcon-core/packages/rm_auto_aim)
[3.306s] Level 1:colcon.colcon_core.environment:create_environment_scripts_only(rm_auto_aim)
[3.306s] Level 1:colcon.colcon_core.environment:checking '/home/lin/auto-aim/install/rm_auto_aim' for CMake module files
[3.306s] Level 1:colcon.colcon_core.environment:checking '/home/lin/auto-aim/install/rm_auto_aim' for CMake config files
[3.307s] Level 1:colcon.colcon_core.shell:create_environment_hook('rm_auto_aim', 'cmake_prefix_path')
[3.307s] INFO:colcon.colcon_core.shell:Creating environment hook '/home/lin/auto-aim/install/rm_auto_aim/share/rm_auto_aim/hook/cmake_prefix_path.ps1'
[3.308s] INFO:colcon.colcon_core.shell:Creating environment descriptor '/home/lin/auto-aim/install/rm_auto_aim/share/rm_auto_aim/hook/cmake_prefix_path.dsv'
[3.308s] INFO:colcon.colcon_core.shell:Creating environment hook '/home/lin/auto-aim/install/rm_auto_aim/share/rm_auto_aim/hook/cmake_prefix_path.sh'
[3.309s] Level 1:colcon.colcon_core.environment:checking '/home/lin/auto-aim/install/rm_auto_aim/lib'
[3.309s] Level 1:colcon.colcon_core.environment:checking '/home/lin/auto-aim/install/rm_auto_aim/bin'
[3.309s] Level 1:colcon.colcon_core.environment:checking '/home/lin/auto-aim/install/rm_auto_aim/lib/pkgconfig/rm_auto_aim.pc'
[3.309s] Level 1:colcon.colcon_core.environment:checking '/home/lin/auto-aim/install/rm_auto_aim/lib/python3.10/site-packages'
[3.309s] Level 1:colcon.colcon_core.environment:checking '/home/lin/auto-aim/install/rm_auto_aim/bin'
[3.309s] INFO:colcon.colcon_core.shell:Creating package script '/home/lin/auto-aim/install/rm_auto_aim/share/rm_auto_aim/package.ps1'
[3.310s] INFO:colcon.colcon_core.shell:Creating package descriptor '/home/lin/auto-aim/install/rm_auto_aim/share/rm_auto_aim/package.dsv'
[3.310s] INFO:colcon.colcon_core.shell:Creating package script '/home/lin/auto-aim/install/rm_auto_aim/share/rm_auto_aim/package.sh'
[3.310s] INFO:colcon.colcon_core.shell:Creating package script '/home/lin/auto-aim/install/rm_auto_aim/share/rm_auto_aim/package.bash'
[3.311s] INFO:colcon.colcon_core.shell:Creating package script '/home/lin/auto-aim/install/rm_auto_aim/share/rm_auto_aim/package.zsh'
[3.311s] Level 1:colcon.colcon_core.environment:create_file_with_runtime_dependencies(/home/lin/auto-aim/install/rm_auto_aim/share/colcon-core/packages/rm_auto_aim)
[3.311s] INFO:colcon.colcon_ros.task.ament_cmake.build:Building ROS package in '/home/lin/auto-aim/src/rm_bringup' with build type 'ament_cmake'
[3.311s] INFO:colcon.colcon_cmake.task.cmake.build:Building CMake package in '/home/lin/auto-aim/src/rm_bringup'
[3.312s] INFO:colcon.colcon_core.shell:Skip shell extension 'powershell' for command environment: Not usable outside of PowerShell
[3.312s] DEBUG:colcon.colcon_core.shell:Skip shell extension 'dsv' for command environment
[3.329s] DEBUG:colcon.colcon_core.event_handler.log_command:Invoking command in '/home/lin/auto-aim/build/rm_bringup': AMENT_PREFIX_PATH=/home/lin/auto-aim/install/rm_hardware_driver:/home/lin/auto-aim/install/rm_auto_aim:/home/lin/auto-aim/install/rm_interfaces:${AMENT_PREFIX_PATH} CMAKE_PREFIX_PATH=/home/lin/auto-aim/install/rm_hardware_driver:/home/lin/auto-aim/install/rm_auto_aim:/home/lin/auto-aim/install/rm_interfaces:/opt/ros/humble LD_LIBRARY_PATH=/home/lin/auto-aim/install/rm_hardware_driver/lib:/home/lin/auto-aim/install/rm_auto_aim/lib:/home/lin/auto-aim/install/rm_interfaces/lib:/opt/MVS/lib/64:/opt/MVS/lib/32:/opt/ros/humble/opt/rviz_ogre_vendor/lib:/opt/ros/humble/lib/x86_64-linux-gnu:/opt/ros/humble/lib:/opt/MVS/lib/64:/opt/MVS/lib/32:/opt/MVS/lib/64:/opt/MVS/lib/32 PYTHONPATH=/home/lin/auto-aim/install/rm_interfaces/local/lib/python3.10/dist-packages:${PYTHONPATH} /usr/bin/cmake /home/lin/auto-aim/src/rm_bringup -DAMENT_CMAKE_SYMLINK_INSTALL=1 -DCMAKE_INSTALL_PREFIX=/home/lin/auto-aim/install/rm_bringup
[3.963s] DEBUG:colcon.colcon_core.event_handler.log_command:Invoked command in '/home/lin/auto-aim/build/rm_bringup' returned '0': AMENT_PREFIX_PATH=/home/lin/auto-aim/install/rm_hardware_driver:/home/lin/auto-aim/install/rm_auto_aim:/home/lin/auto-aim/install/rm_interfaces:${AMENT_PREFIX_PATH} CMAKE_PREFIX_PATH=/home/lin/auto-aim/install/rm_hardware_driver:/home/lin/auto-aim/install/rm_auto_aim:/home/lin/auto-aim/install/rm_interfaces:/opt/ros/humble LD_LIBRARY_PATH=/home/lin/auto-aim/install/rm_hardware_driver/lib:/home/lin/auto-aim/install/rm_auto_aim/lib:/home/lin/auto-aim/install/rm_interfaces/lib:/opt/MVS/lib/64:/opt/MVS/lib/32:/opt/ros/humble/opt/rviz_ogre_vendor/lib:/opt/ros/humble/lib/x86_64-linux-gnu:/opt/ros/humble/lib:/opt/MVS/lib/64:/opt/MVS/lib/32:/opt/MVS/lib/64:/opt/MVS/lib/32 PYTHONPATH=/home/lin/auto-aim/install/rm_interfaces/local/lib/python3.10/dist-packages:${PYTHONPATH} /usr/bin/cmake /home/lin/auto-aim/src/rm_bringup -DAMENT_CMAKE_SYMLINK_INSTALL=1 -DCMAKE_INSTALL_PREFIX=/home/lin/auto-aim/install/rm_bringup
[3.965s] DEBUG:colcon.colcon_core.event_handler.log_command:Invoking command in '/home/lin/auto-aim/build/rm_bringup': AMENT_PREFIX_PATH=/home/lin/auto-aim/install/rm_hardware_driver:/home/lin/auto-aim/install/rm_auto_aim:/home/lin/auto-aim/install/rm_interfaces:${AMENT_PREFIX_PATH} CMAKE_PREFIX_PATH=/home/lin/auto-aim/install/rm_hardware_driver:/home/lin/auto-aim/install/rm_auto_aim:/home/lin/auto-aim/install/rm_interfaces:/opt/ros/humble LD_LIBRARY_PATH=/home/lin/auto-aim/install/rm_hardware_driver/lib:/home/lin/auto-aim/install/rm_auto_aim/lib:/home/lin/auto-aim/install/rm_interfaces/lib:/opt/MVS/lib/64:/opt/MVS/lib/32:/opt/ros/humble/opt/rviz_ogre_vendor/lib:/opt/ros/humble/lib/x86_64-linux-gnu:/opt/ros/humble/lib:/opt/MVS/lib/64:/opt/MVS/lib/32:/opt/MVS/lib/64:/opt/MVS/lib/32 PYTHONPATH=/home/lin/auto-aim/install/rm_interfaces/local/lib/python3.10/dist-packages:${PYTHONPATH} /usr/bin/cmake --build /home/lin/auto-aim/build/rm_bringup -- -j8 -l8
[4.026s] DEBUG:colcon.colcon_core.event_handler.log_command:Invoked command in '/home/lin/auto-aim/build/rm_bringup' returned '0': AMENT_PREFIX_PATH=/home/lin/auto-aim/install/rm_hardware_driver:/home/lin/auto-aim/install/rm_auto_aim:/home/lin/auto-aim/install/rm_interfaces:${AMENT_PREFIX_PATH} CMAKE_PREFIX_PATH=/home/lin/auto-aim/install/rm_hardware_driver:/home/lin/auto-aim/install/rm_auto_aim:/home/lin/auto-aim/install/rm_interfaces:/opt/ros/humble LD_LIBRARY_PATH=/home/lin/auto-aim/install/rm_hardware_driver/lib:/home/lin/auto-aim/install/rm_auto_aim/lib:/home/lin/auto-aim/install/rm_interfaces/lib:/opt/MVS/lib/64:/opt/MVS/lib/32:/opt/ros/humble/opt/rviz_ogre_vendor/lib:/opt/ros/humble/lib/x86_64-linux-gnu:/opt/ros/humble/lib:/opt/MVS/lib/64:/opt/MVS/lib/32:/opt/MVS/lib/64:/opt/MVS/lib/32 PYTHONPATH=/home/lin/auto-aim/install/rm_interfaces/local/lib/python3.10/dist-packages:${PYTHONPATH} /usr/bin/cmake --build /home/lin/auto-aim/build/rm_bringup -- -j8 -l8
[4.028s] DEBUG:colcon.colcon_core.event_handler.log_command:Invoking command in '/home/lin/auto-aim/build/rm_bringup': AMENT_PREFIX_PATH=/home/lin/auto-aim/install/rm_hardware_driver:/home/lin/auto-aim/install/rm_auto_aim:/home/lin/auto-aim/install/rm_interfaces:${AMENT_PREFIX_PATH} CMAKE_PREFIX_PATH=/home/lin/auto-aim/install/rm_hardware_driver:/home/lin/auto-aim/install/rm_auto_aim:/home/lin/auto-aim/install/rm_interfaces:/opt/ros/humble LD_LIBRARY_PATH=/home/lin/auto-aim/install/rm_hardware_driver/lib:/home/lin/auto-aim/install/rm_auto_aim/lib:/home/lin/auto-aim/install/rm_interfaces/lib:/opt/MVS/lib/64:/opt/MVS/lib/32:/opt/ros/humble/opt/rviz_ogre_vendor/lib:/opt/ros/humble/lib/x86_64-linux-gnu:/opt/ros/humble/lib:/opt/MVS/lib/64:/opt/MVS/lib/32:/opt/MVS/lib/64:/opt/MVS/lib/32 PYTHONPATH=/home/lin/auto-aim/install/rm_interfaces/local/lib/python3.10/dist-packages:${PYTHONPATH} /usr/bin/cmake --install /home/lin/auto-aim/build/rm_bringup
[4.281s] Level 1:colcon.colcon_core.environment:create_environment_scripts_only(rm_bringup)
[4.281s] Level 1:colcon.colcon_core.environment:checking '/home/lin/auto-aim/install/rm_bringup' for CMake module files
[4.282s] DEBUG:colcon.colcon_core.event_handler.log_command:Invoked command in '/home/lin/auto-aim/build/rm_bringup' returned '0': AMENT_PREFIX_PATH=/home/lin/auto-aim/install/rm_hardware_driver:/home/lin/auto-aim/install/rm_auto_aim:/home/lin/auto-aim/install/rm_interfaces:${AMENT_PREFIX_PATH} CMAKE_PREFIX_PATH=/home/lin/auto-aim/install/rm_hardware_driver:/home/lin/auto-aim/install/rm_auto_aim:/home/lin/auto-aim/install/rm_interfaces:/opt/ros/humble LD_LIBRARY_PATH=/home/lin/auto-aim/install/rm_hardware_driver/lib:/home/lin/auto-aim/install/rm_auto_aim/lib:/home/lin/auto-aim/install/rm_interfaces/lib:/opt/MVS/lib/64:/opt/MVS/lib/32:/opt/ros/humble/opt/rviz_ogre_vendor/lib:/opt/ros/humble/lib/x86_64-linux-gnu:/opt/ros/humble/lib:/opt/MVS/lib/64:/opt/MVS/lib/32:/opt/MVS/lib/64:/opt/MVS/lib/32 PYTHONPATH=/home/lin/auto-aim/install/rm_interfaces/local/lib/python3.10/dist-packages:${PYTHONPATH} /usr/bin/cmake --install /home/lin/auto-aim/build/rm_bringup
[4.283s] Level 1:colcon.colcon_core.environment:checking '/home/lin/auto-aim/install/rm_bringup' for CMake config files
[4.283s] Level 1:colcon.colcon_core.shell:create_environment_hook('rm_bringup', 'cmake_prefix_path')
[4.283s] INFO:colcon.colcon_core.shell:Creating environment hook '/home/lin/auto-aim/install/rm_bringup/share/rm_bringup/hook/cmake_prefix_path.ps1'
[4.284s] INFO:colcon.colcon_core.shell:Creating environment descriptor '/home/lin/auto-aim/install/rm_bringup/share/rm_bringup/hook/cmake_prefix_path.dsv'
[4.284s] INFO:colcon.colcon_core.shell:Creating environment hook '/home/lin/auto-aim/install/rm_bringup/share/rm_bringup/hook/cmake_prefix_path.sh'
[4.285s] Level 1:colcon.colcon_core.environment:checking '/home/lin/auto-aim/install/rm_bringup/bin'
[4.285s] Level 1:colcon.colcon_core.environment:checking '/home/lin/auto-aim/install/rm_bringup/lib/pkgconfig/rm_bringup.pc'
[4.285s] Level 1:colcon.colcon_core.environment:checking '/home/lin/auto-aim/install/rm_bringup/lib/python3.10/site-packages'
[4.286s] Level 1:colcon.colcon_core.environment:checking '/home/lin/auto-aim/install/rm_bringup/bin'
[4.286s] INFO:colcon.colcon_core.shell:Creating package script '/home/lin/auto-aim/install/rm_bringup/share/rm_bringup/package.ps1'
[4.286s] INFO:colcon.colcon_core.shell:Creating package descriptor '/home/lin/auto-aim/install/rm_bringup/share/rm_bringup/package.dsv'
[4.287s] INFO:colcon.colcon_core.shell:Creating package script '/home/lin/auto-aim/install/rm_bringup/share/rm_bringup/package.sh'
[4.287s] INFO:colcon.colcon_core.shell:Creating package script '/home/lin/auto-aim/install/rm_bringup/share/rm_bringup/package.bash'
[4.287s] INFO:colcon.colcon_core.shell:Creating package script '/home/lin/auto-aim/install/rm_bringup/share/rm_bringup/package.zsh'
[4.288s] Level 1:colcon.colcon_core.environment:create_file_with_runtime_dependencies(/home/lin/auto-aim/install/rm_bringup/share/colcon-core/packages/rm_bringup)
[4.288s] Level 1:colcon.colcon_core.environment:create_environment_scripts_only(rm_bringup)
[4.288s] Level 1:colcon.colcon_core.environment:checking '/home/lin/auto-aim/install/rm_bringup' for CMake module files
[4.289s] Level 1:colcon.colcon_core.environment:checking '/home/lin/auto-aim/install/rm_bringup' for CMake config files
[4.289s] Level 1:colcon.colcon_core.shell:create_environment_hook('rm_bringup', 'cmake_prefix_path')
[4.289s] INFO:colcon.colcon_core.shell:Creating environment hook '/home/lin/auto-aim/install/rm_bringup/share/rm_bringup/hook/cmake_prefix_path.ps1'
[4.289s] INFO:colcon.colcon_core.shell:Creating environment descriptor '/home/lin/auto-aim/install/rm_bringup/share/rm_bringup/hook/cmake_prefix_path.dsv'
[4.290s] INFO:colcon.colcon_core.shell:Creating environment hook '/home/lin/auto-aim/install/rm_bringup/share/rm_bringup/hook/cmake_prefix_path.sh'
[4.290s] Level 1:colcon.colcon_core.environment:checking '/home/lin/auto-aim/install/rm_bringup/bin'
[4.290s] Level 1:colcon.colcon_core.environment:checking '/home/lin/auto-aim/install/rm_bringup/lib/pkgconfig/rm_bringup.pc'
[4.290s] Level 1:colcon.colcon_core.environment:checking '/home/lin/auto-aim/install/rm_bringup/lib/python3.10/site-packages'
[4.291s] Level 1:colcon.colcon_core.environment:checking '/home/lin/auto-aim/install/rm_bringup/bin'
[4.291s] INFO:colcon.colcon_core.shell:Creating package script '/home/lin/auto-aim/install/rm_bringup/share/rm_bringup/package.ps1'
[4.291s] INFO:colcon.colcon_core.shell:Creating package descriptor '/home/lin/auto-aim/install/rm_bringup/share/rm_bringup/package.dsv'
[4.292s] INFO:colcon.colcon_core.shell:Creating package script '/home/lin/auto-aim/install/rm_bringup/share/rm_bringup/package.sh'
[4.292s] INFO:colcon.colcon_core.shell:Creating package script '/home/lin/auto-aim/install/rm_bringup/share/rm_bringup/package.bash'
[4.292s] INFO:colcon.colcon_core.shell:Creating package script '/home/lin/auto-aim/install/rm_bringup/share/rm_bringup/package.zsh'
[4.293s] Level 1:colcon.colcon_core.environment:create_file_with_runtime_dependencies(/home/lin/auto-aim/install/rm_bringup/share/colcon-core/packages/rm_bringup)
[4.293s] DEBUG:colcon.colcon_parallel_executor.executor.parallel:closing loop
[4.293s] DEBUG:colcon.colcon_parallel_executor.executor.parallel:loop closed
[4.293s] DEBUG:colcon.colcon_parallel_executor.executor.parallel:run_until_complete finished with '0'
[4.293s] DEBUG:colcon.colcon_core.event_reactor:joining thread
[4.299s] INFO:colcon.colcon_core.plugin_system:Skipping extension 'colcon_notification.desktop_notification.terminal_notifier': Not used on non-Darwin systems
[4.299s] INFO:colcon.colcon_core.plugin_system:Skipping extension 'colcon_notification.desktop_notification.win32': Not used on non-Windows systems
[4.300s] INFO:colcon.colcon_notification.desktop_notification:Sending desktop notification using 'notify2'
[4.310s] DEBUG:colcon.colcon_core.event_reactor:joined thread
[4.310s] INFO:colcon.colcon_core.shell:Creating prefix script '/home/lin/auto-aim/install/local_setup.ps1'
[4.311s] INFO:colcon.colcon_core.shell:Creating prefix util module '/home/lin/auto-aim/install/_local_setup_util_ps1.py'
[4.313s] INFO:colcon.colcon_core.shell:Creating prefix chain script '/home/lin/auto-aim/install/setup.ps1'
[4.314s] INFO:colcon.colcon_core.shell:Creating prefix script '/home/lin/auto-aim/install/local_setup.sh'
[4.315s] INFO:colcon.colcon_core.shell:Creating prefix util module '/home/lin/auto-aim/install/_local_setup_util_sh.py'
[4.316s] INFO:colcon.colcon_core.shell:Creating prefix chain script '/home/lin/auto-aim/install/setup.sh'
[4.316s] INFO:colcon.colcon_core.shell:Creating prefix script '/home/lin/auto-aim/install/local_setup.bash'
[4.317s] INFO:colcon.colcon_core.shell:Creating prefix chain script '/home/lin/auto-aim/install/setup.bash'
[4.317s] INFO:colcon.colcon_core.shell:Creating prefix script '/home/lin/auto-aim/install/local_setup.zsh'
[4.317s] INFO:colcon.colcon_core.shell:Creating prefix chain script '/home/lin/auto-aim/install/setup.zsh'
