[0.073s] DEBUG:colcon:Command line arguments: ['/usr/bin/colcon', 'build', '--symlink-install']
[0.073s] DEBUG:colcon:Parsed command line arguments: Namespace(log_base=None, log_level=None, verb_name='build', build_base='build', install_base='install', merge_install=False, symlink_install=True, test_result_base=None, continue_on_error=False, executor='parallel', parallel_workers=8, event_handlers=None, ignore_user_meta=False, metas=['./colcon.meta'], base_paths=['.'], packages_ignore=None, packages_ignore_regex=None, paths=None, packages_up_to=None, packages_up_to_regex=None, packages_above=None, packages_above_and_dependencies=None, packages_above_depth=None, packages_select_by_dep=None, packages_skip_by_dep=None, packages_skip_up_to=None, packages_select_build_failed=False, packages_skip_build_finished=False, packages_select_test_failures=False, packages_skip_test_passed=False, packages_select=None, packages_skip=None, packages_select_regex=None, packages_skip_regex=None, packages_start=None, packages_end=None, allow_overriding=[], cmake_args=None, cmake_target=None, cmake_target_skip_unavailable=False, cmake_clean_cache=False, cmake_clean_first=False, cmake_force_configure=False, ament_cmake_args=None, catkin_cmake_args=None, catkin_skip_building_tests=False, verb_parser=<colcon_defaults.argument_parser.defaults.DefaultArgumentsDecorator object at 0x7ef6af433730>, verb_extension=<colcon_core.verb.build.BuildVerb object at 0x7ef6af4332e0>, main=<bound method BuildVerb.main of <colcon_core.verb.build.BuildVerb object at 0x7ef6af4332e0>>)
[0.175s] Level 1:colcon.colcon_core.package_discovery:discover_packages(colcon_meta) check parameters
[0.175s] Level 1:colcon.colcon_core.package_discovery:discover_packages(recursive) check parameters
[0.175s] Level 1:colcon.colcon_core.package_discovery:discover_packages(ignore) check parameters
[0.175s] Level 1:colcon.colcon_core.package_discovery:discover_packages(path) check parameters
[0.175s] Level 1:colcon.colcon_core.package_discovery:discover_packages(colcon_meta) discover
[0.175s] Level 1:colcon.colcon_core.package_discovery:discover_packages(recursive) discover
[0.175s] INFO:colcon.colcon_core.package_discovery:Crawling recursively for packages in '/home/lin/auto-aim'
[0.175s] Level 1:colcon.colcon_core.package_identification:_identify(.) by extensions ['ignore', 'ignore_ament_install']
[0.175s] Level 1:colcon.colcon_core.package_identification:_identify(.) by extension 'ignore'
[0.175s] Level 1:colcon.colcon_core.package_identification:_identify(.) by extension 'ignore_ament_install'
[0.175s] Level 1:colcon.colcon_core.package_identification:_identify(.) by extensions ['colcon_pkg']
[0.175s] Level 1:colcon.colcon_core.package_identification:_identify(.) by extension 'colcon_pkg'
[0.175s] Level 1:colcon.colcon_core.package_identification:_identify(.) by extensions ['colcon_meta']
[0.175s] Level 1:colcon.colcon_core.package_identification:_identify(.) by extension 'colcon_meta'
[0.176s] Level 1:colcon.colcon_core.package_identification:_identify(.) by extensions ['ros']
[0.176s] Level 1:colcon.colcon_core.package_identification:_identify(.) by extension 'ros'
[0.184s] Level 1:colcon.colcon_core.package_identification:_identify(.) by extensions ['cmake', 'python']
[0.184s] Level 1:colcon.colcon_core.package_identification:_identify(.) by extension 'cmake'
[0.184s] Level 1:colcon.colcon_core.package_identification:_identify(.) by extension 'python'
[0.184s] Level 1:colcon.colcon_core.package_identification:_identify(.) by extensions ['python_setup_py']
[0.184s] Level 1:colcon.colcon_core.package_identification:_identify(.) by extension 'python_setup_py'
[0.184s] Level 1:colcon.colcon_core.package_identification:_identify(build) by extensions ['ignore', 'ignore_ament_install']
[0.184s] Level 1:colcon.colcon_core.package_identification:_identify(build) by extension 'ignore'
[0.184s] Level 1:colcon.colcon_core.package_identification:_identify(build) ignored
[0.184s] Level 1:colcon.colcon_core.package_identification:_identify(install) by extensions ['ignore', 'ignore_ament_install']
[0.184s] Level 1:colcon.colcon_core.package_identification:_identify(install) by extension 'ignore'
[0.184s] Level 1:colcon.colcon_core.package_identification:_identify(install) ignored
[0.184s] Level 1:colcon.colcon_core.package_identification:_identify(log) by extensions ['ignore', 'ignore_ament_install']
[0.184s] Level 1:colcon.colcon_core.package_identification:_identify(log) by extension 'ignore'
[0.184s] Level 1:colcon.colcon_core.package_identification:_identify(log) ignored
[0.184s] Level 1:colcon.colcon_core.package_identification:_identify(src) by extensions ['ignore', 'ignore_ament_install']
[0.184s] Level 1:colcon.colcon_core.package_identification:_identify(src) by extension 'ignore'
[0.184s] Level 1:colcon.colcon_core.package_identification:_identify(src) by extension 'ignore_ament_install'
[0.184s] Level 1:colcon.colcon_core.package_identification:_identify(src) by extensions ['colcon_pkg']
[0.184s] Level 1:colcon.colcon_core.package_identification:_identify(src) by extension 'colcon_pkg'
[0.184s] Level 1:colcon.colcon_core.package_identification:_identify(src) by extensions ['colcon_meta']
[0.184s] Level 1:colcon.colcon_core.package_identification:_identify(src) by extension 'colcon_meta'
[0.185s] Level 1:colcon.colcon_core.package_identification:_identify(src) by extensions ['ros']
[0.185s] Level 1:colcon.colcon_core.package_identification:_identify(src) by extension 'ros'
[0.185s] Level 1:colcon.colcon_core.package_identification:_identify(src) by extensions ['cmake', 'python']
[0.185s] Level 1:colcon.colcon_core.package_identification:_identify(src) by extension 'cmake'
[0.185s] Level 1:colcon.colcon_core.package_identification:_identify(src) by extension 'python'
[0.185s] Level 1:colcon.colcon_core.package_identification:_identify(src) by extensions ['python_setup_py']
[0.185s] Level 1:colcon.colcon_core.package_identification:_identify(src) by extension 'python_setup_py'
[0.185s] Level 1:colcon.colcon_core.package_identification:_identify(src/rm_auto_aim) by extensions ['ignore', 'ignore_ament_install']
[0.185s] Level 1:colcon.colcon_core.package_identification:_identify(src/rm_auto_aim) by extension 'ignore'
[0.185s] Level 1:colcon.colcon_core.package_identification:_identify(src/rm_auto_aim) by extension 'ignore_ament_install'
[0.185s] Level 1:colcon.colcon_core.package_identification:_identify(src/rm_auto_aim) by extensions ['colcon_pkg']
[0.185s] Level 1:colcon.colcon_core.package_identification:_identify(src/rm_auto_aim) by extension 'colcon_pkg'
[0.185s] Level 1:colcon.colcon_core.package_identification:_identify(src/rm_auto_aim) by extensions ['colcon_meta']
[0.185s] Level 1:colcon.colcon_core.package_identification:_identify(src/rm_auto_aim) by extension 'colcon_meta'
[0.185s] Level 1:colcon.colcon_core.package_identification:_identify(src/rm_auto_aim) by extensions ['ros']
[0.185s] Level 1:colcon.colcon_core.package_identification:_identify(src/rm_auto_aim) by extension 'ros'
[0.187s] DEBUG:colcon.colcon_core.package_identification:Package 'src/rm_auto_aim' with type 'ros.ament_cmake' and name 'rm_auto_aim'
[0.187s] Level 1:colcon.colcon_core.package_identification:_identify(src/rm_bringup) by extensions ['ignore', 'ignore_ament_install']
[0.187s] Level 1:colcon.colcon_core.package_identification:_identify(src/rm_bringup) by extension 'ignore'
[0.187s] Level 1:colcon.colcon_core.package_identification:_identify(src/rm_bringup) by extension 'ignore_ament_install'
[0.187s] Level 1:colcon.colcon_core.package_identification:_identify(src/rm_bringup) by extensions ['colcon_pkg']
[0.187s] Level 1:colcon.colcon_core.package_identification:_identify(src/rm_bringup) by extension 'colcon_pkg'
[0.187s] Level 1:colcon.colcon_core.package_identification:_identify(src/rm_bringup) by extensions ['colcon_meta']
[0.188s] Level 1:colcon.colcon_core.package_identification:_identify(src/rm_bringup) by extension 'colcon_meta'
[0.188s] Level 1:colcon.colcon_core.package_identification:_identify(src/rm_bringup) by extensions ['ros']
[0.188s] Level 1:colcon.colcon_core.package_identification:_identify(src/rm_bringup) by extension 'ros'
[0.188s] DEBUG:colcon.colcon_core.package_identification:Package 'src/rm_bringup' with type 'ros.ament_cmake' and name 'rm_bringup'
[0.188s] Level 1:colcon.colcon_core.package_identification:_identify(src/rm_hardware_driver) by extensions ['ignore', 'ignore_ament_install']
[0.189s] Level 1:colcon.colcon_core.package_identification:_identify(src/rm_hardware_driver) by extension 'ignore'
[0.189s] Level 1:colcon.colcon_core.package_identification:_identify(src/rm_hardware_driver) by extension 'ignore_ament_install'
[0.189s] Level 1:colcon.colcon_core.package_identification:_identify(src/rm_hardware_driver) by extensions ['colcon_pkg']
[0.189s] Level 1:colcon.colcon_core.package_identification:_identify(src/rm_hardware_driver) by extension 'colcon_pkg'
[0.189s] Level 1:colcon.colcon_core.package_identification:_identify(src/rm_hardware_driver) by extensions ['colcon_meta']
[0.189s] Level 1:colcon.colcon_core.package_identification:_identify(src/rm_hardware_driver) by extension 'colcon_meta'
[0.189s] Level 1:colcon.colcon_core.package_identification:_identify(src/rm_hardware_driver) by extensions ['ros']
[0.189s] Level 1:colcon.colcon_core.package_identification:_identify(src/rm_hardware_driver) by extension 'ros'
[0.189s] DEBUG:colcon.colcon_core.package_identification:Package 'src/rm_hardware_driver' with type 'ros.ament_cmake' and name 'rm_hardware_driver'
[0.189s] Level 1:colcon.colcon_core.package_identification:_identify(src/rm_interfaces) by extensions ['ignore', 'ignore_ament_install']
[0.189s] Level 1:colcon.colcon_core.package_identification:_identify(src/rm_interfaces) by extension 'ignore'
[0.189s] Level 1:colcon.colcon_core.package_identification:_identify(src/rm_interfaces) by extension 'ignore_ament_install'
[0.189s] Level 1:colcon.colcon_core.package_identification:_identify(src/rm_interfaces) by extensions ['colcon_pkg']
[0.189s] Level 1:colcon.colcon_core.package_identification:_identify(src/rm_interfaces) by extension 'colcon_pkg'
[0.189s] Level 1:colcon.colcon_core.package_identification:_identify(src/rm_interfaces) by extensions ['colcon_meta']
[0.189s] Level 1:colcon.colcon_core.package_identification:_identify(src/rm_interfaces) by extension 'colcon_meta'
[0.189s] Level 1:colcon.colcon_core.package_identification:_identify(src/rm_interfaces) by extensions ['ros']
[0.189s] Level 1:colcon.colcon_core.package_identification:_identify(src/rm_interfaces) by extension 'ros'
[0.190s] DEBUG:colcon.colcon_core.package_identification:Package 'src/rm_interfaces' with type 'ros.ament_cmake' and name 'rm_interfaces'
[0.190s] Level 1:colcon.colcon_core.package_identification:_identify(src/rm_robot_description) by extensions ['ignore', 'ignore_ament_install']
[0.190s] Level 1:colcon.colcon_core.package_identification:_identify(src/rm_robot_description) by extension 'ignore'
[0.190s] Level 1:colcon.colcon_core.package_identification:_identify(src/rm_robot_description) by extension 'ignore_ament_install'
[0.190s] Level 1:colcon.colcon_core.package_identification:_identify(src/rm_robot_description) by extensions ['colcon_pkg']
[0.190s] Level 1:colcon.colcon_core.package_identification:_identify(src/rm_robot_description) by extension 'colcon_pkg'
[0.190s] Level 1:colcon.colcon_core.package_identification:_identify(src/rm_robot_description) by extensions ['colcon_meta']
[0.190s] Level 1:colcon.colcon_core.package_identification:_identify(src/rm_robot_description) by extension 'colcon_meta'
[0.190s] Level 1:colcon.colcon_core.package_identification:_identify(src/rm_robot_description) by extensions ['ros']
[0.190s] Level 1:colcon.colcon_core.package_identification:_identify(src/rm_robot_description) by extension 'ros'
[0.190s] DEBUG:colcon.colcon_core.package_identification:Package 'src/rm_robot_description' with type 'ros.ament_cmake' and name 'rm_robot_description'
[0.190s] Level 1:colcon.colcon_core.package_discovery:discover_packages(recursive) using defaults
[0.190s] Level 1:colcon.colcon_core.package_discovery:discover_packages(ignore) discover
[0.190s] Level 1:colcon.colcon_core.package_discovery:discover_packages(ignore) using defaults
[0.190s] Level 1:colcon.colcon_core.package_discovery:discover_packages(path) discover
[0.190s] Level 1:colcon.colcon_core.package_discovery:discover_packages(path) using defaults
[0.213s] Level 1:colcon.colcon_core.package_discovery:discover_packages(prefix_path) check parameters
[0.213s] Level 1:colcon.colcon_core.package_discovery:discover_packages(prefix_path) discover
[0.215s] DEBUG:colcon.colcon_installed_package_information.package_discovery:Found 282 installed packages in /opt/ros/humble
[0.215s] Level 1:colcon.colcon_core.package_discovery:discover_packages(prefix_path) using defaults
[0.247s] Level 5:colcon.colcon_core.verb:set package 'rm_interfaces' build argument 'cmake_args' from command line to 'None'
[0.247s] Level 5:colcon.colcon_core.verb:set package 'rm_interfaces' build argument 'cmake_target' from command line to 'None'
[0.247s] Level 5:colcon.colcon_core.verb:set package 'rm_interfaces' build argument 'cmake_target_skip_unavailable' from command line to 'False'
[0.247s] Level 5:colcon.colcon_core.verb:set package 'rm_interfaces' build argument 'cmake_clean_cache' from command line to 'False'
[0.247s] Level 5:colcon.colcon_core.verb:set package 'rm_interfaces' build argument 'cmake_clean_first' from command line to 'False'
[0.247s] Level 5:colcon.colcon_core.verb:set package 'rm_interfaces' build argument 'cmake_force_configure' from command line to 'False'
[0.247s] Level 5:colcon.colcon_core.verb:set package 'rm_interfaces' build argument 'ament_cmake_args' from command line to 'None'
[0.247s] Level 5:colcon.colcon_core.verb:set package 'rm_interfaces' build argument 'catkin_cmake_args' from command line to 'None'
[0.247s] Level 5:colcon.colcon_core.verb:set package 'rm_interfaces' build argument 'catkin_skip_building_tests' from command line to 'False'
[0.247s] DEBUG:colcon.colcon_core.verb:Building package 'rm_interfaces' with the following arguments: {'ament_cmake_args': None, 'build_base': '/home/lin/auto-aim/build/rm_interfaces', 'catkin_cmake_args': None, 'catkin_skip_building_tests': False, 'cmake_args': None, 'cmake_clean_cache': False, 'cmake_clean_first': False, 'cmake_force_configure': False, 'cmake_target': None, 'cmake_target_skip_unavailable': False, 'install_base': '/home/lin/auto-aim/install/rm_interfaces', 'merge_install': False, 'path': '/home/lin/auto-aim/src/rm_interfaces', 'symlink_install': True, 'test_result_base': None}
[0.247s] Level 5:colcon.colcon_core.verb:set package 'rm_robot_description' build argument 'cmake_args' from command line to 'None'
[0.247s] Level 5:colcon.colcon_core.verb:set package 'rm_robot_description' build argument 'cmake_target' from command line to 'None'
[0.247s] Level 5:colcon.colcon_core.verb:set package 'rm_robot_description' build argument 'cmake_target_skip_unavailable' from command line to 'False'
[0.247s] Level 5:colcon.colcon_core.verb:set package 'rm_robot_description' build argument 'cmake_clean_cache' from command line to 'False'
[0.248s] Level 5:colcon.colcon_core.verb:set package 'rm_robot_description' build argument 'cmake_clean_first' from command line to 'False'
[0.248s] Level 5:colcon.colcon_core.verb:set package 'rm_robot_description' build argument 'cmake_force_configure' from command line to 'False'
[0.248s] Level 5:colcon.colcon_core.verb:set package 'rm_robot_description' build argument 'ament_cmake_args' from command line to 'None'
[0.248s] Level 5:colcon.colcon_core.verb:set package 'rm_robot_description' build argument 'catkin_cmake_args' from command line to 'None'
[0.248s] Level 5:colcon.colcon_core.verb:set package 'rm_robot_description' build argument 'catkin_skip_building_tests' from command line to 'False'
[0.248s] DEBUG:colcon.colcon_core.verb:Building package 'rm_robot_description' with the following arguments: {'ament_cmake_args': None, 'build_base': '/home/lin/auto-aim/build/rm_robot_description', 'catkin_cmake_args': None, 'catkin_skip_building_tests': False, 'cmake_args': None, 'cmake_clean_cache': False, 'cmake_clean_first': False, 'cmake_force_configure': False, 'cmake_target': None, 'cmake_target_skip_unavailable': False, 'install_base': '/home/lin/auto-aim/install/rm_robot_description', 'merge_install': False, 'path': '/home/lin/auto-aim/src/rm_robot_description', 'symlink_install': True, 'test_result_base': None}
[0.248s] Level 5:colcon.colcon_core.verb:set package 'rm_auto_aim' build argument 'cmake_args' from command line to 'None'
[0.248s] Level 5:colcon.colcon_core.verb:set package 'rm_auto_aim' build argument 'cmake_target' from command line to 'None'
[0.248s] Level 5:colcon.colcon_core.verb:set package 'rm_auto_aim' build argument 'cmake_target_skip_unavailable' from command line to 'False'
[0.248s] Level 5:colcon.colcon_core.verb:set package 'rm_auto_aim' build argument 'cmake_clean_cache' from command line to 'False'
[0.248s] Level 5:colcon.colcon_core.verb:set package 'rm_auto_aim' build argument 'cmake_clean_first' from command line to 'False'
[0.248s] Level 5:colcon.colcon_core.verb:set package 'rm_auto_aim' build argument 'cmake_force_configure' from command line to 'False'
[0.248s] Level 5:colcon.colcon_core.verb:set package 'rm_auto_aim' build argument 'ament_cmake_args' from command line to 'None'
[0.248s] Level 5:colcon.colcon_core.verb:set package 'rm_auto_aim' build argument 'catkin_cmake_args' from command line to 'None'
[0.248s] Level 5:colcon.colcon_core.verb:set package 'rm_auto_aim' build argument 'catkin_skip_building_tests' from command line to 'False'
[0.248s] DEBUG:colcon.colcon_core.verb:Building package 'rm_auto_aim' with the following arguments: {'ament_cmake_args': None, 'build_base': '/home/lin/auto-aim/build/rm_auto_aim', 'catkin_cmake_args': None, 'catkin_skip_building_tests': False, 'cmake_args': None, 'cmake_clean_cache': False, 'cmake_clean_first': False, 'cmake_force_configure': False, 'cmake_target': None, 'cmake_target_skip_unavailable': False, 'install_base': '/home/lin/auto-aim/install/rm_auto_aim', 'merge_install': False, 'path': '/home/lin/auto-aim/src/rm_auto_aim', 'symlink_install': True, 'test_result_base': None}
[0.248s] Level 5:colcon.colcon_core.verb:set package 'rm_hardware_driver' build argument 'cmake_args' from command line to 'None'
[0.248s] Level 5:colcon.colcon_core.verb:set package 'rm_hardware_driver' build argument 'cmake_target' from command line to 'None'
[0.248s] Level 5:colcon.colcon_core.verb:set package 'rm_hardware_driver' build argument 'cmake_target_skip_unavailable' from command line to 'False'
[0.248s] Level 5:colcon.colcon_core.verb:set package 'rm_hardware_driver' build argument 'cmake_clean_cache' from command line to 'False'
[0.248s] Level 5:colcon.colcon_core.verb:set package 'rm_hardware_driver' build argument 'cmake_clean_first' from command line to 'False'
[0.248s] Level 5:colcon.colcon_core.verb:set package 'rm_hardware_driver' build argument 'cmake_force_configure' from command line to 'False'
[0.248s] Level 5:colcon.colcon_core.verb:set package 'rm_hardware_driver' build argument 'ament_cmake_args' from command line to 'None'
[0.248s] Level 5:colcon.colcon_core.verb:set package 'rm_hardware_driver' build argument 'catkin_cmake_args' from command line to 'None'
[0.248s] Level 5:colcon.colcon_core.verb:set package 'rm_hardware_driver' build argument 'catkin_skip_building_tests' from command line to 'False'
[0.248s] DEBUG:colcon.colcon_core.verb:Building package 'rm_hardware_driver' with the following arguments: {'ament_cmake_args': None, 'build_base': '/home/lin/auto-aim/build/rm_hardware_driver', 'catkin_cmake_args': None, 'catkin_skip_building_tests': False, 'cmake_args': None, 'cmake_clean_cache': False, 'cmake_clean_first': False, 'cmake_force_configure': False, 'cmake_target': None, 'cmake_target_skip_unavailable': False, 'install_base': '/home/lin/auto-aim/install/rm_hardware_driver', 'merge_install': False, 'path': '/home/lin/auto-aim/src/rm_hardware_driver', 'symlink_install': True, 'test_result_base': None}
[0.248s] Level 5:colcon.colcon_core.verb:set package 'rm_bringup' build argument 'cmake_args' from command line to 'None'
[0.248s] Level 5:colcon.colcon_core.verb:set package 'rm_bringup' build argument 'cmake_target' from command line to 'None'
[0.248s] Level 5:colcon.colcon_core.verb:set package 'rm_bringup' build argument 'cmake_target_skip_unavailable' from command line to 'False'
[0.248s] Level 5:colcon.colcon_core.verb:set package 'rm_bringup' build argument 'cmake_clean_cache' from command line to 'False'
[0.248s] Level 5:colcon.colcon_core.verb:set package 'rm_bringup' build argument 'cmake_clean_first' from command line to 'False'
[0.248s] Level 5:colcon.colcon_core.verb:set package 'rm_bringup' build argument 'cmake_force_configure' from command line to 'False'
[0.248s] Level 5:colcon.colcon_core.verb:set package 'rm_bringup' build argument 'ament_cmake_args' from command line to 'None'
[0.248s] Level 5:colcon.colcon_core.verb:set package 'rm_bringup' build argument 'catkin_cmake_args' from command line to 'None'
[0.248s] Level 5:colcon.colcon_core.verb:set package 'rm_bringup' build argument 'catkin_skip_building_tests' from command line to 'False'
[0.248s] DEBUG:colcon.colcon_core.verb:Building package 'rm_bringup' with the following arguments: {'ament_cmake_args': None, 'build_base': '/home/lin/auto-aim/build/rm_bringup', 'catkin_cmake_args': None, 'catkin_skip_building_tests': False, 'cmake_args': None, 'cmake_clean_cache': False, 'cmake_clean_first': False, 'cmake_force_configure': False, 'cmake_target': None, 'cmake_target_skip_unavailable': False, 'install_base': '/home/lin/auto-aim/install/rm_bringup', 'merge_install': False, 'path': '/home/lin/auto-aim/src/rm_bringup', 'symlink_install': True, 'test_result_base': None}
[0.248s] INFO:colcon.colcon_core.executor:Executing jobs using 'parallel' executor
[0.250s] DEBUG:colcon.colcon_parallel_executor.executor.parallel:run_until_complete
[0.250s] INFO:colcon.colcon_ros.task.ament_cmake.build:Building ROS package in '/home/lin/auto-aim/src/rm_interfaces' with build type 'ament_cmake'
[0.250s] INFO:colcon.colcon_cmake.task.cmake.build:Building CMake package in '/home/lin/auto-aim/src/rm_interfaces'
[0.251s] INFO:colcon.colcon_core.plugin_system:Skipping extension 'colcon_core.shell.bat': Not used on non-Windows systems
[0.251s] INFO:colcon.colcon_core.shell:Skip shell extension 'powershell' for command environment: Not usable outside of PowerShell
[0.251s] DEBUG:colcon.colcon_core.shell:Skip shell extension 'dsv' for command environment
[0.254s] INFO:colcon.colcon_ros.task.ament_cmake.build:Building ROS package in '/home/lin/auto-aim/src/rm_robot_description' with build type 'ament_cmake'
[0.254s] INFO:colcon.colcon_cmake.task.cmake.build:Building CMake package in '/home/lin/auto-aim/src/rm_robot_description'
[0.254s] INFO:colcon.colcon_core.shell:Skip shell extension 'powershell' for command environment: Not usable outside of PowerShell
[0.254s] DEBUG:colcon.colcon_core.shell:Skip shell extension 'dsv' for command environment
[0.262s] DEBUG:colcon.colcon_core.event_handler.log_command:Invoking command in '/home/lin/auto-aim/build/rm_interfaces': CMAKE_PREFIX_PATH=/opt/ros/humble /usr/bin/cmake --build /home/lin/auto-aim/build/rm_interfaces -- -j8 -l8
[0.266s] DEBUG:colcon.colcon_core.event_handler.log_command:Invoking command in '/home/lin/auto-aim/build/rm_robot_description': CMAKE_PREFIX_PATH=/opt/ros/humble /usr/bin/cmake --build /home/lin/auto-aim/build/rm_robot_description -- -j8 -l8
[0.298s] DEBUG:colcon.colcon_core.event_handler.log_command:Invoked command in '/home/lin/auto-aim/build/rm_robot_description' returned '0': CMAKE_PREFIX_PATH=/opt/ros/humble /usr/bin/cmake --build /home/lin/auto-aim/build/rm_robot_description -- -j8 -l8
[0.305s] DEBUG:colcon.colcon_core.event_handler.log_command:Invoking command in '/home/lin/auto-aim/build/rm_robot_description': CMAKE_PREFIX_PATH=/opt/ros/humble /usr/bin/cmake --install /home/lin/auto-aim/build/rm_robot_description
[0.329s] Level 1:colcon.colcon_core.environment:create_environment_scripts_only(rm_robot_description)
[0.330s] DEBUG:colcon.colcon_core.event_handler.log_command:Invoked command in '/home/lin/auto-aim/build/rm_robot_description' returned '0': CMAKE_PREFIX_PATH=/opt/ros/humble /usr/bin/cmake --install /home/lin/auto-aim/build/rm_robot_description
[0.333s] Level 1:colcon.colcon_core.environment:checking '/home/lin/auto-aim/install/rm_robot_description' for CMake module files
[0.334s] Level 1:colcon.colcon_core.environment:checking '/home/lin/auto-aim/install/rm_robot_description' for CMake config files
[0.334s] Level 1:colcon.colcon_core.shell:create_environment_hook('rm_robot_description', 'cmake_prefix_path')
[0.335s] INFO:colcon.colcon_core.shell:Creating environment hook '/home/lin/auto-aim/install/rm_robot_description/share/rm_robot_description/hook/cmake_prefix_path.ps1'
[0.336s] INFO:colcon.colcon_core.shell:Creating environment descriptor '/home/lin/auto-aim/install/rm_robot_description/share/rm_robot_description/hook/cmake_prefix_path.dsv'
[0.336s] INFO:colcon.colcon_core.shell:Creating environment hook '/home/lin/auto-aim/install/rm_robot_description/share/rm_robot_description/hook/cmake_prefix_path.sh'
[0.337s] Level 1:colcon.colcon_core.environment:checking '/home/lin/auto-aim/install/rm_robot_description/bin'
[0.337s] Level 1:colcon.colcon_core.environment:checking '/home/lin/auto-aim/install/rm_robot_description/lib/pkgconfig/rm_robot_description.pc'
[0.337s] Level 1:colcon.colcon_core.environment:checking '/home/lin/auto-aim/install/rm_robot_description/lib/python3.10/site-packages'
[0.338s] Level 1:colcon.colcon_core.environment:checking '/home/lin/auto-aim/install/rm_robot_description/bin'
[0.338s] INFO:colcon.colcon_core.shell:Creating package script '/home/lin/auto-aim/install/rm_robot_description/share/rm_robot_description/package.ps1'
[0.338s] INFO:colcon.colcon_core.shell:Creating package descriptor '/home/lin/auto-aim/install/rm_robot_description/share/rm_robot_description/package.dsv'
[0.339s] INFO:colcon.colcon_core.shell:Creating package script '/home/lin/auto-aim/install/rm_robot_description/share/rm_robot_description/package.sh'
[0.341s] INFO:colcon.colcon_core.shell:Creating package script '/home/lin/auto-aim/install/rm_robot_description/share/rm_robot_description/package.bash'
[0.341s] INFO:colcon.colcon_core.shell:Creating package script '/home/lin/auto-aim/install/rm_robot_description/share/rm_robot_description/package.zsh'
[0.342s] Level 1:colcon.colcon_core.environment:create_file_with_runtime_dependencies(/home/lin/auto-aim/install/rm_robot_description/share/colcon-core/packages/rm_robot_description)
[0.342s] Level 1:colcon.colcon_core.environment:create_environment_scripts_only(rm_robot_description)
[0.342s] Level 1:colcon.colcon_core.environment:checking '/home/lin/auto-aim/install/rm_robot_description' for CMake module files
[0.342s] Level 1:colcon.colcon_core.environment:checking '/home/lin/auto-aim/install/rm_robot_description' for CMake config files
[0.342s] Level 1:colcon.colcon_core.shell:create_environment_hook('rm_robot_description', 'cmake_prefix_path')
[0.342s] INFO:colcon.colcon_core.shell:Creating environment hook '/home/lin/auto-aim/install/rm_robot_description/share/rm_robot_description/hook/cmake_prefix_path.ps1'
[0.343s] INFO:colcon.colcon_core.shell:Creating environment descriptor '/home/lin/auto-aim/install/rm_robot_description/share/rm_robot_description/hook/cmake_prefix_path.dsv'
[0.343s] INFO:colcon.colcon_core.shell:Creating environment hook '/home/lin/auto-aim/install/rm_robot_description/share/rm_robot_description/hook/cmake_prefix_path.sh'
[0.343s] Level 1:colcon.colcon_core.environment:checking '/home/lin/auto-aim/install/rm_robot_description/bin'
[0.343s] Level 1:colcon.colcon_core.environment:checking '/home/lin/auto-aim/install/rm_robot_description/lib/pkgconfig/rm_robot_description.pc'
[0.343s] Level 1:colcon.colcon_core.environment:checking '/home/lin/auto-aim/install/rm_robot_description/lib/python3.10/site-packages'
[0.344s] Level 1:colcon.colcon_core.environment:checking '/home/lin/auto-aim/install/rm_robot_description/bin'
[0.344s] INFO:colcon.colcon_core.shell:Creating package script '/home/lin/auto-aim/install/rm_robot_description/share/rm_robot_description/package.ps1'
[0.344s] INFO:colcon.colcon_core.shell:Creating package descriptor '/home/lin/auto-aim/install/rm_robot_description/share/rm_robot_description/package.dsv'
[0.345s] INFO:colcon.colcon_core.shell:Creating package script '/home/lin/auto-aim/install/rm_robot_description/share/rm_robot_description/package.sh'
[0.345s] INFO:colcon.colcon_core.shell:Creating package script '/home/lin/auto-aim/install/rm_robot_description/share/rm_robot_description/package.bash'
[0.346s] INFO:colcon.colcon_core.shell:Creating package script '/home/lin/auto-aim/install/rm_robot_description/share/rm_robot_description/package.zsh'
[0.346s] Level 1:colcon.colcon_core.environment:create_file_with_runtime_dependencies(/home/lin/auto-aim/install/rm_robot_description/share/colcon-core/packages/rm_robot_description)
[0.522s] DEBUG:colcon.colcon_core.event_handler.log_command:Invoked command in '/home/lin/auto-aim/build/rm_interfaces' returned '0': CMAKE_PREFIX_PATH=/opt/ros/humble /usr/bin/cmake --build /home/lin/auto-aim/build/rm_interfaces -- -j8 -l8
[0.523s] DEBUG:colcon.colcon_core.event_handler.log_command:Invoking command in '/home/lin/auto-aim/build/rm_interfaces': CMAKE_PREFIX_PATH=/opt/ros/humble /usr/bin/cmake --install /home/lin/auto-aim/build/rm_interfaces
[0.587s] Level 1:colcon.colcon_core.environment:create_environment_scripts_only(rm_interfaces)
[0.588s] Level 1:colcon.colcon_core.environment:checking '/home/lin/auto-aim/install/rm_interfaces' for CMake module files
[0.588s] DEBUG:colcon.colcon_core.event_handler.log_command:Invoked command in '/home/lin/auto-aim/build/rm_interfaces' returned '0': CMAKE_PREFIX_PATH=/opt/ros/humble /usr/bin/cmake --install /home/lin/auto-aim/build/rm_interfaces
[0.588s] Level 1:colcon.colcon_core.environment:checking '/home/lin/auto-aim/install/rm_interfaces' for CMake config files
[0.589s] Level 1:colcon.colcon_core.shell:create_environment_hook('rm_interfaces', 'cmake_prefix_path')
[0.589s] INFO:colcon.colcon_core.shell:Creating environment hook '/home/lin/auto-aim/install/rm_interfaces/share/rm_interfaces/hook/cmake_prefix_path.ps1'
[0.590s] INFO:colcon.colcon_core.shell:Creating environment descriptor '/home/lin/auto-aim/install/rm_interfaces/share/rm_interfaces/hook/cmake_prefix_path.dsv'
[0.590s] INFO:colcon.colcon_core.shell:Creating environment hook '/home/lin/auto-aim/install/rm_interfaces/share/rm_interfaces/hook/cmake_prefix_path.sh'
[0.590s] Level 1:colcon.colcon_core.environment:checking '/home/lin/auto-aim/install/rm_interfaces/lib'
[0.590s] Level 1:colcon.colcon_core.shell:create_environment_hook('rm_interfaces', 'ld_library_path_lib')
[0.590s] INFO:colcon.colcon_core.shell:Creating environment hook '/home/lin/auto-aim/install/rm_interfaces/share/rm_interfaces/hook/ld_library_path_lib.ps1'
[0.591s] INFO:colcon.colcon_core.shell:Creating environment descriptor '/home/lin/auto-aim/install/rm_interfaces/share/rm_interfaces/hook/ld_library_path_lib.dsv'
[0.591s] INFO:colcon.colcon_core.shell:Creating environment hook '/home/lin/auto-aim/install/rm_interfaces/share/rm_interfaces/hook/ld_library_path_lib.sh'
[0.591s] Level 1:colcon.colcon_core.environment:checking '/home/lin/auto-aim/install/rm_interfaces/bin'
[0.592s] Level 1:colcon.colcon_core.environment:checking '/home/lin/auto-aim/install/rm_interfaces/lib/pkgconfig/rm_interfaces.pc'
[0.592s] Level 1:colcon.colcon_core.environment:checking '/home/lin/auto-aim/install/rm_interfaces/lib/python3.10/site-packages'
[0.592s] Level 1:colcon.colcon_core.environment:checking '/home/lin/auto-aim/install/rm_interfaces/bin'
[0.593s] INFO:colcon.colcon_core.shell:Creating package script '/home/lin/auto-aim/install/rm_interfaces/share/rm_interfaces/package.ps1'
[0.593s] INFO:colcon.colcon_core.shell:Creating package descriptor '/home/lin/auto-aim/install/rm_interfaces/share/rm_interfaces/package.dsv'
[0.594s] INFO:colcon.colcon_core.shell:Creating package script '/home/lin/auto-aim/install/rm_interfaces/share/rm_interfaces/package.sh'
[0.594s] INFO:colcon.colcon_core.shell:Creating package script '/home/lin/auto-aim/install/rm_interfaces/share/rm_interfaces/package.bash'
[0.595s] INFO:colcon.colcon_core.shell:Creating package script '/home/lin/auto-aim/install/rm_interfaces/share/rm_interfaces/package.zsh'
[0.596s] Level 1:colcon.colcon_core.environment:create_file_with_runtime_dependencies(/home/lin/auto-aim/install/rm_interfaces/share/colcon-core/packages/rm_interfaces)
[0.596s] Level 1:colcon.colcon_core.environment:create_environment_scripts_only(rm_interfaces)
[0.596s] Level 1:colcon.colcon_core.environment:checking '/home/lin/auto-aim/install/rm_interfaces' for CMake module files
[0.597s] Level 1:colcon.colcon_core.environment:checking '/home/lin/auto-aim/install/rm_interfaces' for CMake config files
[0.598s] Level 1:colcon.colcon_core.shell:create_environment_hook('rm_interfaces', 'cmake_prefix_path')
[0.598s] INFO:colcon.colcon_core.shell:Creating environment hook '/home/lin/auto-aim/install/rm_interfaces/share/rm_interfaces/hook/cmake_prefix_path.ps1'
[0.599s] INFO:colcon.colcon_core.shell:Creating environment descriptor '/home/lin/auto-aim/install/rm_interfaces/share/rm_interfaces/hook/cmake_prefix_path.dsv'
[0.599s] INFO:colcon.colcon_core.shell:Creating environment hook '/home/lin/auto-aim/install/rm_interfaces/share/rm_interfaces/hook/cmake_prefix_path.sh'
[0.600s] Level 1:colcon.colcon_core.environment:checking '/home/lin/auto-aim/install/rm_interfaces/lib'
[0.600s] Level 1:colcon.colcon_core.shell:create_environment_hook('rm_interfaces', 'ld_library_path_lib')
[0.601s] INFO:colcon.colcon_core.shell:Creating environment hook '/home/lin/auto-aim/install/rm_interfaces/share/rm_interfaces/hook/ld_library_path_lib.ps1'
[0.601s] INFO:colcon.colcon_core.shell:Creating environment descriptor '/home/lin/auto-aim/install/rm_interfaces/share/rm_interfaces/hook/ld_library_path_lib.dsv'
[0.602s] INFO:colcon.colcon_core.shell:Creating environment hook '/home/lin/auto-aim/install/rm_interfaces/share/rm_interfaces/hook/ld_library_path_lib.sh'
[0.602s] Level 1:colcon.colcon_core.environment:checking '/home/lin/auto-aim/install/rm_interfaces/bin'
[0.603s] Level 1:colcon.colcon_core.environment:checking '/home/lin/auto-aim/install/rm_interfaces/lib/pkgconfig/rm_interfaces.pc'
[0.603s] Level 1:colcon.colcon_core.environment:checking '/home/lin/auto-aim/install/rm_interfaces/lib/python3.10/site-packages'
[0.603s] Level 1:colcon.colcon_core.environment:checking '/home/lin/auto-aim/install/rm_interfaces/bin'
[0.604s] INFO:colcon.colcon_core.shell:Creating package script '/home/lin/auto-aim/install/rm_interfaces/share/rm_interfaces/package.ps1'
[0.604s] INFO:colcon.colcon_core.shell:Creating package descriptor '/home/lin/auto-aim/install/rm_interfaces/share/rm_interfaces/package.dsv'
[0.605s] INFO:colcon.colcon_core.shell:Creating package script '/home/lin/auto-aim/install/rm_interfaces/share/rm_interfaces/package.sh'
[0.606s] INFO:colcon.colcon_core.shell:Creating package script '/home/lin/auto-aim/install/rm_interfaces/share/rm_interfaces/package.bash'
[0.607s] INFO:colcon.colcon_core.shell:Creating package script '/home/lin/auto-aim/install/rm_interfaces/share/rm_interfaces/package.zsh'
[0.608s] Level 1:colcon.colcon_core.environment:create_file_with_runtime_dependencies(/home/lin/auto-aim/install/rm_interfaces/share/colcon-core/packages/rm_interfaces)
[0.608s] INFO:colcon.colcon_ros.task.ament_cmake.build:Building ROS package in '/home/lin/auto-aim/src/rm_auto_aim' with build type 'ament_cmake'
[0.609s] INFO:colcon.colcon_cmake.task.cmake.build:Building CMake package in '/home/lin/auto-aim/src/rm_auto_aim'
[0.609s] INFO:colcon.colcon_core.shell:Skip shell extension 'powershell' for command environment: Not usable outside of PowerShell
[0.609s] DEBUG:colcon.colcon_core.shell:Skip shell extension 'dsv' for command environment
[0.612s] INFO:colcon.colcon_ros.task.ament_cmake.build:Building ROS package in '/home/lin/auto-aim/src/rm_hardware_driver' with build type 'ament_cmake'
[0.612s] INFO:colcon.colcon_cmake.task.cmake.build:Building CMake package in '/home/lin/auto-aim/src/rm_hardware_driver'
[0.613s] INFO:colcon.colcon_core.shell:Skip shell extension 'powershell' for command environment: Not usable outside of PowerShell
[0.613s] DEBUG:colcon.colcon_core.shell:Skip shell extension 'dsv' for command environment
[0.623s] DEBUG:colcon.colcon_core.event_handler.log_command:Invoking command in '/home/lin/auto-aim/build/rm_auto_aim': AMENT_PREFIX_PATH=/home/lin/auto-aim/install/rm_interfaces:${AMENT_PREFIX_PATH} CMAKE_PREFIX_PATH=/home/lin/auto-aim/install/rm_interfaces:/opt/ros/humble LD_LIBRARY_PATH=/home/lin/auto-aim/install/rm_interfaces/lib:/opt/MVS/lib/64:/opt/MVS/lib/32:/opt/ros/humble/opt/rviz_ogre_vendor/lib:/opt/ros/humble/lib/x86_64-linux-gnu:/opt/ros/humble/lib:/opt/MVS/lib/64:/opt/MVS/lib/32:/opt/MVS/lib/64:/opt/MVS/lib/32 PYTHONPATH=/home/lin/auto-aim/install/rm_interfaces/local/lib/python3.10/dist-packages:${PYTHONPATH} /usr/bin/cmake --build /home/lin/auto-aim/build/rm_auto_aim -- -j8 -l8
[0.627s] DEBUG:colcon.colcon_core.event_handler.log_command:Invoking command in '/home/lin/auto-aim/build/rm_hardware_driver': AMENT_PREFIX_PATH=/home/lin/auto-aim/install/rm_interfaces:${AMENT_PREFIX_PATH} CMAKE_PREFIX_PATH=/home/lin/auto-aim/install/rm_interfaces:/opt/ros/humble LD_LIBRARY_PATH=/home/lin/auto-aim/install/rm_interfaces/lib:/opt/MVS/lib/64:/opt/MVS/lib/32:/opt/ros/humble/opt/rviz_ogre_vendor/lib:/opt/ros/humble/lib/x86_64-linux-gnu:/opt/ros/humble/lib:/opt/MVS/lib/64:/opt/MVS/lib/32:/opt/MVS/lib/64:/opt/MVS/lib/32 PYTHONPATH=/home/lin/auto-aim/install/rm_interfaces/local/lib/python3.10/dist-packages:${PYTHONPATH} /usr/bin/cmake --build /home/lin/auto-aim/build/rm_hardware_driver -- -j8 -l8
[0.693s] DEBUG:colcon.colcon_core.event_handler.log_command:Invoked command in '/home/lin/auto-aim/build/rm_hardware_driver' returned '0': AMENT_PREFIX_PATH=/home/lin/auto-aim/install/rm_interfaces:${AMENT_PREFIX_PATH} CMAKE_PREFIX_PATH=/home/lin/auto-aim/install/rm_interfaces:/opt/ros/humble LD_LIBRARY_PATH=/home/lin/auto-aim/install/rm_interfaces/lib:/opt/MVS/lib/64:/opt/MVS/lib/32:/opt/ros/humble/opt/rviz_ogre_vendor/lib:/opt/ros/humble/lib/x86_64-linux-gnu:/opt/ros/humble/lib:/opt/MVS/lib/64:/opt/MVS/lib/32:/opt/MVS/lib/64:/opt/MVS/lib/32 PYTHONPATH=/home/lin/auto-aim/install/rm_interfaces/local/lib/python3.10/dist-packages:${PYTHONPATH} /usr/bin/cmake --build /home/lin/auto-aim/build/rm_hardware_driver -- -j8 -l8
[0.694s] DEBUG:colcon.colcon_core.event_handler.log_command:Invoking command in '/home/lin/auto-aim/build/rm_hardware_driver': AMENT_PREFIX_PATH=/home/lin/auto-aim/install/rm_interfaces:${AMENT_PREFIX_PATH} CMAKE_PREFIX_PATH=/home/lin/auto-aim/install/rm_interfaces:/opt/ros/humble LD_LIBRARY_PATH=/home/lin/auto-aim/install/rm_interfaces/lib:/opt/MVS/lib/64:/opt/MVS/lib/32:/opt/ros/humble/opt/rviz_ogre_vendor/lib:/opt/ros/humble/lib/x86_64-linux-gnu:/opt/ros/humble/lib:/opt/MVS/lib/64:/opt/MVS/lib/32:/opt/MVS/lib/64:/opt/MVS/lib/32 PYTHONPATH=/home/lin/auto-aim/install/rm_interfaces/local/lib/python3.10/dist-packages:${PYTHONPATH} /usr/bin/cmake --install /home/lin/auto-aim/build/rm_hardware_driver
[0.892s] Level 1:colcon.colcon_core.environment:create_environment_scripts_only(rm_hardware_driver)
[0.892s] DEBUG:colcon.colcon_core.event_handler.log_command:Invoked command in '/home/lin/auto-aim/build/rm_hardware_driver' returned '0': AMENT_PREFIX_PATH=/home/lin/auto-aim/install/rm_interfaces:${AMENT_PREFIX_PATH} CMAKE_PREFIX_PATH=/home/lin/auto-aim/install/rm_interfaces:/opt/ros/humble LD_LIBRARY_PATH=/home/lin/auto-aim/install/rm_interfaces/lib:/opt/MVS/lib/64:/opt/MVS/lib/32:/opt/ros/humble/opt/rviz_ogre_vendor/lib:/opt/ros/humble/lib/x86_64-linux-gnu:/opt/ros/humble/lib:/opt/MVS/lib/64:/opt/MVS/lib/32:/opt/MVS/lib/64:/opt/MVS/lib/32 PYTHONPATH=/home/lin/auto-aim/install/rm_interfaces/local/lib/python3.10/dist-packages:${PYTHONPATH} /usr/bin/cmake --install /home/lin/auto-aim/build/rm_hardware_driver
[0.893s] Level 1:colcon.colcon_core.environment:checking '/home/lin/auto-aim/install/rm_hardware_driver' for CMake module files
[0.893s] Level 1:colcon.colcon_core.environment:checking '/home/lin/auto-aim/install/rm_hardware_driver' for CMake config files
[0.894s] Level 1:colcon.colcon_core.shell:create_environment_hook('rm_hardware_driver', 'cmake_prefix_path')
[0.894s] INFO:colcon.colcon_core.shell:Creating environment hook '/home/lin/auto-aim/install/rm_hardware_driver/share/rm_hardware_driver/hook/cmake_prefix_path.ps1'
[0.894s] INFO:colcon.colcon_core.shell:Creating environment descriptor '/home/lin/auto-aim/install/rm_hardware_driver/share/rm_hardware_driver/hook/cmake_prefix_path.dsv'
[0.895s] INFO:colcon.colcon_core.shell:Creating environment hook '/home/lin/auto-aim/install/rm_hardware_driver/share/rm_hardware_driver/hook/cmake_prefix_path.sh'
[0.895s] Level 1:colcon.colcon_core.environment:checking '/home/lin/auto-aim/install/rm_hardware_driver/lib'
[0.895s] Level 1:colcon.colcon_core.shell:create_environment_hook('rm_hardware_driver', 'ld_library_path_lib')
[0.895s] INFO:colcon.colcon_core.shell:Creating environment hook '/home/lin/auto-aim/install/rm_hardware_driver/share/rm_hardware_driver/hook/ld_library_path_lib.ps1'
[0.896s] INFO:colcon.colcon_core.shell:Creating environment descriptor '/home/lin/auto-aim/install/rm_hardware_driver/share/rm_hardware_driver/hook/ld_library_path_lib.dsv'
[0.896s] INFO:colcon.colcon_core.shell:Creating environment hook '/home/lin/auto-aim/install/rm_hardware_driver/share/rm_hardware_driver/hook/ld_library_path_lib.sh'
[0.896s] Level 1:colcon.colcon_core.environment:checking '/home/lin/auto-aim/install/rm_hardware_driver/bin'
[0.896s] Level 1:colcon.colcon_core.environment:checking '/home/lin/auto-aim/install/rm_hardware_driver/lib/pkgconfig/rm_hardware_driver.pc'
[0.897s] Level 1:colcon.colcon_core.environment:checking '/home/lin/auto-aim/install/rm_hardware_driver/lib/python3.10/site-packages'
[0.897s] Level 1:colcon.colcon_core.environment:checking '/home/lin/auto-aim/install/rm_hardware_driver/bin'
[0.897s] INFO:colcon.colcon_core.shell:Creating package script '/home/lin/auto-aim/install/rm_hardware_driver/share/rm_hardware_driver/package.ps1'
[0.897s] INFO:colcon.colcon_core.shell:Creating package descriptor '/home/lin/auto-aim/install/rm_hardware_driver/share/rm_hardware_driver/package.dsv'
[0.898s] INFO:colcon.colcon_core.shell:Creating package script '/home/lin/auto-aim/install/rm_hardware_driver/share/rm_hardware_driver/package.sh'
[0.898s] INFO:colcon.colcon_core.shell:Creating package script '/home/lin/auto-aim/install/rm_hardware_driver/share/rm_hardware_driver/package.bash'
[0.898s] INFO:colcon.colcon_core.shell:Creating package script '/home/lin/auto-aim/install/rm_hardware_driver/share/rm_hardware_driver/package.zsh'
[0.898s] Level 1:colcon.colcon_core.environment:create_file_with_runtime_dependencies(/home/lin/auto-aim/install/rm_hardware_driver/share/colcon-core/packages/rm_hardware_driver)
[0.899s] Level 1:colcon.colcon_core.environment:create_environment_scripts_only(rm_hardware_driver)
[0.899s] Level 1:colcon.colcon_core.environment:checking '/home/lin/auto-aim/install/rm_hardware_driver' for CMake module files
[0.899s] Level 1:colcon.colcon_core.environment:checking '/home/lin/auto-aim/install/rm_hardware_driver' for CMake config files
[0.900s] Level 1:colcon.colcon_core.shell:create_environment_hook('rm_hardware_driver', 'cmake_prefix_path')
[0.900s] INFO:colcon.colcon_core.shell:Creating environment hook '/home/lin/auto-aim/install/rm_hardware_driver/share/rm_hardware_driver/hook/cmake_prefix_path.ps1'
[0.900s] INFO:colcon.colcon_core.shell:Creating environment descriptor '/home/lin/auto-aim/install/rm_hardware_driver/share/rm_hardware_driver/hook/cmake_prefix_path.dsv'
[0.901s] INFO:colcon.colcon_core.shell:Creating environment hook '/home/lin/auto-aim/install/rm_hardware_driver/share/rm_hardware_driver/hook/cmake_prefix_path.sh'
[0.901s] Level 1:colcon.colcon_core.environment:checking '/home/lin/auto-aim/install/rm_hardware_driver/lib'
[0.901s] Level 1:colcon.colcon_core.shell:create_environment_hook('rm_hardware_driver', 'ld_library_path_lib')
[0.901s] INFO:colcon.colcon_core.shell:Creating environment hook '/home/lin/auto-aim/install/rm_hardware_driver/share/rm_hardware_driver/hook/ld_library_path_lib.ps1'
[0.901s] INFO:colcon.colcon_core.shell:Creating environment descriptor '/home/lin/auto-aim/install/rm_hardware_driver/share/rm_hardware_driver/hook/ld_library_path_lib.dsv'
[0.902s] INFO:colcon.colcon_core.shell:Creating environment hook '/home/lin/auto-aim/install/rm_hardware_driver/share/rm_hardware_driver/hook/ld_library_path_lib.sh'
[0.902s] Level 1:colcon.colcon_core.environment:checking '/home/lin/auto-aim/install/rm_hardware_driver/bin'
[0.902s] Level 1:colcon.colcon_core.environment:checking '/home/lin/auto-aim/install/rm_hardware_driver/lib/pkgconfig/rm_hardware_driver.pc'
[0.902s] Level 1:colcon.colcon_core.environment:checking '/home/lin/auto-aim/install/rm_hardware_driver/lib/python3.10/site-packages'
[0.902s] Level 1:colcon.colcon_core.environment:checking '/home/lin/auto-aim/install/rm_hardware_driver/bin'
[0.902s] INFO:colcon.colcon_core.shell:Creating package script '/home/lin/auto-aim/install/rm_hardware_driver/share/rm_hardware_driver/package.ps1'
[0.903s] INFO:colcon.colcon_core.shell:Creating package descriptor '/home/lin/auto-aim/install/rm_hardware_driver/share/rm_hardware_driver/package.dsv'
[0.903s] INFO:colcon.colcon_core.shell:Creating package script '/home/lin/auto-aim/install/rm_hardware_driver/share/rm_hardware_driver/package.sh'
[0.904s] INFO:colcon.colcon_core.shell:Creating package script '/home/lin/auto-aim/install/rm_hardware_driver/share/rm_hardware_driver/package.bash'
[0.904s] INFO:colcon.colcon_core.shell:Creating package script '/home/lin/auto-aim/install/rm_hardware_driver/share/rm_hardware_driver/package.zsh'
[0.904s] Level 1:colcon.colcon_core.environment:create_file_with_runtime_dependencies(/home/lin/auto-aim/install/rm_hardware_driver/share/colcon-core/packages/rm_hardware_driver)
[13.296s] DEBUG:colcon.colcon_core.event_handler.log_command:Invoked command in '/home/lin/auto-aim/build/rm_auto_aim' returned '2': AMENT_PREFIX_PATH=/home/lin/auto-aim/install/rm_interfaces:${AMENT_PREFIX_PATH} CMAKE_PREFIX_PATH=/home/lin/auto-aim/install/rm_interfaces:/opt/ros/humble LD_LIBRARY_PATH=/home/lin/auto-aim/install/rm_interfaces/lib:/opt/MVS/lib/64:/opt/MVS/lib/32:/opt/ros/humble/opt/rviz_ogre_vendor/lib:/opt/ros/humble/lib/x86_64-linux-gnu:/opt/ros/humble/lib:/opt/MVS/lib/64:/opt/MVS/lib/32:/opt/MVS/lib/64:/opt/MVS/lib/32 PYTHONPATH=/home/lin/auto-aim/install/rm_interfaces/local/lib/python3.10/dist-packages:${PYTHONPATH} /usr/bin/cmake --build /home/lin/auto-aim/build/rm_auto_aim -- -j8 -l8
[13.297s] Level 1:colcon.colcon_core.environment:create_environment_scripts_only(rm_auto_aim)
[13.297s] Level 1:colcon.colcon_core.environment:checking '/home/lin/auto-aim/install/rm_auto_aim' for CMake module files
[13.297s] Level 1:colcon.colcon_core.environment:checking '/home/lin/auto-aim/install/rm_auto_aim' for CMake config files
[13.298s] Level 1:colcon.colcon_core.environment:checking '/home/lin/auto-aim/install/rm_auto_aim/bin'
[13.298s] Level 1:colcon.colcon_core.environment:checking '/home/lin/auto-aim/install/rm_auto_aim/lib/pkgconfig/rm_auto_aim.pc'
[13.298s] Level 1:colcon.colcon_core.environment:checking '/home/lin/auto-aim/install/rm_auto_aim/lib/python3.10/site-packages'
[13.299s] Level 1:colcon.colcon_core.environment:checking '/home/lin/auto-aim/install/rm_auto_aim/bin'
[13.299s] INFO:colcon.colcon_core.shell:Creating package script '/home/lin/auto-aim/install/rm_auto_aim/share/rm_auto_aim/package.ps1'
[13.300s] INFO:colcon.colcon_core.shell:Creating package descriptor '/home/lin/auto-aim/install/rm_auto_aim/share/rm_auto_aim/package.dsv'
[13.300s] INFO:colcon.colcon_core.shell:Creating package script '/home/lin/auto-aim/install/rm_auto_aim/share/rm_auto_aim/package.sh'
[13.301s] INFO:colcon.colcon_core.shell:Creating package script '/home/lin/auto-aim/install/rm_auto_aim/share/rm_auto_aim/package.bash'
[13.301s] INFO:colcon.colcon_core.shell:Creating package script '/home/lin/auto-aim/install/rm_auto_aim/share/rm_auto_aim/package.zsh'
[13.301s] Level 1:colcon.colcon_core.environment:create_file_with_runtime_dependencies(/home/lin/auto-aim/install/rm_auto_aim/share/colcon-core/packages/rm_auto_aim)
[13.312s] DEBUG:colcon.colcon_parallel_executor.executor.parallel:closing loop
[13.312s] DEBUG:colcon.colcon_parallel_executor.executor.parallel:loop closed
[13.312s] DEBUG:colcon.colcon_parallel_executor.executor.parallel:run_until_complete finished with '2'
[13.312s] DEBUG:colcon.colcon_core.event_reactor:joining thread
[13.319s] INFO:colcon.colcon_core.plugin_system:Skipping extension 'colcon_notification.desktop_notification.terminal_notifier': Not used on non-Darwin systems
[13.319s] INFO:colcon.colcon_core.plugin_system:Skipping extension 'colcon_notification.desktop_notification.win32': Not used on non-Windows systems
[13.319s] INFO:colcon.colcon_notification.desktop_notification:Sending desktop notification using 'notify2'
[13.336s] DEBUG:colcon.colcon_core.event_reactor:joined thread
[13.336s] INFO:colcon.colcon_core.shell:Creating prefix script '/home/lin/auto-aim/install/local_setup.ps1'
[13.338s] INFO:colcon.colcon_core.shell:Creating prefix util module '/home/lin/auto-aim/install/_local_setup_util_ps1.py'
[13.340s] INFO:colcon.colcon_core.shell:Creating prefix chain script '/home/lin/auto-aim/install/setup.ps1'
[13.342s] INFO:colcon.colcon_core.shell:Creating prefix script '/home/lin/auto-aim/install/local_setup.sh'
[13.342s] INFO:colcon.colcon_core.shell:Creating prefix util module '/home/lin/auto-aim/install/_local_setup_util_sh.py'
[13.343s] INFO:colcon.colcon_core.shell:Creating prefix chain script '/home/lin/auto-aim/install/setup.sh'
[13.345s] INFO:colcon.colcon_core.shell:Creating prefix script '/home/lin/auto-aim/install/local_setup.bash'
[13.346s] INFO:colcon.colcon_core.shell:Creating prefix chain script '/home/lin/auto-aim/install/setup.bash'
[13.348s] INFO:colcon.colcon_core.shell:Creating prefix script '/home/lin/auto-aim/install/local_setup.zsh'
[13.348s] INFO:colcon.colcon_core.shell:Creating prefix chain script '/home/lin/auto-aim/install/setup.zsh'
