[0.012s] Invoking command in '/home/lin/auto-aim/build/rm_robot_description': CMAKE_PREFIX_PATH=/opt/ros/humble /usr/bin/cmake /home/lin/auto-aim/src/rm_robot_description -DAMENT_CMAKE_SYMLINK_INSTALL=1 -DCMAKE_INSTALL_PREFIX=/home/lin/auto-aim/install/rm_robot_description
[0.206s] -- The C compiler identification is GNU 11.4.0
[0.340s] -- The CXX compiler identification is GNU 11.4.0
[0.346s] -- Detecting C compiler ABI info
[0.411s] -- Detecting C compiler ABI info - done
[0.415s] -- Check for working C compiler: /usr/bin/cc - skipped
[0.416s] -- Detecting C compile features
[0.418s] -- Detecting C compile features - done
[0.421s] -- Detecting CXX compiler ABI info
[0.515s] -- Detecting CXX compiler ABI info - done
[0.520s] -- Check for working CXX compiler: /usr/bin/c++ - skipped
[0.521s] -- Detecting CXX compile features
[0.521s] -- Detecting CXX compile features - done
[0.526s] -- Found ament_cmake: 1.3.12 (/opt/ros/humble/share/ament_cmake/cmake)
[0.640s] -- Found Python3: /usr/bin/python3 (found version "3.10.12") found components: Interpreter 
[0.710s] -- Override CMake install command with custom implementation using symlinks instead of copying resources
[0.859s] -- Configuring done
[0.863s] -- Generating done
[0.866s] -- Build files have been written to: /home/lin/auto-aim/build/rm_robot_description
[0.870s] Invoked command in '/home/lin/auto-aim/build/rm_robot_description' returned '0': CMAKE_PREFIX_PATH=/opt/ros/humble /usr/bin/cmake /home/lin/auto-aim/src/rm_robot_description -DAMENT_CMAKE_SYMLINK_INSTALL=1 -DCMAKE_INSTALL_PREFIX=/home/lin/auto-aim/install/rm_robot_description
[0.872s] Invoking command in '/home/lin/auto-aim/build/rm_robot_description': CMAKE_PREFIX_PATH=/opt/ros/humble /usr/bin/cmake --build /home/lin/auto-aim/build/rm_robot_description -- -j8 -l8
[0.910s] Invoked command in '/home/lin/auto-aim/build/rm_robot_description' returned '0': CMAKE_PREFIX_PATH=/opt/ros/humble /usr/bin/cmake --build /home/lin/auto-aim/build/rm_robot_description -- -j8 -l8
[0.920s] Invoking command in '/home/lin/auto-aim/build/rm_robot_description': CMAKE_PREFIX_PATH=/opt/ros/humble /usr/bin/cmake --install /home/lin/auto-aim/build/rm_robot_description
[0.926s] -- Install configuration: ""
[0.927s] -- Execute custom install script
[0.927s] -- Symlinking: /home/lin/auto-aim/install/rm_robot_description/share/rm_robot_description/urdf/rm_gimbal.urdf.xacro
[0.934s] -- Symlinking: /home/lin/auto-aim/install/rm_robot_description/share/ament_index/resource_index/package_run_dependencies/rm_robot_description
[0.944s] -- Symlinking: /home/lin/auto-aim/install/rm_robot_description/share/ament_index/resource_index/parent_prefix_path/rm_robot_description
[0.951s] -- Symlinking: /home/lin/auto-aim/install/rm_robot_description/share/rm_robot_description/environment/ament_prefix_path.sh
[0.957s] -- Symlinking: /home/lin/auto-aim/install/rm_robot_description/share/rm_robot_description/environment/ament_prefix_path.dsv
[0.965s] -- Symlinking: /home/lin/auto-aim/install/rm_robot_description/share/rm_robot_description/environment/path.sh
[0.974s] -- Symlinking: /home/lin/auto-aim/install/rm_robot_description/share/rm_robot_description/environment/path.dsv
[0.982s] -- Symlinking: /home/lin/auto-aim/install/rm_robot_description/share/rm_robot_description/local_setup.bash
[0.990s] -- Symlinking: /home/lin/auto-aim/install/rm_robot_description/share/rm_robot_description/local_setup.sh
[0.999s] -- Symlinking: /home/lin/auto-aim/install/rm_robot_description/share/rm_robot_description/local_setup.zsh
[1.010s] -- Symlinking: /home/lin/auto-aim/install/rm_robot_description/share/rm_robot_description/local_setup.dsv
[1.020s] -- Symlinking: /home/lin/auto-aim/install/rm_robot_description/share/rm_robot_description/package.dsv
[1.028s] -- Symlinking: /home/lin/auto-aim/install/rm_robot_description/share/ament_index/resource_index/packages/rm_robot_description
[1.036s] -- Symlinking: /home/lin/auto-aim/install/rm_robot_description/share/rm_robot_description/cmake/rm_robot_descriptionConfig.cmake
[1.042s] -- Symlinking: /home/lin/auto-aim/install/rm_robot_description/share/rm_robot_description/cmake/rm_robot_descriptionConfig-version.cmake
[1.049s] -- Symlinking: /home/lin/auto-aim/install/rm_robot_description/share/rm_robot_description/package.xml
[1.060s] Invoked command in '/home/lin/auto-aim/build/rm_robot_description' returned '0': CMAKE_PREFIX_PATH=/opt/ros/humble /usr/bin/cmake --install /home/lin/auto-aim/build/rm_robot_description
