-- Found ament_cmake: 1.3.12 (/opt/ros/humble/share/ament_cmake/cmake)
-- Override CMake install command with custom implementation using symlinks instead of copying resources
-- Found rclcpp: 16.0.16 (/opt/ros/humble/share/rclcpp/cmake)
-- Found rosidl_generator_c: 3.1.7 (/opt/ros/humble/share/rosidl_generator_c/cmake)
-- Found rosidl_adapter: 3.1.7 (/opt/ros/humble/share/rosidl_adapter/cmake)
-- Found rosidl_generator_cpp: 3.1.7 (/opt/ros/humble/share/rosidl_generator_cpp/cmake)
-- Using all available rosidl_typesupport_c: rosidl_typesupport_fastrtps_c;rosidl_typesupport_introspection_c
-- Using all available rosidl_typesupport_cpp: rosidl_typesupport_fastrtps_cpp;rosidl_typesupport_introspection_cpp
-- Found rmw_implementation_cmake: 6.1.2 (/opt/ros/humble/share/rmw_implementation_cmake/cmake)
-- Found rmw_fastrtps_cpp: 6.2.9 (/opt/ros/humble/share/rmw_fastrtps_cpp/cmake)
-- Using RMW implementation 'rmw_fastrtps_cpp' as default
-- Found rclcpp_components: 16.0.16 (/opt/ros/humble/share/rclcpp_components/cmake)
-- Found sensor_msgs: 4.9.0 (/opt/ros/humble/share/sensor_msgs/cmake)
-- Found image_transport: 3.1.12 (/opt/ros/humble/share/image_transport/cmake)
-- Found cv_bridge: 3.2.1 (/opt/ros/humble/share/cv_bridge/cmake)
-- Found rm_interfaces: 1.0.0 (/home/lin/auto-aim/install/rm_interfaces/share/rm_interfaces/cmake)
-- Found OpenCV: /usr (found suitable version "4.5.4", minimum required is "4") found components: core imgproc highgui imgcodecs 
-- Configuring done
-- Generating done
-- Build files have been written to: /home/lin/auto-aim/build/rm_auto_aim
[35m[1mConsolidate compiler generated dependencies of target armor_detector[0m
[ 33%] [32mBuilding CXX object CMakeFiles/armor_detector.dir/src/detector/pnp_solver.cpp.o[0m
[ 66%] [32mBuilding CXX object CMakeFiles/armor_detector.dir/src/detector/detector.cpp.o[0m
[100%] [32m[1mLinking CXX shared library libarmor_detector.so[0m
[100%] Built target armor_detector
-- Install configuration: ""
-- Execute custom install script
-- Symlinking: /home/lin/auto-aim/install/rm_auto_aim/include/rm_auto_aim/rm_auto_aim/detector/armor_detector_node.hpp
-- Symlinking: /home/lin/auto-aim/install/rm_auto_aim/include/rm_auto_aim/rm_auto_aim/detector/detector.hpp
-- Symlinking: /home/lin/auto-aim/install/rm_auto_aim/include/rm_auto_aim/rm_auto_aim/detector/pnp_solver.hpp
-- Symlinking: /home/lin/auto-aim/install/rm_auto_aim/include/rm_auto_aim/rm_auto_aim/detector/types.hpp
-- Symlinking: /home/lin/auto-aim/install/rm_auto_aim/include/rm_auto_aim/rm_auto_aim/solver/armor_solver_node.hpp
-- Symlinking: /home/lin/auto-aim/install/rm_auto_aim/include/rm_auto_aim/rm_auto_aim/solver/armor_tracker.hpp
-- Symlinking: /home/lin/auto-aim/install/rm_auto_aim/include/rm_auto_aim/rm_auto_aim/solver/utils/extended_kalman_filter.hpp
-- Symlinking: /home/lin/auto-aim/install/rm_auto_aim/include/rm_auto_aim/rm_auto_aim/solver/utils/trajectory_compensator.hpp
-- Symlinking: /home/lin/auto-aim/install/rm_auto_aim/share/rm_auto_aim/environment/library_path.sh
-- Symlinking: /home/lin/auto-aim/install/rm_auto_aim/share/rm_auto_aim/environment/library_path.dsv
-- Symlinking: /home/lin/auto-aim/install/rm_auto_aim/share/ament_index/resource_index/package_run_dependencies/rm_auto_aim
-- Symlinking: /home/lin/auto-aim/install/rm_auto_aim/share/ament_index/resource_index/parent_prefix_path/rm_auto_aim
-- Symlinking: /home/lin/auto-aim/install/rm_auto_aim/share/rm_auto_aim/environment/ament_prefix_path.sh
-- Symlinking: /home/lin/auto-aim/install/rm_auto_aim/share/rm_auto_aim/environment/ament_prefix_path.dsv
-- Symlinking: /home/lin/auto-aim/install/rm_auto_aim/share/rm_auto_aim/environment/path.sh
-- Symlinking: /home/lin/auto-aim/install/rm_auto_aim/share/rm_auto_aim/environment/path.dsv
-- Symlinking: /home/lin/auto-aim/install/rm_auto_aim/share/rm_auto_aim/local_setup.bash
-- Symlinking: /home/lin/auto-aim/install/rm_auto_aim/share/rm_auto_aim/local_setup.sh
-- Symlinking: /home/lin/auto-aim/install/rm_auto_aim/share/rm_auto_aim/local_setup.zsh
-- Symlinking: /home/lin/auto-aim/install/rm_auto_aim/share/rm_auto_aim/local_setup.dsv
-- Symlinking: /home/lin/auto-aim/install/rm_auto_aim/share/rm_auto_aim/package.dsv
-- Symlinking: /home/lin/auto-aim/install/rm_auto_aim/share/ament_index/resource_index/packages/rm_auto_aim
-- Symlinking: /home/lin/auto-aim/install/rm_auto_aim/share/rm_auto_aim/cmake/ament_cmake_export_include_directories-extras.cmake
-- Symlinking: /home/lin/auto-aim/install/rm_auto_aim/share/rm_auto_aim/cmake/ament_cmake_export_libraries-extras.cmake
-- Symlinking: /home/lin/auto-aim/install/rm_auto_aim/share/rm_auto_aim/cmake/ament_cmake_export_dependencies-extras.cmake
-- Symlinking: /home/lin/auto-aim/install/rm_auto_aim/share/rm_auto_aim/cmake/rm_auto_aimConfig.cmake
-- Symlinking: /home/lin/auto-aim/install/rm_auto_aim/share/rm_auto_aim/cmake/rm_auto_aimConfig-version.cmake
-- Symlinking: /home/lin/auto-aim/install/rm_auto_aim/share/rm_auto_aim/package.xml
-- Installing: /home/lin/auto-aim/install/rm_auto_aim/lib/rm_auto_aim/libarmor_detector.so
-- Set runtime path of "/home/lin/auto-aim/install/rm_auto_aim/lib/rm_auto_aim/libarmor_detector.so" to ""
