[0.013s] Invoking command in '/home/lin/auto-aim/build/rm_auto_aim': AMENT_PREFIX_PATH=/home/lin/auto-aim/install/rm_interfaces:${AMENT_PREFIX_PATH} CMAKE_PREFIX_PATH=/home/lin/auto-aim/install/rm_interfaces:/opt/ros/humble LD_LIBRARY_PATH=/home/lin/auto-aim/install/rm_interfaces/lib:/opt/MVS/lib/64:/opt/MVS/lib/32:/opt/ros/humble/opt/rviz_ogre_vendor/lib:/opt/ros/humble/lib/x86_64-linux-gnu:/opt/ros/humble/lib:/opt/MVS/lib/64:/opt/MVS/lib/32:/opt/MVS/lib/64:/opt/MVS/lib/32 PYTHONPATH=/home/lin/auto-aim/install/rm_interfaces/local/lib/python3.10/dist-packages:${PYTHONPATH} /usr/bin/cmake --build /home/lin/auto-aim/build/rm_auto_aim -- -j8 -l8
[0.034s] -- Found ament_cmake: 1.3.12 (/opt/ros/humble/share/ament_cmake/cmake)
[0.116s] -- Override CMake install command with custom implementation using symlinks instead of copying resources
[0.124s] -- Found rclcpp: 16.0.16 (/opt/ros/humble/share/rclcpp/cmake)
[0.143s] -- Found rosidl_generator_c: 3.1.7 (/opt/ros/humble/share/rosidl_generator_c/cmake)
[0.144s] -- Found rosidl_adapter: 3.1.7 (/opt/ros/humble/share/rosidl_adapter/cmake)
[0.148s] -- Found rosidl_generator_cpp: 3.1.7 (/opt/ros/humble/share/rosidl_generator_cpp/cmake)
[0.152s] -- Using all available rosidl_typesupport_c: rosidl_typesupport_fastrtps_c;rosidl_typesupport_introspection_c
[0.158s] -- Using all available rosidl_typesupport_cpp: rosidl_typesupport_fastrtps_cpp;rosidl_typesupport_introspection_cpp
[0.174s] -- Found rmw_implementation_cmake: 6.1.2 (/opt/ros/humble/share/rmw_implementation_cmake/cmake)
[0.174s] -- Found rmw_fastrtps_cpp: 6.2.9 (/opt/ros/humble/share/rmw_fastrtps_cpp/cmake)
[0.282s] -- Using RMW implementation 'rmw_fastrtps_cpp' as default
[0.317s] -- Found rclcpp_components: 16.0.16 (/opt/ros/humble/share/rclcpp_components/cmake)
[0.333s] -- Found sensor_msgs: 4.9.0 (/opt/ros/humble/share/sensor_msgs/cmake)
[0.347s] -- Found image_transport: 3.1.12 (/opt/ros/humble/share/image_transport/cmake)
[0.364s] -- Found cv_bridge: 3.2.1 (/opt/ros/humble/share/cv_bridge/cmake)
[0.368s] -- Found rm_interfaces: 1.0.0 (/home/lin/auto-aim/install/rm_interfaces/share/rm_interfaces/cmake)
[0.382s] -- Found OpenCV: /usr (found suitable version "4.5.4", minimum required is "4") found components: core imgproc highgui imgcodecs 
[0.472s] -- Configuring done
[0.490s] -- Generating done
[0.496s] -- Build files have been written to: /home/lin/auto-aim/build/rm_auto_aim
[0.529s] [35m[1mConsolidate compiler generated dependencies of target armor_detector[0m
[0.547s] [ 33%] [32mBuilding CXX object CMakeFiles/armor_detector.dir/src/detector/pnp_solver.cpp.o[0m
[0.548s] [ 66%] [32mBuilding CXX object CMakeFiles/armor_detector.dir/src/detector/detector.cpp.o[0m
[1.690s] [100%] [32m[1mLinking CXX shared library libarmor_detector.so[0m
[2.305s] [100%] Built target armor_detector
[2.322s] Invoked command in '/home/lin/auto-aim/build/rm_auto_aim' returned '0': AMENT_PREFIX_PATH=/home/lin/auto-aim/install/rm_interfaces:${AMENT_PREFIX_PATH} CMAKE_PREFIX_PATH=/home/lin/auto-aim/install/rm_interfaces:/opt/ros/humble LD_LIBRARY_PATH=/home/lin/auto-aim/install/rm_interfaces/lib:/opt/MVS/lib/64:/opt/MVS/lib/32:/opt/ros/humble/opt/rviz_ogre_vendor/lib:/opt/ros/humble/lib/x86_64-linux-gnu:/opt/ros/humble/lib:/opt/MVS/lib/64:/opt/MVS/lib/32:/opt/MVS/lib/64:/opt/MVS/lib/32 PYTHONPATH=/home/lin/auto-aim/install/rm_interfaces/local/lib/python3.10/dist-packages:${PYTHONPATH} /usr/bin/cmake --build /home/lin/auto-aim/build/rm_auto_aim -- -j8 -l8
[2.324s] Invoking command in '/home/lin/auto-aim/build/rm_auto_aim': AMENT_PREFIX_PATH=/home/lin/auto-aim/install/rm_interfaces:${AMENT_PREFIX_PATH} CMAKE_PREFIX_PATH=/home/lin/auto-aim/install/rm_interfaces:/opt/ros/humble LD_LIBRARY_PATH=/home/lin/auto-aim/install/rm_interfaces/lib:/opt/MVS/lib/64:/opt/MVS/lib/32:/opt/ros/humble/opt/rviz_ogre_vendor/lib:/opt/ros/humble/lib/x86_64-linux-gnu:/opt/ros/humble/lib:/opt/MVS/lib/64:/opt/MVS/lib/32:/opt/MVS/lib/64:/opt/MVS/lib/32 PYTHONPATH=/home/lin/auto-aim/install/rm_interfaces/local/lib/python3.10/dist-packages:${PYTHONPATH} /usr/bin/cmake --install /home/lin/auto-aim/build/rm_auto_aim
[2.335s] -- Install configuration: ""
[2.335s] -- Execute custom install script
[2.335s] -- Symlinking: /home/lin/auto-aim/install/rm_auto_aim/include/rm_auto_aim/rm_auto_aim/detector/armor_detector_node.hpp
[2.344s] -- Symlinking: /home/lin/auto-aim/install/rm_auto_aim/include/rm_auto_aim/rm_auto_aim/detector/detector.hpp
[2.358s] -- Symlinking: /home/lin/auto-aim/install/rm_auto_aim/include/rm_auto_aim/rm_auto_aim/detector/pnp_solver.hpp
[2.370s] -- Symlinking: /home/lin/auto-aim/install/rm_auto_aim/include/rm_auto_aim/rm_auto_aim/detector/types.hpp
[2.382s] -- Symlinking: /home/lin/auto-aim/install/rm_auto_aim/include/rm_auto_aim/rm_auto_aim/solver/armor_solver_node.hpp
[2.393s] -- Symlinking: /home/lin/auto-aim/install/rm_auto_aim/include/rm_auto_aim/rm_auto_aim/solver/armor_tracker.hpp
[2.404s] -- Symlinking: /home/lin/auto-aim/install/rm_auto_aim/include/rm_auto_aim/rm_auto_aim/solver/utils/extended_kalman_filter.hpp
[2.413s] -- Symlinking: /home/lin/auto-aim/install/rm_auto_aim/include/rm_auto_aim/rm_auto_aim/solver/utils/trajectory_compensator.hpp
[2.422s] -- Symlinking: /home/lin/auto-aim/install/rm_auto_aim/share/rm_auto_aim/environment/library_path.sh
[2.429s] -- Symlinking: /home/lin/auto-aim/install/rm_auto_aim/share/rm_auto_aim/environment/library_path.dsv
[2.435s] -- Symlinking: /home/lin/auto-aim/install/rm_auto_aim/share/ament_index/resource_index/package_run_dependencies/rm_auto_aim
[2.441s] -- Symlinking: /home/lin/auto-aim/install/rm_auto_aim/share/ament_index/resource_index/parent_prefix_path/rm_auto_aim
[2.452s] -- Symlinking: /home/lin/auto-aim/install/rm_auto_aim/share/rm_auto_aim/environment/ament_prefix_path.sh
[2.464s] -- Symlinking: /home/lin/auto-aim/install/rm_auto_aim/share/rm_auto_aim/environment/ament_prefix_path.dsv
[2.470s] -- Symlinking: /home/lin/auto-aim/install/rm_auto_aim/share/rm_auto_aim/environment/path.sh
[2.478s] -- Symlinking: /home/lin/auto-aim/install/rm_auto_aim/share/rm_auto_aim/environment/path.dsv
[2.490s] -- Symlinking: /home/lin/auto-aim/install/rm_auto_aim/share/rm_auto_aim/local_setup.bash
[2.497s] -- Symlinking: /home/lin/auto-aim/install/rm_auto_aim/share/rm_auto_aim/local_setup.sh
[2.511s] -- Symlinking: /home/lin/auto-aim/install/rm_auto_aim/share/rm_auto_aim/local_setup.zsh
[2.520s] -- Symlinking: /home/lin/auto-aim/install/rm_auto_aim/share/rm_auto_aim/local_setup.dsv
[2.530s] -- Symlinking: /home/lin/auto-aim/install/rm_auto_aim/share/rm_auto_aim/package.dsv
[2.539s] -- Symlinking: /home/lin/auto-aim/install/rm_auto_aim/share/ament_index/resource_index/packages/rm_auto_aim
[2.550s] -- Symlinking: /home/lin/auto-aim/install/rm_auto_aim/share/rm_auto_aim/cmake/ament_cmake_export_include_directories-extras.cmake
[2.564s] -- Symlinking: /home/lin/auto-aim/install/rm_auto_aim/share/rm_auto_aim/cmake/ament_cmake_export_libraries-extras.cmake
[2.575s] -- Symlinking: /home/lin/auto-aim/install/rm_auto_aim/share/rm_auto_aim/cmake/ament_cmake_export_dependencies-extras.cmake
[2.584s] -- Symlinking: /home/lin/auto-aim/install/rm_auto_aim/share/rm_auto_aim/cmake/rm_auto_aimConfig.cmake
[2.598s] -- Symlinking: /home/lin/auto-aim/install/rm_auto_aim/share/rm_auto_aim/cmake/rm_auto_aimConfig-version.cmake
[2.609s] -- Symlinking: /home/lin/auto-aim/install/rm_auto_aim/share/rm_auto_aim/package.xml
[2.620s] -- Installing: /home/lin/auto-aim/install/rm_auto_aim/lib/rm_auto_aim/libarmor_detector.so
[2.621s] -- Set runtime path of "/home/lin/auto-aim/install/rm_auto_aim/lib/rm_auto_aim/libarmor_detector.so" to ""
[2.624s] Invoked command in '/home/lin/auto-aim/build/rm_auto_aim' returned '0': AMENT_PREFIX_PATH=/home/lin/auto-aim/install/rm_interfaces:${AMENT_PREFIX_PATH} CMAKE_PREFIX_PATH=/home/lin/auto-aim/install/rm_interfaces:/opt/ros/humble LD_LIBRARY_PATH=/home/lin/auto-aim/install/rm_interfaces/lib:/opt/MVS/lib/64:/opt/MVS/lib/32:/opt/ros/humble/opt/rviz_ogre_vendor/lib:/opt/ros/humble/lib/x86_64-linux-gnu:/opt/ros/humble/lib:/opt/MVS/lib/64:/opt/MVS/lib/32:/opt/MVS/lib/64:/opt/MVS/lib/32 PYTHONPATH=/home/lin/auto-aim/install/rm_interfaces/local/lib/python3.10/dist-packages:${PYTHONPATH} /usr/bin/cmake --install /home/lin/auto-aim/build/rm_auto_aim
