-- The C compiler identification is GNU 11.4.0
-- The CXX compiler identification is GNU 11.4.0
-- Detecting C compiler ABI info
-- Detecting C compiler ABI info - done
-- Check for working C compiler: /usr/bin/cc - skipped
-- Detecting C compile features
-- Detecting C compile features - done
-- Detecting CXX compiler ABI info
-- Detecting CXX compiler ABI info - done
-- Check for working CXX compiler: /usr/bin/c++ - skipped
-- Detecting CXX compile features
-- Detecting CXX compile features - done
-- Found ament_cmake: 1.3.12 (/opt/ros/humble/share/ament_cmake/cmake)
-- Found Python3: /usr/bin/python3 (found version "3.10.12") found components: Interpreter 
-- Override CMake install command with custom implementation using symlinks instead of copying resources
-- Configuring done
-- Generating done
-- Build files have been written to: /home/lin/auto-aim/build/rm_bringup
-- Install configuration: ""
-- Execute custom install script
-- Symlinking: /home/lin/auto-aim/install/rm_bringup/share/rm_bringup/launch/bringup.launch.py
-- Symlinking: /home/lin/auto-aim/install/rm_bringup/share/rm_bringup/config/launch_params.yaml
-- Symlinking: /home/lin/auto-aim/install/rm_bringup/share/rm_bringup/config/node_params/armor_detector_params.yaml
-- Symlinking: /home/lin/auto-aim/install/rm_bringup/share/rm_bringup/config/node_params/armor_solver_params.yaml
-- Symlinking: /home/lin/auto-aim/install/rm_bringup/share/rm_bringup/config/node_params/camera_driver_params.yaml
-- Symlinking: /home/lin/auto-aim/install/rm_bringup/share/rm_bringup/config/node_params/serial_driver_params.yaml
-- Symlinking: /home/lin/auto-aim/install/rm_bringup/share/ament_index/resource_index/package_run_dependencies/rm_bringup
-- Symlinking: /home/lin/auto-aim/install/rm_bringup/share/ament_index/resource_index/parent_prefix_path/rm_bringup
-- Symlinking: /home/lin/auto-aim/install/rm_bringup/share/rm_bringup/environment/ament_prefix_path.sh
-- Symlinking: /home/lin/auto-aim/install/rm_bringup/share/rm_bringup/environment/ament_prefix_path.dsv
-- Symlinking: /home/lin/auto-aim/install/rm_bringup/share/rm_bringup/environment/path.sh
-- Symlinking: /home/lin/auto-aim/install/rm_bringup/share/rm_bringup/environment/path.dsv
-- Symlinking: /home/lin/auto-aim/install/rm_bringup/share/rm_bringup/local_setup.bash
-- Symlinking: /home/lin/auto-aim/install/rm_bringup/share/rm_bringup/local_setup.sh
-- Symlinking: /home/lin/auto-aim/install/rm_bringup/share/rm_bringup/local_setup.zsh
-- Symlinking: /home/lin/auto-aim/install/rm_bringup/share/rm_bringup/local_setup.dsv
-- Symlinking: /home/lin/auto-aim/install/rm_bringup/share/rm_bringup/package.dsv
-- Symlinking: /home/lin/auto-aim/install/rm_bringup/share/ament_index/resource_index/packages/rm_bringup
-- Symlinking: /home/lin/auto-aim/install/rm_bringup/share/rm_bringup/cmake/rm_bringupConfig.cmake
-- Symlinking: /home/lin/auto-aim/install/rm_bringup/share/rm_bringup/cmake/rm_bringupConfig-version.cmake
-- Symlinking: /home/lin/auto-aim/install/rm_bringup/share/rm_bringup/package.xml
