[0.017s] Invoking command in '/home/lin/auto-aim/build/rm_bringup': AMENT_PREFIX_PATH=/home/lin/auto-aim/install/rm_hardware_driver:/home/lin/auto-aim/install/rm_auto_aim:/home/lin/auto-aim/install/rm_interfaces:${AMENT_PREFIX_PATH} CMAKE_PREFIX_PATH=/home/lin/auto-aim/install/rm_hardware_driver:/home/lin/auto-aim/install/rm_auto_aim:/home/lin/auto-aim/install/rm_interfaces:/opt/ros/humble LD_LIBRARY_PATH=/home/lin/auto-aim/install/rm_hardware_driver/lib:/home/lin/auto-aim/install/rm_auto_aim/lib:/home/lin/auto-aim/install/rm_interfaces/lib:/opt/MVS/lib/64:/opt/MVS/lib/32:/opt/ros/humble/opt/rviz_ogre_vendor/lib:/opt/ros/humble/lib/x86_64-linux-gnu:/opt/ros/humble/lib:/opt/MVS/lib/64:/opt/MVS/lib/32:/opt/MVS/lib/64:/opt/MVS/lib/32 PYTHONPATH=/home/lin/auto-aim/install/rm_interfaces/local/lib/python3.10/dist-packages:${PYTHONPATH} /usr/bin/cmake /home/lin/auto-aim/src/rm_bringup -DAMENT_CMAKE_SYMLINK_INSTALL=1 -DCMAKE_INSTALL_PREFIX=/home/lin/auto-aim/install/rm_bringup
[0.078s] -- The C compiler identification is GNU 11.4.0
[0.144s] -- The CXX compiler identification is GNU 11.4.0
[0.152s] -- Detecting C compiler ABI info
[0.231s] -- Detecting C compiler ABI info - done
[0.235s] -- Check for working C compiler: /usr/bin/cc - skipped
[0.235s] -- Detecting C compile features
[0.235s] -- Detecting C compile features - done
[0.237s] -- Detecting CXX compiler ABI info
[0.328s] -- Detecting CXX compiler ABI info - done
[0.333s] -- Check for working CXX compiler: /usr/bin/c++ - skipped
[0.334s] -- Detecting CXX compile features
[0.334s] -- Detecting CXX compile features - done
[0.338s] -- Found ament_cmake: 1.3.12 (/opt/ros/humble/share/ament_cmake/cmake)
[0.474s] -- Found Python3: /usr/bin/python3 (found version "3.10.12") found components: Interpreter 
[0.540s] -- Override CMake install command with custom implementation using symlinks instead of copying resources
[0.640s] -- Configuring done
[0.642s] -- Generating done
[0.644s] -- Build files have been written to: /home/lin/auto-aim/build/rm_bringup
[0.650s] Invoked command in '/home/lin/auto-aim/build/rm_bringup' returned '0': AMENT_PREFIX_PATH=/home/lin/auto-aim/install/rm_hardware_driver:/home/lin/auto-aim/install/rm_auto_aim:/home/lin/auto-aim/install/rm_interfaces:${AMENT_PREFIX_PATH} CMAKE_PREFIX_PATH=/home/lin/auto-aim/install/rm_hardware_driver:/home/lin/auto-aim/install/rm_auto_aim:/home/lin/auto-aim/install/rm_interfaces:/opt/ros/humble LD_LIBRARY_PATH=/home/lin/auto-aim/install/rm_hardware_driver/lib:/home/lin/auto-aim/install/rm_auto_aim/lib:/home/lin/auto-aim/install/rm_interfaces/lib:/opt/MVS/lib/64:/opt/MVS/lib/32:/opt/ros/humble/opt/rviz_ogre_vendor/lib:/opt/ros/humble/lib/x86_64-linux-gnu:/opt/ros/humble/lib:/opt/MVS/lib/64:/opt/MVS/lib/32:/opt/MVS/lib/64:/opt/MVS/lib/32 PYTHONPATH=/home/lin/auto-aim/install/rm_interfaces/local/lib/python3.10/dist-packages:${PYTHONPATH} /usr/bin/cmake /home/lin/auto-aim/src/rm_bringup -DAMENT_CMAKE_SYMLINK_INSTALL=1 -DCMAKE_INSTALL_PREFIX=/home/lin/auto-aim/install/rm_bringup
[0.652s] Invoking command in '/home/lin/auto-aim/build/rm_bringup': AMENT_PREFIX_PATH=/home/lin/auto-aim/install/rm_hardware_driver:/home/lin/auto-aim/install/rm_auto_aim:/home/lin/auto-aim/install/rm_interfaces:${AMENT_PREFIX_PATH} CMAKE_PREFIX_PATH=/home/lin/auto-aim/install/rm_hardware_driver:/home/lin/auto-aim/install/rm_auto_aim:/home/lin/auto-aim/install/rm_interfaces:/opt/ros/humble LD_LIBRARY_PATH=/home/lin/auto-aim/install/rm_hardware_driver/lib:/home/lin/auto-aim/install/rm_auto_aim/lib:/home/lin/auto-aim/install/rm_interfaces/lib:/opt/MVS/lib/64:/opt/MVS/lib/32:/opt/ros/humble/opt/rviz_ogre_vendor/lib:/opt/ros/humble/lib/x86_64-linux-gnu:/opt/ros/humble/lib:/opt/MVS/lib/64:/opt/MVS/lib/32:/opt/MVS/lib/64:/opt/MVS/lib/32 PYTHONPATH=/home/lin/auto-aim/install/rm_interfaces/local/lib/python3.10/dist-packages:${PYTHONPATH} /usr/bin/cmake --build /home/lin/auto-aim/build/rm_bringup -- -j8 -l8
[0.713s] Invoked command in '/home/lin/auto-aim/build/rm_bringup' returned '0': AMENT_PREFIX_PATH=/home/lin/auto-aim/install/rm_hardware_driver:/home/lin/auto-aim/install/rm_auto_aim:/home/lin/auto-aim/install/rm_interfaces:${AMENT_PREFIX_PATH} CMAKE_PREFIX_PATH=/home/lin/auto-aim/install/rm_hardware_driver:/home/lin/auto-aim/install/rm_auto_aim:/home/lin/auto-aim/install/rm_interfaces:/opt/ros/humble LD_LIBRARY_PATH=/home/lin/auto-aim/install/rm_hardware_driver/lib:/home/lin/auto-aim/install/rm_auto_aim/lib:/home/lin/auto-aim/install/rm_interfaces/lib:/opt/MVS/lib/64:/opt/MVS/lib/32:/opt/ros/humble/opt/rviz_ogre_vendor/lib:/opt/ros/humble/lib/x86_64-linux-gnu:/opt/ros/humble/lib:/opt/MVS/lib/64:/opt/MVS/lib/32:/opt/MVS/lib/64:/opt/MVS/lib/32 PYTHONPATH=/home/lin/auto-aim/install/rm_interfaces/local/lib/python3.10/dist-packages:${PYTHONPATH} /usr/bin/cmake --build /home/lin/auto-aim/build/rm_bringup -- -j8 -l8
[0.715s] Invoking command in '/home/lin/auto-aim/build/rm_bringup': AMENT_PREFIX_PATH=/home/lin/auto-aim/install/rm_hardware_driver:/home/lin/auto-aim/install/rm_auto_aim:/home/lin/auto-aim/install/rm_interfaces:${AMENT_PREFIX_PATH} CMAKE_PREFIX_PATH=/home/lin/auto-aim/install/rm_hardware_driver:/home/lin/auto-aim/install/rm_auto_aim:/home/lin/auto-aim/install/rm_interfaces:/opt/ros/humble LD_LIBRARY_PATH=/home/lin/auto-aim/install/rm_hardware_driver/lib:/home/lin/auto-aim/install/rm_auto_aim/lib:/home/lin/auto-aim/install/rm_interfaces/lib:/opt/MVS/lib/64:/opt/MVS/lib/32:/opt/ros/humble/opt/rviz_ogre_vendor/lib:/opt/ros/humble/lib/x86_64-linux-gnu:/opt/ros/humble/lib:/opt/MVS/lib/64:/opt/MVS/lib/32:/opt/MVS/lib/64:/opt/MVS/lib/32 PYTHONPATH=/home/lin/auto-aim/install/rm_interfaces/local/lib/python3.10/dist-packages:${PYTHONPATH} /usr/bin/cmake --install /home/lin/auto-aim/build/rm_bringup
[0.727s] -- Install configuration: ""
[0.727s] -- Execute custom install script
[0.727s] -- Symlinking: /home/lin/auto-aim/install/rm_bringup/share/rm_bringup/launch/bringup.launch.py
[0.738s] -- Symlinking: /home/lin/auto-aim/install/rm_bringup/share/rm_bringup/config/launch_params.yaml
[0.753s] -- Symlinking: /home/lin/auto-aim/install/rm_bringup/share/rm_bringup/config/node_params/armor_detector_params.yaml
[0.765s] -- Symlinking: /home/lin/auto-aim/install/rm_bringup/share/rm_bringup/config/node_params/armor_solver_params.yaml
[0.771s] -- Symlinking: /home/lin/auto-aim/install/rm_bringup/share/rm_bringup/config/node_params/camera_driver_params.yaml
[0.785s] -- Symlinking: /home/lin/auto-aim/install/rm_bringup/share/rm_bringup/config/node_params/serial_driver_params.yaml
[0.798s] -- Symlinking: /home/lin/auto-aim/install/rm_bringup/share/ament_index/resource_index/package_run_dependencies/rm_bringup
[0.808s] -- Symlinking: /home/lin/auto-aim/install/rm_bringup/share/ament_index/resource_index/parent_prefix_path/rm_bringup
[0.818s] -- Symlinking: /home/lin/auto-aim/install/rm_bringup/share/rm_bringup/environment/ament_prefix_path.sh
[0.826s] -- Symlinking: /home/lin/auto-aim/install/rm_bringup/share/rm_bringup/environment/ament_prefix_path.dsv
[0.840s] -- Symlinking: /home/lin/auto-aim/install/rm_bringup/share/rm_bringup/environment/path.sh
[0.851s] -- Symlinking: /home/lin/auto-aim/install/rm_bringup/share/rm_bringup/environment/path.dsv
[0.862s] -- Symlinking: /home/lin/auto-aim/install/rm_bringup/share/rm_bringup/local_setup.bash
[0.872s] -- Symlinking: /home/lin/auto-aim/install/rm_bringup/share/rm_bringup/local_setup.sh
[0.884s] -- Symlinking: /home/lin/auto-aim/install/rm_bringup/share/rm_bringup/local_setup.zsh
[0.899s] -- Symlinking: /home/lin/auto-aim/install/rm_bringup/share/rm_bringup/local_setup.dsv
[0.911s] -- Symlinking: /home/lin/auto-aim/install/rm_bringup/share/rm_bringup/package.dsv
[0.924s] -- Symlinking: /home/lin/auto-aim/install/rm_bringup/share/ament_index/resource_index/packages/rm_bringup
[0.932s] -- Symlinking: /home/lin/auto-aim/install/rm_bringup/share/rm_bringup/cmake/rm_bringupConfig.cmake
[0.945s] -- Symlinking: /home/lin/auto-aim/install/rm_bringup/share/rm_bringup/cmake/rm_bringupConfig-version.cmake
[0.952s] -- Symlinking: /home/lin/auto-aim/install/rm_bringup/share/rm_bringup/package.xml
[0.970s] Invoked command in '/home/lin/auto-aim/build/rm_bringup' returned '0': AMENT_PREFIX_PATH=/home/lin/auto-aim/install/rm_hardware_driver:/home/lin/auto-aim/install/rm_auto_aim:/home/lin/auto-aim/install/rm_interfaces:${AMENT_PREFIX_PATH} CMAKE_PREFIX_PATH=/home/lin/auto-aim/install/rm_hardware_driver:/home/lin/auto-aim/install/rm_auto_aim:/home/lin/auto-aim/install/rm_interfaces:/opt/ros/humble LD_LIBRARY_PATH=/home/lin/auto-aim/install/rm_hardware_driver/lib:/home/lin/auto-aim/install/rm_auto_aim/lib:/home/lin/auto-aim/install/rm_interfaces/lib:/opt/MVS/lib/64:/opt/MVS/lib/32:/opt/ros/humble/opt/rviz_ogre_vendor/lib:/opt/ros/humble/lib/x86_64-linux-gnu:/opt/ros/humble/lib:/opt/MVS/lib/64:/opt/MVS/lib/32:/opt/MVS/lib/64:/opt/MVS/lib/32 PYTHONPATH=/home/lin/auto-aim/install/rm_interfaces/local/lib/python3.10/dist-packages:${PYTHONPATH} /usr/bin/cmake --install /home/lin/auto-aim/build/rm_bringup
